2022-04-01 18:54:48.311 INFO  [acme.Launcher@main] Starting Launcher using Java 1.8.0_281 on DESKTOP-43OFS7U with PID 10096 (C:\Users\Jesus\Desktop\Workspace-22.0\Frameworks\Acme-Framework-22.3\target\classes started by Jesús in C:\Users\Jesus\Desktop\Workspace-22.0\Projects\Acme-Toolkits) 
2022-04-01 18:54:48.311 DEBUG [acme.Launcher@main] Running with Spring Boot v2.4.2, Spring v5.3.3 
2022-04-01 18:54:48.312 INFO  [acme.Launcher@main] The following profiles are active: development,default 
2022-04-01 18:54:49.600 DEBUG [org.apache.jasper.servlet.JasperInitializer@main] Initializing Jasper for context [application] 
2022-04-01 18:54:52.212 DEBUG [org.apache.jasper.servlet.JspServlet@main] Scratch dir for the JSP engine is: [C:\Users\Jesus\AppData\Local\Temp\tomcat.8080.5513477688882637253\work\Tomcat\localhost\acme-toolkits-22.3] 
2022-04-01 18:54:52.213 DEBUG [org.apache.jasper.servlet.JspServlet@main] IMPORTANT: Do not modify the generated servlets 
2022-04-01 18:54:52.219 INFO  [acme.Launcher@main] Started Launcher in 4.277 seconds (JVM running for 4.604) 
2022-04-01 18:54:52.222 DEBUG [acme.Launcher@main] Found classpath entry '/C:/Users/Jesus/Desktop/Workspace-22.0/Projects/Acme-Toolkits/target/test-classes/' 
2022-04-01 18:54:52.222 DEBUG [acme.Launcher@main] Found classpath entry '/C:/Users/Jesus/Desktop/Workspace-22.0/Projects/Acme-Toolkits/target/classes/' 
2022-04-01 18:54:52.223 DEBUG [acme.Launcher@main] Found classpath entry '/C:/Users/Jesus/Desktop/Workspace-22.0/Frameworks/Acme-Framework-22.3/target/classes/' 
2022-04-01 18:54:52.223 DEBUG [acme.Launcher@main] Found classpath entry '/C:/Users/Jesus/Desktop/Workspace-22.0/Frameworks/Acme-Framework-22.3/target/test-classes/' 
2022-04-01 18:54:52.223 DEBUG [acme.Launcher@main] Found classpath entry '/C:/Users/Jesus/.m2/repository/org/springframework/boot/spring-boot-starter-tomcat/2.4.2/spring-boot-starter-tomcat-2.4.2.jar' 
2022-04-01 18:54:52.223 DEBUG [acme.Launcher@main] Found classpath entry '/C:/Users/Jesus/.m2/repository/jakarta/annotation/jakarta.annotation-api/1.3.5/jakarta.annotation-api-1.3.5.jar' 
2022-04-01 18:54:52.223 DEBUG [acme.Launcher@main] Found classpath entry '/C:/Users/Jesus/.m2/repository/org/apache/tomcat/embed/tomcat-embed-core/9.0.41/tomcat-embed-core-9.0.41.jar' 
2022-04-01 18:54:52.223 DEBUG [acme.Launcher@main] Found classpath entry '/C:/Users/Jesus/.m2/repository/org/glassfish/jakarta.el/3.0.3/jakarta.el-3.0.3.jar' 
2022-04-01 18:54:52.223 DEBUG [acme.Launcher@main] Found classpath entry '/C:/Users/Jesus/.m2/repository/org/apache/tomcat/embed/tomcat-embed-websocket/9.0.41/tomcat-embed-websocket-9.0.41.jar' 
2022-04-01 18:54:52.223 DEBUG [acme.Launcher@main] Found classpath entry '/C:/Users/Jesus/.m2/repository/org/apache/tomcat/embed/tomcat-embed-jasper/9.0.41/tomcat-embed-jasper-9.0.41.jar' 
2022-04-01 18:54:52.223 DEBUG [acme.Launcher@main] Found classpath entry '/C:/Users/Jesus/.m2/repository/org/apache/tomcat/embed/tomcat-embed-el/9.0.41/tomcat-embed-el-9.0.41.jar' 
2022-04-01 18:54:52.224 DEBUG [acme.Launcher@main] Found classpath entry '/C:/Users/Jesus/.m2/repository/org/eclipse/jdt/ecj/3.18.0/ecj-3.18.0.jar' 
2022-04-01 18:54:52.224 DEBUG [acme.Launcher@main] Found classpath entry '/C:/Users/Jesus/.m2/repository/javax/servlet/jstl/1.2/jstl-1.2.jar' 
2022-04-01 18:54:52.224 DEBUG [acme.Launcher@main] Found classpath entry '/C:/Users/Jesus/.m2/repository/org/springframework/boot/spring-boot-starter-test/2.4.2/spring-boot-starter-test-2.4.2.jar' 
2022-04-01 18:54:52.224 DEBUG [acme.Launcher@main] Found classpath entry '/C:/Users/Jesus/.m2/repository/org/springframework/boot/spring-boot-starter/2.4.2/spring-boot-starter-2.4.2.jar' 
2022-04-01 18:54:52.224 DEBUG [acme.Launcher@main] Found classpath entry '/C:/Users/Jesus/.m2/repository/org/springframework/boot/spring-boot/2.4.2/spring-boot-2.4.2.jar' 
2022-04-01 18:54:52.224 DEBUG [acme.Launcher@main] Found classpath entry '/C:/Users/Jesus/.m2/repository/org/springframework/boot/spring-boot-autoconfigure/2.4.2/spring-boot-autoconfigure-2.4.2.jar' 
2022-04-01 18:54:52.224 DEBUG [acme.Launcher@main] Found classpath entry '/C:/Users/Jesus/.m2/repository/org/springframework/boot/spring-boot-starter-logging/2.4.2/spring-boot-starter-logging-2.4.2.jar' 
2022-04-01 18:54:52.224 DEBUG [acme.Launcher@main] Found classpath entry '/C:/Users/Jesus/.m2/repository/ch/qos/logback/logback-classic/1.2.3/logback-classic-1.2.3.jar' 
2022-04-01 18:54:52.224 DEBUG [acme.Launcher@main] Found classpath entry '/C:/Users/Jesus/.m2/repository/ch/qos/logback/logback-core/1.2.3/logback-core-1.2.3.jar' 
2022-04-01 18:54:52.225 DEBUG [acme.Launcher@main] Found classpath entry '/C:/Users/Jesus/.m2/repository/org/apache/logging/log4j/log4j-to-slf4j/2.13.3/log4j-to-slf4j-2.13.3.jar' 
2022-04-01 18:54:52.225 DEBUG [acme.Launcher@main] Found classpath entry '/C:/Users/Jesus/.m2/repository/org/apache/logging/log4j/log4j-api/2.13.3/log4j-api-2.13.3.jar' 
2022-04-01 18:54:52.225 DEBUG [acme.Launcher@main] Found classpath entry '/C:/Users/Jesus/.m2/repository/org/slf4j/jul-to-slf4j/1.7.30/jul-to-slf4j-1.7.30.jar' 
2022-04-01 18:54:52.225 DEBUG [acme.Launcher@main] Found classpath entry '/C:/Users/Jesus/.m2/repository/org/yaml/snakeyaml/1.27/snakeyaml-1.27.jar' 
2022-04-01 18:54:52.225 DEBUG [acme.Launcher@main] Found classpath entry '/C:/Users/Jesus/.m2/repository/org/springframework/boot/spring-boot-test/2.4.2/spring-boot-test-2.4.2.jar' 
2022-04-01 18:54:52.225 DEBUG [acme.Launcher@main] Found classpath entry '/C:/Users/Jesus/.m2/repository/org/springframework/boot/spring-boot-test-autoconfigure/2.4.2/spring-boot-test-autoconfigure-2.4.2.jar' 
2022-04-01 18:54:52.225 DEBUG [acme.Launcher@main] Found classpath entry '/C:/Users/Jesus/.m2/repository/com/jayway/jsonpath/json-path/2.4.0/json-path-2.4.0.jar' 
2022-04-01 18:54:52.225 DEBUG [acme.Launcher@main] Found classpath entry '/C:/Users/Jesus/.m2/repository/net/minidev/json-smart/2.3/json-smart-2.3.jar' 
2022-04-01 18:54:52.225 DEBUG [acme.Launcher@main] Found classpath entry '/C:/Users/Jesus/.m2/repository/net/minidev/accessors-smart/1.2/accessors-smart-1.2.jar' 
2022-04-01 18:54:52.225 DEBUG [acme.Launcher@main] Found classpath entry '/C:/Users/Jesus/.m2/repository/org/ow2/asm/asm/5.0.4/asm-5.0.4.jar' 
2022-04-01 18:54:52.226 DEBUG [acme.Launcher@main] Found classpath entry '/C:/Users/Jesus/.m2/repository/jakarta/xml/bind/jakarta.xml.bind-api/2.3.3/jakarta.xml.bind-api-2.3.3.jar' 
2022-04-01 18:54:52.226 DEBUG [acme.Launcher@main] Found classpath entry '/C:/Users/Jesus/.m2/repository/jakarta/activation/jakarta.activation-api/1.2.2/jakarta.activation-api-1.2.2.jar' 
2022-04-01 18:54:52.226 DEBUG [acme.Launcher@main] Found classpath entry '/C:/Users/Jesus/.m2/repository/org/assertj/assertj-core/3.18.1/assertj-core-3.18.1.jar' 
2022-04-01 18:54:52.226 DEBUG [acme.Launcher@main] Found classpath entry '/C:/Users/Jesus/.m2/repository/org/hamcrest/hamcrest/2.2/hamcrest-2.2.jar' 
2022-04-01 18:54:52.226 DEBUG [acme.Launcher@main] Found classpath entry '/C:/Users/Jesus/.m2/repository/org/junit/jupiter/junit-jupiter/5.7.0/junit-jupiter-5.7.0.jar' 
2022-04-01 18:54:52.226 DEBUG [acme.Launcher@main] Found classpath entry '/C:/Users/Jesus/.m2/repository/org/mockito/mockito-core/3.6.28/mockito-core-3.6.28.jar' 
2022-04-01 18:54:52.226 DEBUG [acme.Launcher@main] Found classpath entry '/C:/Users/Jesus/.m2/repository/net/bytebuddy/byte-buddy-agent/1.10.19/byte-buddy-agent-1.10.19.jar' 
2022-04-01 18:54:52.226 DEBUG [acme.Launcher@main] Found classpath entry '/C:/Users/Jesus/.m2/repository/org/objenesis/objenesis/3.1/objenesis-3.1.jar' 
2022-04-01 18:54:52.226 DEBUG [acme.Launcher@main] Found classpath entry '/C:/Users/Jesus/.m2/repository/org/mockito/mockito-junit-jupiter/3.6.28/mockito-junit-jupiter-3.6.28.jar' 
2022-04-01 18:54:52.226 DEBUG [acme.Launcher@main] Found classpath entry '/C:/Users/Jesus/.m2/repository/org/skyscreamer/jsonassert/1.5.0/jsonassert-1.5.0.jar' 
2022-04-01 18:54:52.226 DEBUG [acme.Launcher@main] Found classpath entry '/C:/Users/Jesus/.m2/repository/com/vaadin/external/google/android-json/0.0.20131108.vaadin1/android-json-0.0.20131108.vaadin1.jar' 
2022-04-01 18:54:52.227 DEBUG [acme.Launcher@main] Found classpath entry '/C:/Users/Jesus/.m2/repository/org/springframework/spring-core/5.3.3/spring-core-5.3.3.jar' 
2022-04-01 18:54:52.227 DEBUG [acme.Launcher@main] Found classpath entry '/C:/Users/Jesus/.m2/repository/org/springframework/spring-jcl/5.3.3/spring-jcl-5.3.3.jar' 
2022-04-01 18:54:52.227 DEBUG [acme.Launcher@main] Found classpath entry '/C:/Users/Jesus/.m2/repository/org/springframework/spring-test/5.3.3/spring-test-5.3.3.jar' 
2022-04-01 18:54:52.227 DEBUG [acme.Launcher@main] Found classpath entry '/C:/Users/Jesus/.m2/repository/org/xmlunit/xmlunit-core/2.7.0/xmlunit-core-2.7.0.jar' 
2022-04-01 18:54:52.227 DEBUG [acme.Launcher@main] Found classpath entry '/C:/Users/Jesus/.m2/repository/org/springframework/boot/spring-boot-starter-security/2.4.2/spring-boot-starter-security-2.4.2.jar' 
2022-04-01 18:54:52.227 DEBUG [acme.Launcher@main] Found classpath entry '/C:/Users/Jesus/.m2/repository/org/springframework/spring-aop/5.3.3/spring-aop-5.3.3.jar' 
2022-04-01 18:54:52.227 DEBUG [acme.Launcher@main] Found classpath entry '/C:/Users/Jesus/.m2/repository/org/springframework/security/spring-security-web/5.4.2/spring-security-web-5.4.2.jar' 
2022-04-01 18:54:52.227 DEBUG [acme.Launcher@main] Found classpath entry '/C:/Users/Jesus/.m2/repository/org/springframework/security/spring-security-core/5.4.2/spring-security-core-5.4.2.jar' 
2022-04-01 18:54:52.228 DEBUG [acme.Launcher@main] Found classpath entry '/C:/Users/Jesus/.m2/repository/org/springframework/spring-beans/5.3.3/spring-beans-5.3.3.jar' 
2022-04-01 18:54:52.228 DEBUG [acme.Launcher@main] Found classpath entry '/C:/Users/Jesus/.m2/repository/org/springframework/spring-context/5.3.3/spring-context-5.3.3.jar' 
2022-04-01 18:54:52.228 DEBUG [acme.Launcher@main] Found classpath entry '/C:/Users/Jesus/.m2/repository/org/springframework/spring-expression/5.3.3/spring-expression-5.3.3.jar' 
2022-04-01 18:54:52.228 DEBUG [acme.Launcher@main] Found classpath entry '/C:/Users/Jesus/.m2/repository/org/springframework/spring-web/5.3.3/spring-web-5.3.3.jar' 
2022-04-01 18:54:52.228 DEBUG [acme.Launcher@main] Found classpath entry '/C:/Users/Jesus/.m2/repository/org/springframework/security/spring-security-config/5.4.2/spring-security-config-5.4.2.jar' 
2022-04-01 18:54:52.228 DEBUG [acme.Launcher@main] Found classpath entry '/C:/Users/Jesus/.m2/repository/org/springframework/security/spring-security-taglibs/5.4.2/spring-security-taglibs-5.4.2.jar' 
2022-04-01 18:54:52.228 DEBUG [acme.Launcher@main] Found classpath entry '/C:/Users/Jesus/.m2/repository/org/springframework/security/spring-security-acl/5.4.2/spring-security-acl-5.4.2.jar' 
2022-04-01 18:54:52.228 DEBUG [acme.Launcher@main] Found classpath entry '/C:/Users/Jesus/.m2/repository/org/springframework/spring-jdbc/5.3.3/spring-jdbc-5.3.3.jar' 
2022-04-01 18:54:52.228 DEBUG [acme.Launcher@main] Found classpath entry '/C:/Users/Jesus/.m2/repository/org/springframework/spring-tx/5.3.3/spring-tx-5.3.3.jar' 
2022-04-01 18:54:52.228 DEBUG [acme.Launcher@main] Found classpath entry '/C:/Users/Jesus/.m2/repository/org/springframework/boot/spring-boot-starter-web/2.4.2/spring-boot-starter-web-2.4.2.jar' 
2022-04-01 18:54:52.228 DEBUG [acme.Launcher@main] Found classpath entry '/C:/Users/Jesus/.m2/repository/org/springframework/boot/spring-boot-starter-json/2.4.2/spring-boot-starter-json-2.4.2.jar' 
2022-04-01 18:54:52.229 DEBUG [acme.Launcher@main] Found classpath entry '/C:/Users/Jesus/.m2/repository/com/fasterxml/jackson/core/jackson-databind/2.11.4/jackson-databind-2.11.4.jar' 
2022-04-01 18:54:52.229 DEBUG [acme.Launcher@main] Found classpath entry '/C:/Users/Jesus/.m2/repository/com/fasterxml/jackson/core/jackson-annotations/2.11.4/jackson-annotations-2.11.4.jar' 
2022-04-01 18:54:52.229 DEBUG [acme.Launcher@main] Found classpath entry '/C:/Users/Jesus/.m2/repository/com/fasterxml/jackson/core/jackson-core/2.11.4/jackson-core-2.11.4.jar' 
2022-04-01 18:54:52.229 DEBUG [acme.Launcher@main] Found classpath entry '/C:/Users/Jesus/.m2/repository/com/fasterxml/jackson/datatype/jackson-datatype-jdk8/2.11.4/jackson-datatype-jdk8-2.11.4.jar' 
2022-04-01 18:54:52.229 DEBUG [acme.Launcher@main] Found classpath entry '/C:/Users/Jesus/.m2/repository/com/fasterxml/jackson/datatype/jackson-datatype-jsr310/2.11.4/jackson-datatype-jsr310-2.11.4.jar' 
2022-04-01 18:54:52.229 DEBUG [acme.Launcher@main] Found classpath entry '/C:/Users/Jesus/.m2/repository/com/fasterxml/jackson/module/jackson-module-parameter-names/2.11.4/jackson-module-parameter-names-2.11.4.jar' 
2022-04-01 18:54:52.229 DEBUG [acme.Launcher@main] Found classpath entry '/C:/Users/Jesus/.m2/repository/org/springframework/spring-webmvc/5.3.3/spring-webmvc-5.3.3.jar' 
2022-04-01 18:54:52.229 DEBUG [acme.Launcher@main] Found classpath entry '/C:/Users/Jesus/.m2/repository/org/apache/tiles/tiles-jsp/3.0.8/tiles-jsp-3.0.8.jar' 
2022-04-01 18:54:52.229 DEBUG [acme.Launcher@main] Found classpath entry '/C:/Users/Jesus/.m2/repository/org/apache/tiles/tiles-servlet/3.0.8/tiles-servlet-3.0.8.jar' 
2022-04-01 18:54:52.229 DEBUG [acme.Launcher@main] Found classpath entry '/C:/Users/Jesus/.m2/repository/org/apache/tiles/tiles-core/3.0.8/tiles-core-3.0.8.jar' 
2022-04-01 18:54:52.229 DEBUG [acme.Launcher@main] Found classpath entry '/C:/Users/Jesus/.m2/repository/commons-digester/commons-digester/2.0/commons-digester-2.0.jar' 
2022-04-01 18:54:52.229 DEBUG [acme.Launcher@main] Found classpath entry '/C:/Users/Jesus/.m2/repository/org/slf4j/jcl-over-slf4j/1.7.30/jcl-over-slf4j-1.7.30.jar' 
2022-04-01 18:54:52.230 DEBUG [acme.Launcher@main] Found classpath entry '/C:/Users/Jesus/.m2/repository/org/apache/tiles/tiles-request-servlet/1.0.7/tiles-request-servlet-1.0.7.jar' 
2022-04-01 18:54:52.230 DEBUG [acme.Launcher@main] Found classpath entry '/C:/Users/Jesus/.m2/repository/org/apache/tiles/tiles-template/3.0.8/tiles-template-3.0.8.jar' 
2022-04-01 18:54:52.230 DEBUG [acme.Launcher@main] Found classpath entry '/C:/Users/Jesus/.m2/repository/org/apache/tiles/tiles-api/3.0.8/tiles-api-3.0.8.jar' 
2022-04-01 18:54:52.230 DEBUG [acme.Launcher@main] Found classpath entry '/C:/Users/Jesus/.m2/repository/org/apache/tiles/tiles-autotag-core-runtime/1.2/tiles-autotag-core-runtime-1.2.jar' 
2022-04-01 18:54:52.230 DEBUG [acme.Launcher@main] Found classpath entry '/C:/Users/Jesus/.m2/repository/org/slf4j/slf4j-api/1.7.30/slf4j-api-1.7.30.jar' 
2022-04-01 18:54:52.230 DEBUG [acme.Launcher@main] Found classpath entry '/C:/Users/Jesus/.m2/repository/org/apache/tiles/tiles-request-jsp/1.0.7/tiles-request-jsp-1.0.7.jar' 
2022-04-01 18:54:52.230 DEBUG [acme.Launcher@main] Found classpath entry '/C:/Users/Jesus/.m2/repository/org/apache/tiles/tiles-request-api/1.0.7/tiles-request-api-1.0.7.jar' 
2022-04-01 18:54:52.230 DEBUG [acme.Launcher@main] Found classpath entry '/C:/Users/Jesus/.m2/repository/org/springframework/boot/spring-boot-starter-data-jpa/2.4.2/spring-boot-starter-data-jpa-2.4.2.jar' 
2022-04-01 18:54:52.230 DEBUG [acme.Launcher@main] Found classpath entry '/C:/Users/Jesus/.m2/repository/org/springframework/boot/spring-boot-starter-aop/2.4.2/spring-boot-starter-aop-2.4.2.jar' 
2022-04-01 18:54:52.230 DEBUG [acme.Launcher@main] Found classpath entry '/C:/Users/Jesus/.m2/repository/org/aspectj/aspectjweaver/1.9.6/aspectjweaver-1.9.6.jar' 
2022-04-01 18:54:52.230 DEBUG [acme.Launcher@main] Found classpath entry '/C:/Users/Jesus/.m2/repository/org/springframework/boot/spring-boot-starter-jdbc/2.4.2/spring-boot-starter-jdbc-2.4.2.jar' 
2022-04-01 18:54:52.230 DEBUG [acme.Launcher@main] Found classpath entry '/C:/Users/Jesus/.m2/repository/jakarta/transaction/jakarta.transaction-api/1.3.3/jakarta.transaction-api-1.3.3.jar' 
2022-04-01 18:54:52.230 DEBUG [acme.Launcher@main] Found classpath entry '/C:/Users/Jesus/.m2/repository/jakarta/persistence/jakarta.persistence-api/2.2.3/jakarta.persistence-api-2.2.3.jar' 
2022-04-01 18:54:52.231 DEBUG [acme.Launcher@main] Found classpath entry '/C:/Users/Jesus/.m2/repository/org/hibernate/hibernate-core/5.4.27.Final/hibernate-core-5.4.27.Final.jar' 
2022-04-01 18:54:52.231 DEBUG [acme.Launcher@main] Found classpath entry '/C:/Users/Jesus/.m2/repository/org/jboss/logging/jboss-logging/3.4.1.Final/jboss-logging-3.4.1.Final.jar' 
2022-04-01 18:54:52.231 DEBUG [acme.Launcher@main] Found classpath entry '/C:/Users/Jesus/.m2/repository/org/javassist/javassist/3.27.0-GA/javassist-3.27.0-GA.jar' 
2022-04-01 18:54:52.231 DEBUG [acme.Launcher@main] Found classpath entry '/C:/Users/Jesus/.m2/repository/antlr/antlr/2.7.7/antlr-2.7.7.jar' 
2022-04-01 18:54:52.231 DEBUG [acme.Launcher@main] Found classpath entry '/C:/Users/Jesus/.m2/repository/org/jboss/jandex/2.1.3.Final/jandex-2.1.3.Final.jar' 
2022-04-01 18:54:52.231 DEBUG [acme.Launcher@main] Found classpath entry '/C:/Users/Jesus/.m2/repository/com/fasterxml/classmate/1.5.1/classmate-1.5.1.jar' 
2022-04-01 18:54:52.231 DEBUG [acme.Launcher@main] Found classpath entry '/C:/Users/Jesus/.m2/repository/org/dom4j/dom4j/2.1.3/dom4j-2.1.3.jar' 
2022-04-01 18:54:52.231 DEBUG [acme.Launcher@main] Found classpath entry '/C:/Users/Jesus/.m2/repository/org/hibernate/common/hibernate-commons-annotations/5.1.2.Final/hibernate-commons-annotations-5.1.2.Final.jar' 
2022-04-01 18:54:52.231 DEBUG [acme.Launcher@main] Found classpath entry '/C:/Users/Jesus/.m2/repository/org/glassfish/jaxb/jaxb-runtime/2.3.3/jaxb-runtime-2.3.3.jar' 
2022-04-01 18:54:52.231 DEBUG [acme.Launcher@main] Found classpath entry '/C:/Users/Jesus/.m2/repository/org/glassfish/jaxb/txw2/2.3.3/txw2-2.3.3.jar' 
2022-04-01 18:54:52.231 DEBUG [acme.Launcher@main] Found classpath entry '/C:/Users/Jesus/.m2/repository/com/sun/istack/istack-commons-runtime/3.0.11/istack-commons-runtime-3.0.11.jar' 
2022-04-01 18:54:52.231 DEBUG [acme.Launcher@main] Found classpath entry '/C:/Users/Jesus/.m2/repository/com/sun/activation/jakarta.activation/1.2.2/jakarta.activation-1.2.2.jar' 
2022-04-01 18:54:52.232 DEBUG [acme.Launcher@main] Found classpath entry '/C:/Users/Jesus/.m2/repository/org/springframework/data/spring-data-jpa/2.4.3/spring-data-jpa-2.4.3.jar' 
2022-04-01 18:54:52.232 DEBUG [acme.Launcher@main] Found classpath entry '/C:/Users/Jesus/.m2/repository/org/springframework/data/spring-data-commons/2.4.3/spring-data-commons-2.4.3.jar' 
2022-04-01 18:54:52.232 DEBUG [acme.Launcher@main] Found classpath entry '/C:/Users/Jesus/.m2/repository/org/springframework/spring-orm/5.3.3/spring-orm-5.3.3.jar' 
2022-04-01 18:54:52.232 DEBUG [acme.Launcher@main] Found classpath entry '/C:/Users/Jesus/.m2/repository/org/springframework/spring-aspects/5.3.3/spring-aspects-5.3.3.jar' 
2022-04-01 18:54:52.232 DEBUG [acme.Launcher@main] Found classpath entry '/C:/Users/Jesus/.m2/repository/org/springframework/boot/spring-boot-starter-validation/2.4.2/spring-boot-starter-validation-2.4.2.jar' 
2022-04-01 18:54:52.232 DEBUG [acme.Launcher@main] Found classpath entry '/C:/Users/Jesus/.m2/repository/org/hibernate/validator/hibernate-validator/6.1.7.Final/hibernate-validator-6.1.7.Final.jar' 
2022-04-01 18:54:52.232 DEBUG [acme.Launcher@main] Found classpath entry '/C:/Users/Jesus/.m2/repository/jakarta/validation/jakarta.validation-api/2.0.2/jakarta.validation-api-2.0.2.jar' 
2022-04-01 18:54:52.232 DEBUG [acme.Launcher@main] Found classpath entry '/C:/Users/Jesus/.m2/repository/mysql/mysql-connector-java/8.0.22/mysql-connector-java-8.0.22.jar' 
2022-04-01 18:54:52.232 DEBUG [acme.Launcher@main] Found classpath entry '/C:/Users/Jesus/.m2/repository/com/zaxxer/HikariCP/3.4.5/HikariCP-3.4.5.jar' 
2022-04-01 18:54:52.232 DEBUG [acme.Launcher@main] Found classpath entry '/C:/Users/Jesus/.m2/repository/org/junit/jupiter/junit-jupiter-engine/5.7.0/junit-jupiter-engine-5.7.0.jar' 
2022-04-01 18:54:52.232 DEBUG [acme.Launcher@main] Found classpath entry '/C:/Users/Jesus/.m2/repository/org/apiguardian/apiguardian-api/1.1.0/apiguardian-api-1.1.0.jar' 
2022-04-01 18:54:52.232 DEBUG [acme.Launcher@main] Found classpath entry '/C:/Users/Jesus/.m2/repository/org/junit/platform/junit-platform-engine/1.7.0/junit-platform-engine-1.7.0.jar' 
2022-04-01 18:54:52.232 DEBUG [acme.Launcher@main] Found classpath entry '/C:/Users/Jesus/.m2/repository/org/junit/jupiter/junit-jupiter-api/5.7.0/junit-jupiter-api-5.7.0.jar' 
2022-04-01 18:54:52.232 DEBUG [acme.Launcher@main] Found classpath entry '/C:/Users/Jesus/.m2/repository/org/opentest4j/opentest4j/1.2.0/opentest4j-1.2.0.jar' 
2022-04-01 18:54:52.233 DEBUG [acme.Launcher@main] Found classpath entry '/C:/Users/Jesus/.m2/repository/org/junit/platform/junit-platform-commons/1.7.0/junit-platform-commons-1.7.0.jar' 
2022-04-01 18:54:52.233 DEBUG [acme.Launcher@main] Found classpath entry '/C:/Users/Jesus/.m2/repository/org/junit/jupiter/junit-jupiter-params/5.7.0/junit-jupiter-params-5.7.0.jar' 
2022-04-01 18:54:52.233 DEBUG [acme.Launcher@main] Found classpath entry '/C:/Users/Jesus/.m2/repository/org/junit/platform/junit-platform-launcher/1.7.0/junit-platform-launcher-1.7.0.jar' 
2022-04-01 18:54:52.233 DEBUG [acme.Launcher@main] Found classpath entry '/C:/Users/Jesus/.m2/repository/org/seleniumhq/selenium/selenium-java/3.141.59/selenium-java-3.141.59.jar' 
2022-04-01 18:54:52.233 DEBUG [acme.Launcher@main] Found classpath entry '/C:/Users/Jesus/.m2/repository/org/seleniumhq/selenium/selenium-api/3.141.59/selenium-api-3.141.59.jar' 
2022-04-01 18:54:52.233 DEBUG [acme.Launcher@main] Found classpath entry '/C:/Users/Jesus/.m2/repository/org/seleniumhq/selenium/selenium-chrome-driver/3.141.59/selenium-chrome-driver-3.141.59.jar' 
2022-04-01 18:54:52.233 DEBUG [acme.Launcher@main] Found classpath entry '/C:/Users/Jesus/.m2/repository/org/seleniumhq/selenium/selenium-edge-driver/3.141.59/selenium-edge-driver-3.141.59.jar' 
2022-04-01 18:54:52.233 DEBUG [acme.Launcher@main] Found classpath entry '/C:/Users/Jesus/.m2/repository/org/seleniumhq/selenium/selenium-firefox-driver/3.141.59/selenium-firefox-driver-3.141.59.jar' 
2022-04-01 18:54:52.233 DEBUG [acme.Launcher@main] Found classpath entry '/C:/Users/Jesus/.m2/repository/org/seleniumhq/selenium/selenium-ie-driver/3.141.59/selenium-ie-driver-3.141.59.jar' 
2022-04-01 18:54:52.233 DEBUG [acme.Launcher@main] Found classpath entry '/C:/Users/Jesus/.m2/repository/org/seleniumhq/selenium/selenium-opera-driver/3.141.59/selenium-opera-driver-3.141.59.jar' 
2022-04-01 18:54:52.233 DEBUG [acme.Launcher@main] Found classpath entry '/C:/Users/Jesus/.m2/repository/org/seleniumhq/selenium/selenium-remote-driver/3.141.59/selenium-remote-driver-3.141.59.jar' 
2022-04-01 18:54:52.233 DEBUG [acme.Launcher@main] Found classpath entry '/C:/Users/Jesus/.m2/repository/org/seleniumhq/selenium/selenium-safari-driver/3.141.59/selenium-safari-driver-3.141.59.jar' 
2022-04-01 18:54:52.233 DEBUG [acme.Launcher@main] Found classpath entry '/C:/Users/Jesus/.m2/repository/org/seleniumhq/selenium/selenium-support/3.141.59/selenium-support-3.141.59.jar' 
2022-04-01 18:54:52.233 DEBUG [acme.Launcher@main] Found classpath entry '/C:/Users/Jesus/.m2/repository/net/bytebuddy/byte-buddy/1.10.19/byte-buddy-1.10.19.jar' 
2022-04-01 18:54:52.233 DEBUG [acme.Launcher@main] Found classpath entry '/C:/Users/Jesus/.m2/repository/org/apache/commons/commons-exec/1.3/commons-exec-1.3.jar' 
2022-04-01 18:54:52.234 DEBUG [acme.Launcher@main] Found classpath entry '/C:/Users/Jesus/.m2/repository/com/google/guava/guava/25.0-jre/guava-25.0-jre.jar' 
2022-04-01 18:54:52.234 DEBUG [acme.Launcher@main] Found classpath entry '/C:/Users/Jesus/.m2/repository/com/google/code/findbugs/jsr305/1.3.9/jsr305-1.3.9.jar' 
2022-04-01 18:54:52.234 DEBUG [acme.Launcher@main] Found classpath entry '/C:/Users/Jesus/.m2/repository/org/checkerframework/checker-compat-qual/2.0.0/checker-compat-qual-2.0.0.jar' 
2022-04-01 18:54:52.234 DEBUG [acme.Launcher@main] Found classpath entry '/C:/Users/Jesus/.m2/repository/com/google/errorprone/error_prone_annotations/2.1.3/error_prone_annotations-2.1.3.jar' 
2022-04-01 18:54:52.234 DEBUG [acme.Launcher@main] Found classpath entry '/C:/Users/Jesus/.m2/repository/com/google/j2objc/j2objc-annotations/1.1/j2objc-annotations-1.1.jar' 
2022-04-01 18:54:52.234 DEBUG [acme.Launcher@main] Found classpath entry '/C:/Users/Jesus/.m2/repository/org/codehaus/mojo/animal-sniffer-annotations/1.14/animal-sniffer-annotations-1.14.jar' 
2022-04-01 18:54:52.234 DEBUG [acme.Launcher@main] Found classpath entry '/C:/Users/Jesus/.m2/repository/com/squareup/okhttp3/okhttp/3.14.9/okhttp-3.14.9.jar' 
2022-04-01 18:54:52.234 DEBUG [acme.Launcher@main] Found classpath entry '/C:/Users/Jesus/.m2/repository/com/squareup/okio/okio/1.14.0/okio-1.14.0.jar' 
2022-04-01 18:54:52.234 DEBUG [acme.Launcher@main] Found classpath entry '/C:/Users/Jesus/.m2/repository/org/apache/commons/commons-lang3/3.11/commons-lang3-3.11.jar' 
2022-04-01 18:54:52.234 DEBUG [acme.Launcher@main] Found classpath entry '/C:/Users/Jesus/.m2/repository/org/apache/commons/commons-text/1.8/commons-text-1.8.jar' 
2022-04-01 18:54:52.234 DEBUG [acme.Launcher@main] Found classpath entry '/C:/Users/Jesus/.m2/repository/commons-io/commons-io/2.6/commons-io-2.6.jar' 
2022-04-01 18:54:52.234 DEBUG [acme.Launcher@main] Found classpath entry '/C:/Users/Jesus/.m2/repository/commons-cli/commons-cli/1.4/commons-cli-1.4.jar' 
2022-04-01 18:54:52.234 DEBUG [acme.Launcher@main] Found classpath entry '/C:/Users/Jesus/.m2/repository/org/projectlombok/lombok/1.18.16/lombok-1.18.16.jar' 
2022-04-01 18:54:52.234 DEBUG [acme.Launcher@main] Found classpath entry '/C:/Users/Jesus/.m2/repository/com/opencsv/opencsv/5.4/opencsv-5.4.jar' 
2022-04-01 18:54:52.234 DEBUG [acme.Launcher@main] Found classpath entry '/C:/Users/Jesus/.m2/repository/commons-beanutils/commons-beanutils/1.9.4/commons-beanutils-1.9.4.jar' 
2022-04-01 18:54:52.235 DEBUG [acme.Launcher@main] Found classpath entry '/C:/Users/Jesus/.m2/repository/commons-logging/commons-logging/1.2/commons-logging-1.2.jar' 
2022-04-01 18:54:52.235 DEBUG [acme.Launcher@main] Found classpath entry '/C:/Users/Jesus/.m2/repository/commons-collections/commons-collections/3.2.2/commons-collections-3.2.2.jar' 
2022-04-01 18:54:52.235 DEBUG [acme.Launcher@main] Found classpath entry '/C:/Users/Jesus/.m2/repository/org/apache/commons/commons-collections4/4.4/commons-collections4-4.4.jar' 
2022-04-01 18:54:52.274 DEBUG [acme.Launcher@main] Found entity class 'acme.entities.Announcement 
2022-04-01 18:54:52.274 DEBUG [acme.Launcher@main] Found entity class 'acme.entities.Chirp 
2022-04-01 18:54:52.274 DEBUG [acme.Launcher@main] Found entity class 'acme.entities.Item 
2022-04-01 18:54:52.274 DEBUG [acme.Launcher@main] Found entity class 'acme.entities.Patronage 
2022-04-01 18:54:52.275 DEBUG [acme.Launcher@main] Found entity class 'acme.entities.PatronageReport 
2022-04-01 18:54:52.275 DEBUG [acme.Launcher@main] Found entity class 'acme.entities.Quantity 
2022-04-01 18:54:52.275 DEBUG [acme.Launcher@main] Found entity class 'acme.entities.SystemConfiguration 
2022-04-01 18:54:52.275 DEBUG [acme.Launcher@main] Found entity class 'acme.entities.Toolkit 
2022-04-01 18:54:52.275 DEBUG [acme.Launcher@main] Found entity class 'acme.roles.Consumer 
2022-04-01 18:54:52.275 DEBUG [acme.Launcher@main] Found entity class 'acme.roles.Inventor 
2022-04-01 18:54:52.275 DEBUG [acme.Launcher@main] Found entity class 'acme.roles.Patron 
2022-04-01 18:54:52.275 DEBUG [acme.Launcher@main] Found entity class 'acme.roles.Provider 
2022-04-01 18:54:52.275 DEBUG [acme.Launcher@main] Found entity class 'acme.framework.entities.UserAccount 
2022-04-01 18:54:52.275 DEBUG [acme.Launcher@main] Found entity class 'acme.framework.roles.Administrator 
2022-04-01 18:54:52.275 DEBUG [acme.Launcher@main] Found entity class 'acme.framework.roles.Anonymous 
2022-04-01 18:54:52.275 DEBUG [acme.Launcher@main] Found entity class 'acme.framework.roles.Any 
2022-04-01 18:54:52.275 DEBUG [acme.Launcher@main] Found entity class 'acme.framework.roles.Authenticated 
2022-04-01 18:54:52.278 INFO  [acme.Launcher@main] Running application (Standalone) 
2022-04-01 18:54:57.610 DEBUG [acme.framework.components.tiles.DynamicTilesView@http-nio-8080-exec-2] View name 'fragments/welcome', model {} 
2022-04-01 18:54:57.619 DEBUG [org.apache.tiles.definition.dao.BaseLocaleUrlDefinitionDAO@http-nio-8080-exec-2] File Resource file:/C:/Users/Jesus/Desktop/Workspace-22.0/Projects/Acme-Toolkits/target/classes/WEB-INF/views/master/tiles_es.xml at file:/C:/Users/Jesus/Desktop/Workspace-22.0/Projects/Acme-Toolkits/target/classes/WEB-INF/views/master/tiles_es.xml not found, continue 
2022-04-01 18:54:57.623 DEBUG [org.apache.jasper.servlet.JspServlet@http-nio-8080-exec-2] JspEngine --> /WEB-INF/views/master/page.jsp 
2022-04-01 18:54:57.623 DEBUG [org.apache.jasper.servlet.JspServlet@http-nio-8080-exec-2] ServletPath: /WEB-INF/views/master/page.jsp 
2022-04-01 18:54:57.623 DEBUG [org.apache.jasper.servlet.JspServlet@http-nio-8080-exec-2] PathInfo: null 
2022-04-01 18:54:57.624 DEBUG [org.apache.jasper.servlet.JspServlet@http-nio-8080-exec-2] RealPath: C:\Users\Jesus\Desktop\Workspace-22.0\Projects\Acme-Toolkits\target\classes\WEB-INF\views\master\page.jsp 
2022-04-01 18:54:57.624 DEBUG [org.apache.jasper.servlet.JspServlet@http-nio-8080-exec-2] RequestURI: /acme-toolkits-22.3/WEB-INF/views/master/page.jsp 
2022-04-01 18:54:57.624 DEBUG [org.apache.jasper.servlet.JspServlet@http-nio-8080-exec-2] QueryString: null 
2022-04-01 18:54:59.559 DEBUG [acme.framework.configuration.ExtendedMessageSource@http-nio-8080-exec-2] Loading properties [C:\Users\Jesus\Desktop\Workspace-22.0\Projects\Acme-Toolkits\target\classes\WEB-INF\views\administrator\user-account\messages-en.i18n] with encoding 'utf-8' 
2022-04-01 18:54:59.559 DEBUG [acme.framework.configuration.ExtendedMessageSource@http-nio-8080-exec-2] Loading properties [C:\Users\Jesus\Desktop\Workspace-22.0\Projects\Acme-Toolkits\target\classes\WEB-INF\views\anonymous\user-account\messages-en.i18n] with encoding 'utf-8' 
2022-04-01 18:54:59.560 DEBUG [acme.framework.configuration.ExtendedMessageSource@http-nio-8080-exec-2] Loading properties [C:\Users\Jesus\Desktop\Workspace-22.0\Projects\Acme-Toolkits\target\classes\WEB-INF\views\any\item\messages-en.i18n] with encoding 'utf-8' 
2022-04-01 18:54:59.560 DEBUG [acme.framework.configuration.ExtendedMessageSource@http-nio-8080-exec-2] Loading properties [C:\Users\Jesus\Desktop\Workspace-22.0\Projects\Acme-Toolkits\target\classes\WEB-INF\views\authenticated\consumer\messsages-en.i18n] with encoding 'utf-8' 
2022-04-01 18:54:59.560 DEBUG [acme.framework.configuration.ExtendedMessageSource@http-nio-8080-exec-2] Loading properties [C:\Users\Jesus\Desktop\Workspace-22.0\Projects\Acme-Toolkits\target\classes\WEB-INF\views\authenticated\inventor\messsages-en.i18n] with encoding 'utf-8' 
2022-04-01 18:54:59.561 DEBUG [acme.framework.configuration.ExtendedMessageSource@http-nio-8080-exec-2] Loading properties [C:\Users\Jesus\Desktop\Workspace-22.0\Projects\Acme-Toolkits\target\classes\WEB-INF\views\authenticated\patron\messsages-en.i18n] with encoding 'utf-8' 
2022-04-01 18:54:59.561 DEBUG [acme.framework.configuration.ExtendedMessageSource@http-nio-8080-exec-2] Loading properties [C:\Users\Jesus\Desktop\Workspace-22.0\Projects\Acme-Toolkits\target\classes\WEB-INF\views\authenticated\provider\messsages-en.i18n] with encoding 'utf-8' 
2022-04-01 18:54:59.561 DEBUG [acme.framework.configuration.ExtendedMessageSource@http-nio-8080-exec-2] Loading properties [C:\Users\Jesus\Desktop\Workspace-22.0\Projects\Acme-Toolkits\target\classes\WEB-INF\views\fragments\banner-en.i18n] with encoding 'utf-8' 
2022-04-01 18:54:59.562 DEBUG [acme.framework.configuration.ExtendedMessageSource@http-nio-8080-exec-2] Loading properties [C:\Users\Jesus\Desktop\Workspace-22.0\Projects\Acme-Toolkits\target\classes\WEB-INF\views\fragments\company-en.i18n] with encoding 'utf-8' 
2022-04-01 18:54:59.562 DEBUG [acme.framework.configuration.ExtendedMessageSource@http-nio-8080-exec-2] Loading properties [C:\Users\Jesus\Desktop\Workspace-22.0\Projects\Acme-Toolkits\target\classes\WEB-INF\views\fragments\footer-en.i18n] with encoding 'utf-8' 
2022-04-01 18:54:59.562 DEBUG [acme.framework.configuration.ExtendedMessageSource@http-nio-8080-exec-2] Loading properties [C:\Users\Jesus\Desktop\Workspace-22.0\Projects\Acme-Toolkits\target\classes\WEB-INF\views\fragments\license-en.i18n] with encoding 'utf-8' 
2022-04-01 18:54:59.563 DEBUG [acme.framework.configuration.ExtendedMessageSource@http-nio-8080-exec-2] Loading properties [C:\Users\Jesus\Desktop\Workspace-22.0\Projects\Acme-Toolkits\target\classes\WEB-INF\views\fragments\menu-en.i18n] with encoding 'utf-8' 
2022-04-01 18:54:59.563 DEBUG [acme.framework.configuration.ExtendedMessageSource@http-nio-8080-exec-2] Loading properties [C:\Users\Jesus\Desktop\Workspace-22.0\Projects\Acme-Toolkits\target\classes\WEB-INF\views\fragments\messsages-en.i18n] with encoding 'utf-8' 
2022-04-01 18:54:59.563 DEBUG [acme.framework.configuration.ExtendedMessageSource@http-nio-8080-exec-2] Loading properties [C:\Users\Jesus\Desktop\Workspace-22.0\Projects\Acme-Toolkits\target\classes\WEB-INF\views\fragments\title-en.i18n] with encoding 'utf-8' 
2022-04-01 18:54:59.563 DEBUG [acme.framework.configuration.ExtendedMessageSource@http-nio-8080-exec-2] Loading properties [C:\Users\Jesus\Desktop\Workspace-22.0\Projects\Acme-Toolkits\target\classes\WEB-INF\views\fragments\welcome-en.i18n] with encoding 'utf-8' 
2022-04-01 18:54:59.564 DEBUG [acme.framework.configuration.ExtendedMessageSource@http-nio-8080-exec-2] Loading properties [C:\Users\Jesus\Desktop\Workspace-22.0\Projects\Acme-Toolkits\target\classes\WEB-INF\views\master\defaults-en.i18n] with encoding 'utf-8' 
2022-04-01 18:54:59.564 DEBUG [acme.framework.configuration.ExtendedMessageSource@http-nio-8080-exec-2] Loading properties [C:\Users\Jesus\Desktop\Workspace-22.0\Projects\Acme-Toolkits\target\classes\WEB-INF\views\master\master-en.i18n] with encoding 'utf-8' 
2022-04-01 18:54:59.564 DEBUG [acme.framework.configuration.ExtendedMessageSource@http-nio-8080-exec-2] Loading properties [C:\Users\Jesus\Desktop\Workspace-22.0\Projects\Acme-Toolkits\target\classes\WEB-INF\views\master\throwables-en.i18n] with encoding 'utf-8' 
2022-04-01 18:54:59.565 DEBUG [acme.framework.configuration.ExtendedMessageSource@http-nio-8080-exec-2] Loading properties [C:\Users\Jesus\Desktop\Workspace-22.0\Projects\Acme-Toolkits\target\classes\WEB-INF\views\master\validation-en.i18n] with encoding 'utf-8' 
2022-04-01 18:54:59.569 DEBUG [acme.framework.configuration.ExtendedMessageSource@http-nio-8080-exec-2] Loading properties [C:\Users\Jesus\Desktop\Workspace-22.0\Projects\Acme-Toolkits\target\classes\WEB-INF\views\administrator\user-account\messages-es.i18n] with encoding 'utf-8' 
2022-04-01 18:54:59.570 DEBUG [acme.framework.configuration.ExtendedMessageSource@http-nio-8080-exec-2] Loading properties [C:\Users\Jesus\Desktop\Workspace-22.0\Projects\Acme-Toolkits\target\classes\WEB-INF\views\anonymous\user-account\messages-es.i18n] with encoding 'utf-8' 
2022-04-01 18:54:59.570 DEBUG [acme.framework.configuration.ExtendedMessageSource@http-nio-8080-exec-2] Loading properties [C:\Users\Jesus\Desktop\Workspace-22.0\Projects\Acme-Toolkits\target\classes\WEB-INF\views\any\item\messages-es.i18n] with encoding 'utf-8' 
2022-04-01 18:54:59.570 DEBUG [acme.framework.configuration.ExtendedMessageSource@http-nio-8080-exec-2] Loading properties [C:\Users\Jesus\Desktop\Workspace-22.0\Projects\Acme-Toolkits\target\classes\WEB-INF\views\authenticated\consumer\messsages-es.i18n] with encoding 'utf-8' 
2022-04-01 18:54:59.570 DEBUG [acme.framework.configuration.ExtendedMessageSource@http-nio-8080-exec-2] Loading properties [C:\Users\Jesus\Desktop\Workspace-22.0\Projects\Acme-Toolkits\target\classes\WEB-INF\views\authenticated\inventor\messsages-es.i18n] with encoding 'utf-8' 
2022-04-01 18:54:59.571 DEBUG [acme.framework.configuration.ExtendedMessageSource@http-nio-8080-exec-2] Loading properties [C:\Users\Jesus\Desktop\Workspace-22.0\Projects\Acme-Toolkits\target\classes\WEB-INF\views\authenticated\patron\messsages-es.i18n] with encoding 'utf-8' 
2022-04-01 18:54:59.571 DEBUG [acme.framework.configuration.ExtendedMessageSource@http-nio-8080-exec-2] Loading properties [C:\Users\Jesus\Desktop\Workspace-22.0\Projects\Acme-Toolkits\target\classes\WEB-INF\views\authenticated\provider\messsages-es.i18n] with encoding 'utf-8' 
2022-04-01 18:54:59.571 DEBUG [acme.framework.configuration.ExtendedMessageSource@http-nio-8080-exec-2] Loading properties [C:\Users\Jesus\Desktop\Workspace-22.0\Projects\Acme-Toolkits\target\classes\WEB-INF\views\fragments\banner-es.i18n] with encoding 'utf-8' 
2022-04-01 18:54:59.572 DEBUG [acme.framework.configuration.ExtendedMessageSource@http-nio-8080-exec-2] Loading properties [C:\Users\Jesus\Desktop\Workspace-22.0\Projects\Acme-Toolkits\target\classes\WEB-INF\views\fragments\company-es.i18n] with encoding 'utf-8' 
2022-04-01 18:54:59.572 DEBUG [acme.framework.configuration.ExtendedMessageSource@http-nio-8080-exec-2] Loading properties [C:\Users\Jesus\Desktop\Workspace-22.0\Projects\Acme-Toolkits\target\classes\WEB-INF\views\fragments\footer-es.i18n] with encoding 'utf-8' 
2022-04-01 18:54:59.572 DEBUG [acme.framework.configuration.ExtendedMessageSource@http-nio-8080-exec-2] Loading properties [C:\Users\Jesus\Desktop\Workspace-22.0\Projects\Acme-Toolkits\target\classes\WEB-INF\views\fragments\license-es.i18n] with encoding 'utf-8' 
2022-04-01 18:54:59.572 DEBUG [acme.framework.configuration.ExtendedMessageSource@http-nio-8080-exec-2] Loading properties [C:\Users\Jesus\Desktop\Workspace-22.0\Projects\Acme-Toolkits\target\classes\WEB-INF\views\fragments\menu-es.i18n] with encoding 'utf-8' 
2022-04-01 18:54:59.573 DEBUG [acme.framework.configuration.ExtendedMessageSource@http-nio-8080-exec-2] Loading properties [C:\Users\Jesus\Desktop\Workspace-22.0\Projects\Acme-Toolkits\target\classes\WEB-INF\views\fragments\messsages-es.i18n] with encoding 'utf-8' 
2022-04-01 18:54:59.573 DEBUG [acme.framework.configuration.ExtendedMessageSource@http-nio-8080-exec-2] Loading properties [C:\Users\Jesus\Desktop\Workspace-22.0\Projects\Acme-Toolkits\target\classes\WEB-INF\views\fragments\title-es.i18n] with encoding 'utf-8' 
2022-04-01 18:54:59.573 DEBUG [acme.framework.configuration.ExtendedMessageSource@http-nio-8080-exec-2] Loading properties [C:\Users\Jesus\Desktop\Workspace-22.0\Projects\Acme-Toolkits\target\classes\WEB-INF\views\fragments\welcome-es.i18n] with encoding 'utf-8' 
2022-04-01 18:54:59.574 DEBUG [acme.framework.configuration.ExtendedMessageSource@http-nio-8080-exec-2] Loading properties [C:\Users\Jesus\Desktop\Workspace-22.0\Projects\Acme-Toolkits\target\classes\WEB-INF\views\master\defaults-es.i18n] with encoding 'utf-8' 
2022-04-01 18:54:59.574 DEBUG [acme.framework.configuration.ExtendedMessageSource@http-nio-8080-exec-2] Loading properties [C:\Users\Jesus\Desktop\Workspace-22.0\Projects\Acme-Toolkits\target\classes\WEB-INF\views\master\master-es.i18n] with encoding 'utf-8' 
2022-04-01 18:54:59.574 DEBUG [acme.framework.configuration.ExtendedMessageSource@http-nio-8080-exec-2] Loading properties [C:\Users\Jesus\Desktop\Workspace-22.0\Projects\Acme-Toolkits\target\classes\WEB-INF\views\master\throwables-es.i18n] with encoding 'utf-8' 
2022-04-01 18:54:59.574 DEBUG [acme.framework.configuration.ExtendedMessageSource@http-nio-8080-exec-2] Loading properties [C:\Users\Jesus\Desktop\Workspace-22.0\Projects\Acme-Toolkits\target\classes\WEB-INF\views\master\validation-es.i18n] with encoding 'utf-8' 
2022-04-01 18:54:59.664 DEBUG [org.apache.jasper.servlet.JspServlet@http-nio-8080-exec-2] JspEngine --> /WEB-INF/views/fragments/welcome.jsp 
2022-04-01 18:54:59.664 DEBUG [org.apache.jasper.servlet.JspServlet@http-nio-8080-exec-2] ServletPath: /WEB-INF/views/master/page.jsp 
2022-04-01 18:54:59.664 DEBUG [org.apache.jasper.servlet.JspServlet@http-nio-8080-exec-2] PathInfo: null 
2022-04-01 18:54:59.665 DEBUG [org.apache.jasper.servlet.JspServlet@http-nio-8080-exec-2] RealPath: C:\Users\Jesus\Desktop\Workspace-22.0\Projects\Acme-Toolkits\target\classes\WEB-INF\views\fragments\welcome.jsp 
2022-04-01 18:54:59.666 DEBUG [org.apache.jasper.servlet.JspServlet@http-nio-8080-exec-2] RequestURI: /acme-toolkits-22.3/WEB-INF/views/master/page.jsp 
2022-04-01 18:54:59.666 DEBUG [org.apache.jasper.servlet.JspServlet@http-nio-8080-exec-2] QueryString: null 
2022-04-01 18:54:59.820 DEBUG [org.hibernate.SQL@http-nio-8080-exec-2] select useraccoun0_.id as id1_0_, useraccoun0_.version as version2_0_, useraccoun0_.enabled as enabled1_17_, useraccoun0_.identity as identity2_17_, useraccoun0_.password as password3_17_, useraccoun0_.username as username4_17_ from user_account useraccoun0_ where useraccoun0_.username=? 
2022-04-01 18:54:59.831 TRACE [org.hibernate.type.descriptor.sql.BasicBinder@http-nio-8080-exec-2] binding parameter [1] as [VARCHAR] - [anonymous] 
2022-04-01 18:54:59.860 DEBUG [org.hibernate.SQL@http-nio-8080-exec-2] select roles0_.user_account_id as user_acc1_18_0_, roles0_.id as id1_18_0_, roles0_.id as id1_0_1_, roles0_.version as version2_0_1_, roles0_.user_account_id as user_acc1_18_1_, roles0_.company as company1_7_1_, roles0_.sector as sector2_7_1_, roles0_.company as company1_8_1_, roles0_.link as link2_8_1_, roles0_.statement as statemen3_8_1_, roles0_.company as company1_10_1_, roles0_.link as link2_10_1_, roles0_.statement as statemen3_10_1_, roles0_.company as company1_13_1_, roles0_.sector as sector2_13_1_, roles0_.clazz_ as clazz_1_ from ( select id, version, user_account_id, company, sector, null as link, null as statement, 10 as clazz_ from consumer union all select id, version, user_account_id, company, null as sector, link, statement, 11 as clazz_ from inventor union all select id, version, user_account_id, company, null as sector, link, statement, 12 as clazz_ from patron union all select id, version, user_account_id, company, sector, null as link, null as statement, 13 as clazz_ from provider union all select id, version, user_account_id, null as company, null as sector, null as link, null as statement, 15 as clazz_ from administrator union all select id, version, user_account_id, null as company, null as sector, null as link, null as statement, 16 as clazz_ from anonymous union all select id, version, user_account_id, null as company, null as sector, null as link, null as statement, 17 as clazz_ from any union all select id, version, user_account_id, null as company, null as sector, null as link, null as statement, 18 as clazz_ from authenticated ) roles0_ where roles0_.user_account_id=? 
2022-04-01 18:54:59.861 TRACE [org.hibernate.type.descriptor.sql.BasicBinder@http-nio-8080-exec-2] binding parameter [1] as [INTEGER] - [1] 
2022-04-01 18:55:02.508 DEBUG [acme.framework.controllers.AbstractController@http-nio-8080-exec-6] DISPATCHING GET /acme-toolkits-22.3/any/item/list-all-components 
2022-04-01 18:55:02.508 DEBUG [acme.framework.controllers.AbstractController@http-nio-8080-exec-6] Command: list-all-components 
2022-04-01 18:55:02.508 DEBUG [acme.framework.controllers.AbstractController@http-nio-8080-exec-6] Model:   {} 
2022-04-01 18:55:02.509 DEBUG [acme.framework.controllers.AbstractController@http-nio-8080-exec-6] Locale:  es 
2022-04-01 18:55:02.514 DEBUG [org.hibernate.SQL@http-nio-8080-exec-6] select useraccoun0_.id as id1_0_, useraccoun0_.version as version2_0_, useraccoun0_.enabled as enabled1_17_, useraccoun0_.identity as identity2_17_, useraccoun0_.password as password3_17_, useraccoun0_.username as username4_17_ from user_account useraccoun0_ where useraccoun0_.username=? 
2022-04-01 18:55:02.514 TRACE [org.hibernate.type.descriptor.sql.BasicBinder@http-nio-8080-exec-6] binding parameter [1] as [VARCHAR] - [anonymous] 
2022-04-01 18:55:02.515 DEBUG [org.hibernate.SQL@http-nio-8080-exec-6] select roles0_.user_account_id as user_acc1_18_0_, roles0_.id as id1_18_0_, roles0_.id as id1_0_1_, roles0_.version as version2_0_1_, roles0_.user_account_id as user_acc1_18_1_, roles0_.company as company1_7_1_, roles0_.sector as sector2_7_1_, roles0_.company as company1_8_1_, roles0_.link as link2_8_1_, roles0_.statement as statemen3_8_1_, roles0_.company as company1_10_1_, roles0_.link as link2_10_1_, roles0_.statement as statemen3_10_1_, roles0_.company as company1_13_1_, roles0_.sector as sector2_13_1_, roles0_.clazz_ as clazz_1_ from ( select id, version, user_account_id, company, sector, null as link, null as statement, 10 as clazz_ from consumer union all select id, version, user_account_id, company, null as sector, link, statement, 11 as clazz_ from inventor union all select id, version, user_account_id, company, null as sector, link, statement, 12 as clazz_ from patron union all select id, version, user_account_id, company, sector, null as link, null as statement, 13 as clazz_ from provider union all select id, version, user_account_id, null as company, null as sector, null as link, null as statement, 15 as clazz_ from administrator union all select id, version, user_account_id, null as company, null as sector, null as link, null as statement, 16 as clazz_ from anonymous union all select id, version, user_account_id, null as company, null as sector, null as link, null as statement, 17 as clazz_ from any union all select id, version, user_account_id, null as company, null as sector, null as link, null as statement, 18 as clazz_ from authenticated ) roles0_ where roles0_.user_account_id=? 
2022-04-01 18:55:02.516 TRACE [org.hibernate.type.descriptor.sql.BasicBinder@http-nio-8080-exec-6] binding parameter [1] as [INTEGER] - [1] 
2022-04-01 18:55:02.532 DEBUG [org.hibernate.SQL@http-nio-8080-exec-6] select item0_.id as id1_0_, item0_.version as version2_0_, item0_.code as code1_9_, item0_.description as descript2_9_, item0_.inventor_id as inventor9_9_, item0_.name as name3_9_, item0_.optional_link as optional4_9_, item0_.retail_price_amount as retail_p5_9_, item0_.retail_price_currency as retail_p6_9_, item0_.technology as technolo7_9_, item0_.tipo as tipo8_9_ from item item0_ where item0_.tipo=0 
2022-04-01 18:55:02.535 DEBUG [org.hibernate.SQL@http-nio-8080-exec-6] select inventor0_.id as id1_0_0_, inventor0_.version as version2_0_0_, inventor0_.user_account_id as user_acc1_18_0_, inventor0_.company as company1_8_0_, inventor0_.link as link2_8_0_, inventor0_.statement as statemen3_8_0_, useraccoun1_.id as id1_0_1_, useraccoun1_.version as version2_0_1_, useraccoun1_.enabled as enabled1_17_1_, useraccoun1_.identity as identity2_17_1_, useraccoun1_.password as password3_17_1_, useraccoun1_.username as username4_17_1_ from inventor inventor0_ inner join user_account useraccoun1_ on inventor0_.user_account_id=useraccoun1_.id where inventor0_.id=? 
2022-04-01 18:55:02.535 TRACE [org.hibernate.type.descriptor.sql.BasicBinder@http-nio-8080-exec-6] binding parameter [1] as [INTEGER] - [13] 
2022-04-01 18:55:02.536 DEBUG [org.hibernate.SQL@http-nio-8080-exec-6] select inventor0_.id as id1_0_0_, inventor0_.version as version2_0_0_, inventor0_.user_account_id as user_acc1_18_0_, inventor0_.company as company1_8_0_, inventor0_.link as link2_8_0_, inventor0_.statement as statemen3_8_0_, useraccoun1_.id as id1_0_1_, useraccoun1_.version as version2_0_1_, useraccoun1_.enabled as enabled1_17_1_, useraccoun1_.identity as identity2_17_1_, useraccoun1_.password as password3_17_1_, useraccoun1_.username as username4_17_1_ from inventor inventor0_ inner join user_account useraccoun1_ on inventor0_.user_account_id=useraccoun1_.id where inventor0_.id=? 
2022-04-01 18:55:02.537 TRACE [org.hibernate.type.descriptor.sql.BasicBinder@http-nio-8080-exec-6] binding parameter [1] as [INTEGER] - [14] 
2022-04-01 18:55:02.538 DEBUG [org.hibernate.SQL@http-nio-8080-exec-6] select inventor0_.id as id1_0_0_, inventor0_.version as version2_0_0_, inventor0_.user_account_id as user_acc1_18_0_, inventor0_.company as company1_8_0_, inventor0_.link as link2_8_0_, inventor0_.statement as statemen3_8_0_, useraccoun1_.id as id1_0_1_, useraccoun1_.version as version2_0_1_, useraccoun1_.enabled as enabled1_17_1_, useraccoun1_.identity as identity2_17_1_, useraccoun1_.password as password3_17_1_, useraccoun1_.username as username4_17_1_ from inventor inventor0_ inner join user_account useraccoun1_ on inventor0_.user_account_id=useraccoun1_.id where inventor0_.id=? 
2022-04-01 18:55:02.538 TRACE [org.hibernate.type.descriptor.sql.BasicBinder@http-nio-8080-exec-6] binding parameter [1] as [INTEGER] - [17] 
2022-04-01 18:55:02.539 DEBUG [org.hibernate.SQL@http-nio-8080-exec-6] select inventor0_.id as id1_0_0_, inventor0_.version as version2_0_0_, inventor0_.user_account_id as user_acc1_18_0_, inventor0_.company as company1_8_0_, inventor0_.link as link2_8_0_, inventor0_.statement as statemen3_8_0_, useraccoun1_.id as id1_0_1_, useraccoun1_.version as version2_0_1_, useraccoun1_.enabled as enabled1_17_1_, useraccoun1_.identity as identity2_17_1_, useraccoun1_.password as password3_17_1_, useraccoun1_.username as username4_17_1_ from inventor inventor0_ inner join user_account useraccoun1_ on inventor0_.user_account_id=useraccoun1_.id where inventor0_.id=? 
2022-04-01 18:55:02.539 TRACE [org.hibernate.type.descriptor.sql.BasicBinder@http-nio-8080-exec-6] binding parameter [1] as [INTEGER] - [15] 
2022-04-01 18:55:02.540 DEBUG [org.hibernate.SQL@http-nio-8080-exec-6] select inventor0_.id as id1_0_0_, inventor0_.version as version2_0_0_, inventor0_.user_account_id as user_acc1_18_0_, inventor0_.company as company1_8_0_, inventor0_.link as link2_8_0_, inventor0_.statement as statemen3_8_0_, useraccoun1_.id as id1_0_1_, useraccoun1_.version as version2_0_1_, useraccoun1_.enabled as enabled1_17_1_, useraccoun1_.identity as identity2_17_1_, useraccoun1_.password as password3_17_1_, useraccoun1_.username as username4_17_1_ from inventor inventor0_ inner join user_account useraccoun1_ on inventor0_.user_account_id=useraccoun1_.id where inventor0_.id=? 
2022-04-01 18:55:02.541 TRACE [org.hibernate.type.descriptor.sql.BasicBinder@http-nio-8080-exec-6] binding parameter [1] as [INTEGER] - [16] 
2022-04-01 18:55:02.552 DEBUG [acme.framework.controllers.AbstractController@http-nio-8080-exec-6] SERVING GET /acme-toolkits-22.3/any/item/list-all-components 
2022-04-01 18:55:02.552 DEBUG [acme.framework.controllers.AbstractController@http-nio-8080-exec-6] Result: ModelAndView [view="any/item/list"; model={technology[8]=Technology1, version[5]=0, version[1]=0, technology[0]=Technology3, technology[4]=Technology3, list$size=10, tipo[2]=COMPONENT, version[9]=0, code[8]=RTY-726-V, id[9]=95, tipo[6]=COMPONENT, code[4]=AUK-312, name[7]=Component 3, code[0]=BNM-987, name[3]=Component 10, id[1]=79, id[5]=87, technology[7]=Technology1, version[6]=0, version[2]=0, tipo[3]=COMPONENT, technology[3]=Technology2, tipo[7]=COMPONENT, id[8]=93, name[6]=Component 4, code[7]=NBI-312-M, name[2]=Component 9, id[0]=77, code[3]=ABK-312, id[4]=86, version[7]=0, technology[6]=Technology2, version[3]=0, tipo[0]=COMPONENT, tipo[4]=COMPONENT, technology[2]=Technology1, id[7]=91, tipo[8]=COMPONENT, code[6]=OIU-312, name[9]=Component 5, code[2]=ABK-111-H, name[5]=Component 1, id[3]=84, name[1]=Component 7, version[8]=0, technology[5]=Technology2, version[4]=0, technology[9]=Technology3, tipo[1]=COMPONENT, technology[1]=Technology2, id[6]=89, code[9]=QWE-312-L, tipo[5]=COMPONENT, code[5]=KBK-312, tipo[9]=COMPONENT, name[8]=Component 6, version[0]=0, code[1]=ABK-312, name[4]=Component 2, id[2]=82, name[0]=Component 8, command=list-all-components, principal=acme.framework.entities.Principal@4670416a}] 
2022-04-01 18:55:02.556 DEBUG [acme.framework.components.tiles.DynamicTilesView@http-nio-8080-exec-6] View name 'any/item/list', model {technology[8]=Technology1, version[5]=0, version[1]=0, technology[0]=Technology3, technology[4]=Technology3, list$size=10, tipo[2]=COMPONENT, version[9]=0, code[8]=RTY-726-V, id[9]=95, tipo[6]=COMPONENT, code[4]=AUK-312, name[7]=Component 3, code[0]=BNM-987, name[3]=Component 10, id[1]=79, id[5]=87, technology[7]=Technology1, version[6]=0, version[2]=0, tipo[3]=COMPONENT, technology[3]=Technology2, tipo[7]=COMPONENT, id[8]=93, name[6]=Component 4, code[7]=NBI-312-M, name[2]=Component 9, id[0]=77, code[3]=ABK-312, id[4]=86, version[7]=0, technology[6]=Technology2, version[3]=0, tipo[0]=COMPONENT, tipo[4]=COMPONENT, technology[2]=Technology1, id[7]=91, tipo[8]=COMPONENT, code[6]=OIU-312, name[9]=Component 5, code[2]=ABK-111-H, name[5]=Component 1, id[3]=84, name[1]=Component 7, version[8]=0, technology[5]=Technology2, version[4]=0, technology[9]=Technology3, tipo[1]=COMPONENT, technology[1]=Technology2, id[6]=89, code[9]=QWE-312-L, tipo[5]=COMPONENT, code[5]=KBK-312, tipo[9]=COMPONENT, name[8]=Component 6, version[0]=0, code[1]=ABK-312, name[4]=Component 2, id[2]=82, name[0]=Component 8, command=list-all-components, principal=acme.framework.entities.Principal@4670416a, org.springframework.validation.BindingResult.principal=org.springframework.validation.BeanPropertyBindingResult: 0 errors} 
2022-04-01 18:55:02.557 DEBUG [org.apache.jasper.servlet.JspServlet@http-nio-8080-exec-6] JspEngine --> /WEB-INF/views/master/page.jsp 
2022-04-01 18:55:02.557 DEBUG [org.apache.jasper.servlet.JspServlet@http-nio-8080-exec-6] ServletPath: /WEB-INF/views/master/page.jsp 
2022-04-01 18:55:02.557 DEBUG [org.apache.jasper.servlet.JspServlet@http-nio-8080-exec-6] PathInfo: null 
2022-04-01 18:55:02.558 DEBUG [org.apache.jasper.servlet.JspServlet@http-nio-8080-exec-6] RealPath: C:\Users\Jesus\Desktop\Workspace-22.0\Projects\Acme-Toolkits\target\classes\WEB-INF\views\master\page.jsp 
2022-04-01 18:55:02.558 DEBUG [org.apache.jasper.servlet.JspServlet@http-nio-8080-exec-6] RequestURI: /acme-toolkits-22.3/WEB-INF/views/master/page.jsp 
2022-04-01 18:55:02.558 DEBUG [org.apache.jasper.servlet.JspServlet@http-nio-8080-exec-6] QueryString: null 
2022-04-01 18:55:02.617 DEBUG [org.apache.jasper.servlet.JspServlet@http-nio-8080-exec-6] JspEngine --> /WEB-INF/views/any/item/list.jsp 
2022-04-01 18:55:02.617 DEBUG [org.apache.jasper.servlet.JspServlet@http-nio-8080-exec-6] ServletPath: /WEB-INF/views/master/page.jsp 
2022-04-01 18:55:02.617 DEBUG [org.apache.jasper.servlet.JspServlet@http-nio-8080-exec-6] PathInfo: null 
2022-04-01 18:55:02.618 DEBUG [org.apache.jasper.servlet.JspServlet@http-nio-8080-exec-6] RealPath: C:\Users\Jesus\Desktop\Workspace-22.0\Projects\Acme-Toolkits\target\classes\WEB-INF\views\any\item\list.jsp 
2022-04-01 18:55:02.618 DEBUG [org.apache.jasper.servlet.JspServlet@http-nio-8080-exec-6] RequestURI: /acme-toolkits-22.3/WEB-INF/views/master/page.jsp 
2022-04-01 18:55:02.618 DEBUG [org.apache.jasper.servlet.JspServlet@http-nio-8080-exec-6] QueryString: null 
2022-04-01 18:55:03.177 DEBUG [org.hibernate.SQL@http-nio-8080-exec-6] select useraccoun0_.id as id1_0_, useraccoun0_.version as version2_0_, useraccoun0_.enabled as enabled1_17_, useraccoun0_.identity as identity2_17_, useraccoun0_.password as password3_17_, useraccoun0_.username as username4_17_ from user_account useraccoun0_ where useraccoun0_.username=? 
2022-04-01 18:55:03.177 TRACE [org.hibernate.type.descriptor.sql.BasicBinder@http-nio-8080-exec-6] binding parameter [1] as [VARCHAR] - [anonymous] 
2022-04-01 18:55:03.179 DEBUG [org.hibernate.SQL@http-nio-8080-exec-6] select roles0_.user_account_id as user_acc1_18_0_, roles0_.id as id1_18_0_, roles0_.id as id1_0_1_, roles0_.version as version2_0_1_, roles0_.user_account_id as user_acc1_18_1_, roles0_.company as company1_7_1_, roles0_.sector as sector2_7_1_, roles0_.company as company1_8_1_, roles0_.link as link2_8_1_, roles0_.statement as statemen3_8_1_, roles0_.company as company1_10_1_, roles0_.link as link2_10_1_, roles0_.statement as statemen3_10_1_, roles0_.company as company1_13_1_, roles0_.sector as sector2_13_1_, roles0_.clazz_ as clazz_1_ from ( select id, version, user_account_id, company, sector, null as link, null as statement, 10 as clazz_ from consumer union all select id, version, user_account_id, company, null as sector, link, statement, 11 as clazz_ from inventor union all select id, version, user_account_id, company, null as sector, link, statement, 12 as clazz_ from patron union all select id, version, user_account_id, company, sector, null as link, null as statement, 13 as clazz_ from provider union all select id, version, user_account_id, null as company, null as sector, null as link, null as statement, 15 as clazz_ from administrator union all select id, version, user_account_id, null as company, null as sector, null as link, null as statement, 16 as clazz_ from anonymous union all select id, version, user_account_id, null as company, null as sector, null as link, null as statement, 17 as clazz_ from any union all select id, version, user_account_id, null as company, null as sector, null as link, null as statement, 18 as clazz_ from authenticated ) roles0_ where roles0_.user_account_id=? 
2022-04-01 18:55:03.179 TRACE [org.hibernate.type.descriptor.sql.BasicBinder@http-nio-8080-exec-6] binding parameter [1] as [INTEGER] - [1] 
2022-04-01 18:55:04.162 DEBUG [acme.framework.controllers.AbstractController@http-nio-8080-exec-9] DISPATCHING GET /acme-toolkits-22.3/any/item/show 
2022-04-01 18:55:04.162 DEBUG [acme.framework.controllers.AbstractController@http-nio-8080-exec-9] Command: show 
2022-04-01 18:55:04.162 DEBUG [acme.framework.controllers.AbstractController@http-nio-8080-exec-9] Model:   {id=77} 
2022-04-01 18:55:04.162 DEBUG [acme.framework.controllers.AbstractController@http-nio-8080-exec-9] Locale:  es 
2022-04-01 18:55:04.163 DEBUG [org.hibernate.SQL@http-nio-8080-exec-9] select useraccoun0_.id as id1_0_, useraccoun0_.version as version2_0_, useraccoun0_.enabled as enabled1_17_, useraccoun0_.identity as identity2_17_, useraccoun0_.password as password3_17_, useraccoun0_.username as username4_17_ from user_account useraccoun0_ where useraccoun0_.username=? 
2022-04-01 18:55:04.163 TRACE [org.hibernate.type.descriptor.sql.BasicBinder@http-nio-8080-exec-9] binding parameter [1] as [VARCHAR] - [anonymous] 
2022-04-01 18:55:04.165 DEBUG [org.hibernate.SQL@http-nio-8080-exec-9] select roles0_.user_account_id as user_acc1_18_0_, roles0_.id as id1_18_0_, roles0_.id as id1_0_1_, roles0_.version as version2_0_1_, roles0_.user_account_id as user_acc1_18_1_, roles0_.company as company1_7_1_, roles0_.sector as sector2_7_1_, roles0_.company as company1_8_1_, roles0_.link as link2_8_1_, roles0_.statement as statemen3_8_1_, roles0_.company as company1_10_1_, roles0_.link as link2_10_1_, roles0_.statement as statemen3_10_1_, roles0_.company as company1_13_1_, roles0_.sector as sector2_13_1_, roles0_.clazz_ as clazz_1_ from ( select id, version, user_account_id, company, sector, null as link, null as statement, 10 as clazz_ from consumer union all select id, version, user_account_id, company, null as sector, link, statement, 11 as clazz_ from inventor union all select id, version, user_account_id, company, null as sector, link, statement, 12 as clazz_ from patron union all select id, version, user_account_id, company, sector, null as link, null as statement, 13 as clazz_ from provider union all select id, version, user_account_id, null as company, null as sector, null as link, null as statement, 15 as clazz_ from administrator union all select id, version, user_account_id, null as company, null as sector, null as link, null as statement, 16 as clazz_ from anonymous union all select id, version, user_account_id, null as company, null as sector, null as link, null as statement, 17 as clazz_ from any union all select id, version, user_account_id, null as company, null as sector, null as link, null as statement, 18 as clazz_ from authenticated ) roles0_ where roles0_.user_account_id=? 
2022-04-01 18:55:04.165 TRACE [org.hibernate.type.descriptor.sql.BasicBinder@http-nio-8080-exec-9] binding parameter [1] as [INTEGER] - [1] 
2022-04-01 18:55:04.170 DEBUG [org.hibernate.SQL@http-nio-8080-exec-9] select item0_.id as id1_0_, item0_.version as version2_0_, item0_.code as code1_9_, item0_.description as descript2_9_, item0_.inventor_id as inventor9_9_, item0_.name as name3_9_, item0_.optional_link as optional4_9_, item0_.retail_price_amount as retail_p5_9_, item0_.retail_price_currency as retail_p6_9_, item0_.technology as technolo7_9_, item0_.tipo as tipo8_9_ from item item0_ where item0_.id=? 
2022-04-01 18:55:04.170 TRACE [org.hibernate.type.descriptor.sql.BasicBinder@http-nio-8080-exec-9] binding parameter [1] as [INTEGER] - [77] 
2022-04-01 18:55:04.171 DEBUG [org.hibernate.SQL@http-nio-8080-exec-9] select inventor0_.id as id1_0_0_, inventor0_.version as version2_0_0_, inventor0_.user_account_id as user_acc1_18_0_, inventor0_.company as company1_8_0_, inventor0_.link as link2_8_0_, inventor0_.statement as statemen3_8_0_, useraccoun1_.id as id1_0_1_, useraccoun1_.version as version2_0_1_, useraccoun1_.enabled as enabled1_17_1_, useraccoun1_.identity as identity2_17_1_, useraccoun1_.password as password3_17_1_, useraccoun1_.username as username4_17_1_ from inventor inventor0_ inner join user_account useraccoun1_ on inventor0_.user_account_id=useraccoun1_.id where inventor0_.id=? 
2022-04-01 18:55:04.171 TRACE [org.hibernate.type.descriptor.sql.BasicBinder@http-nio-8080-exec-9] binding parameter [1] as [INTEGER] - [13] 
2022-04-01 18:55:04.173 DEBUG [acme.framework.controllers.AbstractController@http-nio-8080-exec-9] SERVING GET /acme-toolkits-22.3/any/item/show 
2022-04-01 18:55:04.174 DEBUG [acme.framework.controllers.AbstractController@http-nio-8080-exec-9] Result: ModelAndView [view="any/item/form"; model={tipo=COMPONENT, code=BNM-987, optionalLink=null, name=Component 8, description=This is the component 8 and uses the tecnology 3, inventor=Inventor, technology=Technology3, id=77, retailPrice=<<USD 0.03>>, version=0, command=show, principal=acme.framework.entities.Principal@25d1cc54}] 
2022-04-01 18:55:04.174 DEBUG [acme.framework.components.tiles.DynamicTilesView@http-nio-8080-exec-9] View name 'any/item/form', model {tipo=COMPONENT, code=BNM-987, optionalLink=null, name=Component 8, description=This is the component 8 and uses the tecnology 3, inventor=Inventor, technology=Technology3, id=77, retailPrice=<<USD 0.03>>, version=0, command=show, principal=acme.framework.entities.Principal@25d1cc54, org.springframework.validation.BindingResult.retailPrice=org.springframework.validation.BeanPropertyBindingResult: 0 errors, org.springframework.validation.BindingResult.principal=org.springframework.validation.BeanPropertyBindingResult: 0 errors} 
2022-04-01 18:55:04.175 DEBUG [org.apache.jasper.servlet.JspServlet@http-nio-8080-exec-9] JspEngine --> /WEB-INF/views/master/page.jsp 
2022-04-01 18:55:04.175 DEBUG [org.apache.jasper.servlet.JspServlet@http-nio-8080-exec-9] ServletPath: /WEB-INF/views/master/page.jsp 
2022-04-01 18:55:04.175 DEBUG [org.apache.jasper.servlet.JspServlet@http-nio-8080-exec-9] PathInfo: null 
2022-04-01 18:55:04.176 DEBUG [org.apache.jasper.servlet.JspServlet@http-nio-8080-exec-9] RealPath: C:\Users\Jesus\Desktop\Workspace-22.0\Projects\Acme-Toolkits\target\classes\WEB-INF\views\master\page.jsp 
2022-04-01 18:55:04.177 DEBUG [org.apache.jasper.servlet.JspServlet@http-nio-8080-exec-9] RequestURI: /acme-toolkits-22.3/WEB-INF/views/master/page.jsp 
2022-04-01 18:55:04.177 DEBUG [org.apache.jasper.servlet.JspServlet@http-nio-8080-exec-9] QueryString: id=77 
2022-04-01 18:55:04.229 DEBUG [org.apache.jasper.servlet.JspServlet@http-nio-8080-exec-9] JspEngine --> /WEB-INF/views/any/item/form.jsp 
2022-04-01 18:55:04.229 DEBUG [org.apache.jasper.servlet.JspServlet@http-nio-8080-exec-9] ServletPath: /WEB-INF/views/master/page.jsp 
2022-04-01 18:55:04.229 DEBUG [org.apache.jasper.servlet.JspServlet@http-nio-8080-exec-9] PathInfo: null 
2022-04-01 18:55:04.230 DEBUG [org.apache.jasper.servlet.JspServlet@http-nio-8080-exec-9] RealPath: C:\Users\Jesus\Desktop\Workspace-22.0\Projects\Acme-Toolkits\target\classes\WEB-INF\views\any\item\form.jsp 
2022-04-01 18:55:04.230 DEBUG [org.apache.jasper.servlet.JspServlet@http-nio-8080-exec-9] RequestURI: /acme-toolkits-22.3/WEB-INF/views/master/page.jsp 
2022-04-01 18:55:04.230 DEBUG [org.apache.jasper.servlet.JspServlet@http-nio-8080-exec-9] QueryString: id=77 
2022-04-01 18:55:05.006 DEBUG [org.hibernate.SQL@http-nio-8080-exec-9] select useraccoun0_.id as id1_0_, useraccoun0_.version as version2_0_, useraccoun0_.enabled as enabled1_17_, useraccoun0_.identity as identity2_17_, useraccoun0_.password as password3_17_, useraccoun0_.username as username4_17_ from user_account useraccoun0_ where useraccoun0_.username=? 
2022-04-01 18:55:05.007 TRACE [org.hibernate.type.descriptor.sql.BasicBinder@http-nio-8080-exec-9] binding parameter [1] as [VARCHAR] - [anonymous] 
2022-04-01 18:55:05.008 DEBUG [org.hibernate.SQL@http-nio-8080-exec-9] select roles0_.user_account_id as user_acc1_18_0_, roles0_.id as id1_18_0_, roles0_.id as id1_0_1_, roles0_.version as version2_0_1_, roles0_.user_account_id as user_acc1_18_1_, roles0_.company as company1_7_1_, roles0_.sector as sector2_7_1_, roles0_.company as company1_8_1_, roles0_.link as link2_8_1_, roles0_.statement as statemen3_8_1_, roles0_.company as company1_10_1_, roles0_.link as link2_10_1_, roles0_.statement as statemen3_10_1_, roles0_.company as company1_13_1_, roles0_.sector as sector2_13_1_, roles0_.clazz_ as clazz_1_ from ( select id, version, user_account_id, company, sector, null as link, null as statement, 10 as clazz_ from consumer union all select id, version, user_account_id, company, null as sector, link, statement, 11 as clazz_ from inventor union all select id, version, user_account_id, company, null as sector, link, statement, 12 as clazz_ from patron union all select id, version, user_account_id, company, sector, null as link, null as statement, 13 as clazz_ from provider union all select id, version, user_account_id, null as company, null as sector, null as link, null as statement, 15 as clazz_ from administrator union all select id, version, user_account_id, null as company, null as sector, null as link, null as statement, 16 as clazz_ from anonymous union all select id, version, user_account_id, null as company, null as sector, null as link, null as statement, 17 as clazz_ from any union all select id, version, user_account_id, null as company, null as sector, null as link, null as statement, 18 as clazz_ from authenticated ) roles0_ where roles0_.user_account_id=? 
2022-04-01 18:55:05.008 TRACE [org.hibernate.type.descriptor.sql.BasicBinder@http-nio-8080-exec-9] binding parameter [1] as [INTEGER] - [1] 
