2022-03-18 12:01:22.716 INFO  [acme.Launcher@main] Starting Launcher using Java 1.8.0_281 on DESKTOP-43OFS7U with PID 11504 (C:\Users\Jesus\Desktop\Workspace-22.0\Frameworks\Acme-Framework-22.1\target\classes started by Jes£s in C:\Users\Jesus\Desktop\Workspace-22.0\Projects\Acme-Toolkits) 
2022-03-18 12:01:22.718 DEBUG [acme.Launcher@main] Running with Spring Boot v2.4.2, Spring v5.3.3 
2022-03-18 12:01:22.720 INFO  [acme.Launcher@main] The following profiles are active: development,populator 
2022-03-18 12:01:26.720 DEBUG [org.apache.jasper.servlet.JasperInitializer@main] Initializing Jasper for context [application] 
2022-03-18 12:01:34.513 DEBUG [org.apache.jasper.servlet.JspServlet@main] Scratch dir for the JSP engine is: [C:\Users\Jesus\AppData\Local\Temp\tomcat.8083.175213049289574406\work\Tomcat\localhost\acme-toolkits-22.1] 
2022-03-18 12:01:34.514 DEBUG [org.apache.jasper.servlet.JspServlet@main] IMPORTANT: Do not modify the generated servlets 
2022-03-18 12:01:34.531 INFO  [acme.Launcher@main] Started Launcher in 13.016 seconds (JVM running for 14.432) 
2022-03-18 12:01:34.538 DEBUG [acme.Launcher@main] Found classpath entry '/C:/Users/Jesus/Desktop/Workspace-22.0/Projects/Acme-Toolkits/target/test-classes/' 
2022-03-18 12:01:34.539 DEBUG [acme.Launcher@main] Found classpath entry '/C:/Users/Jesus/Desktop/Workspace-22.0/Projects/Acme-Toolkits/target/classes/' 
2022-03-18 12:01:34.539 DEBUG [acme.Launcher@main] Found classpath entry '/C:/Users/Jesus/Desktop/Workspace-22.0/Frameworks/Acme-Framework-22.1/target/classes/' 
2022-03-18 12:01:34.539 DEBUG [acme.Launcher@main] Found classpath entry '/C:/Users/Jesus/Desktop/Workspace-22.0/Frameworks/Acme-Framework-22.1/target/test-classes/' 
2022-03-18 12:01:34.540 DEBUG [acme.Launcher@main] Found classpath entry '/C:/Users/Jesus/.m2/repository/org/springframework/boot/spring-boot-starter-tomcat/2.4.2/spring-boot-starter-tomcat-2.4.2.jar' 
2022-03-18 12:01:34.540 DEBUG [acme.Launcher@main] Found classpath entry '/C:/Users/Jesus/.m2/repository/jakarta/annotation/jakarta.annotation-api/1.3.5/jakarta.annotation-api-1.3.5.jar' 
2022-03-18 12:01:34.540 DEBUG [acme.Launcher@main] Found classpath entry '/C:/Users/Jesus/.m2/repository/org/apache/tomcat/embed/tomcat-embed-core/9.0.41/tomcat-embed-core-9.0.41.jar' 
2022-03-18 12:01:34.541 DEBUG [acme.Launcher@main] Found classpath entry '/C:/Users/Jesus/.m2/repository/org/glassfish/jakarta.el/3.0.3/jakarta.el-3.0.3.jar' 
2022-03-18 12:01:34.541 DEBUG [acme.Launcher@main] Found classpath entry '/C:/Users/Jesus/.m2/repository/org/apache/tomcat/embed/tomcat-embed-websocket/9.0.41/tomcat-embed-websocket-9.0.41.jar' 
2022-03-18 12:01:34.542 DEBUG [acme.Launcher@main] Found classpath entry '/C:/Users/Jesus/.m2/repository/org/apache/tomcat/embed/tomcat-embed-jasper/9.0.41/tomcat-embed-jasper-9.0.41.jar' 
2022-03-18 12:01:34.542 DEBUG [acme.Launcher@main] Found classpath entry '/C:/Users/Jesus/.m2/repository/org/apache/tomcat/embed/tomcat-embed-el/9.0.41/tomcat-embed-el-9.0.41.jar' 
2022-03-18 12:01:34.542 DEBUG [acme.Launcher@main] Found classpath entry '/C:/Users/Jesus/.m2/repository/org/eclipse/jdt/ecj/3.18.0/ecj-3.18.0.jar' 
2022-03-18 12:01:34.543 DEBUG [acme.Launcher@main] Found classpath entry '/C:/Users/Jesus/.m2/repository/javax/servlet/jstl/1.2/jstl-1.2.jar' 
2022-03-18 12:01:34.543 DEBUG [acme.Launcher@main] Found classpath entry '/C:/Users/Jesus/.m2/repository/org/springframework/boot/spring-boot-starter-test/2.4.2/spring-boot-starter-test-2.4.2.jar' 
2022-03-18 12:01:34.544 DEBUG [acme.Launcher@main] Found classpath entry '/C:/Users/Jesus/.m2/repository/org/springframework/boot/spring-boot-starter/2.4.2/spring-boot-starter-2.4.2.jar' 
2022-03-18 12:01:34.544 DEBUG [acme.Launcher@main] Found classpath entry '/C:/Users/Jesus/.m2/repository/org/springframework/boot/spring-boot/2.4.2/spring-boot-2.4.2.jar' 
2022-03-18 12:01:34.544 DEBUG [acme.Launcher@main] Found classpath entry '/C:/Users/Jesus/.m2/repository/org/springframework/boot/spring-boot-autoconfigure/2.4.2/spring-boot-autoconfigure-2.4.2.jar' 
2022-03-18 12:01:34.545 DEBUG [acme.Launcher@main] Found classpath entry '/C:/Users/Jesus/.m2/repository/org/springframework/boot/spring-boot-starter-logging/2.4.2/spring-boot-starter-logging-2.4.2.jar' 
2022-03-18 12:01:34.545 DEBUG [acme.Launcher@main] Found classpath entry '/C:/Users/Jesus/.m2/repository/ch/qos/logback/logback-classic/1.2.3/logback-classic-1.2.3.jar' 
2022-03-18 12:01:34.546 DEBUG [acme.Launcher@main] Found classpath entry '/C:/Users/Jesus/.m2/repository/ch/qos/logback/logback-core/1.2.3/logback-core-1.2.3.jar' 
2022-03-18 12:01:34.546 DEBUG [acme.Launcher@main] Found classpath entry '/C:/Users/Jesus/.m2/repository/org/apache/logging/log4j/log4j-to-slf4j/2.13.3/log4j-to-slf4j-2.13.3.jar' 
2022-03-18 12:01:34.546 DEBUG [acme.Launcher@main] Found classpath entry '/C:/Users/Jesus/.m2/repository/org/apache/logging/log4j/log4j-api/2.13.3/log4j-api-2.13.3.jar' 
2022-03-18 12:01:34.547 DEBUG [acme.Launcher@main] Found classpath entry '/C:/Users/Jesus/.m2/repository/org/slf4j/jul-to-slf4j/1.7.30/jul-to-slf4j-1.7.30.jar' 
2022-03-18 12:01:34.547 DEBUG [acme.Launcher@main] Found classpath entry '/C:/Users/Jesus/.m2/repository/org/yaml/snakeyaml/1.27/snakeyaml-1.27.jar' 
2022-03-18 12:01:34.547 DEBUG [acme.Launcher@main] Found classpath entry '/C:/Users/Jesus/.m2/repository/org/springframework/boot/spring-boot-test/2.4.2/spring-boot-test-2.4.2.jar' 
2022-03-18 12:01:34.548 DEBUG [acme.Launcher@main] Found classpath entry '/C:/Users/Jesus/.m2/repository/org/springframework/boot/spring-boot-test-autoconfigure/2.4.2/spring-boot-test-autoconfigure-2.4.2.jar' 
2022-03-18 12:01:34.548 DEBUG [acme.Launcher@main] Found classpath entry '/C:/Users/Jesus/.m2/repository/com/jayway/jsonpath/json-path/2.4.0/json-path-2.4.0.jar' 
2022-03-18 12:01:34.548 DEBUG [acme.Launcher@main] Found classpath entry '/C:/Users/Jesus/.m2/repository/net/minidev/json-smart/2.3/json-smart-2.3.jar' 
2022-03-18 12:01:34.549 DEBUG [acme.Launcher@main] Found classpath entry '/C:/Users/Jesus/.m2/repository/net/minidev/accessors-smart/1.2/accessors-smart-1.2.jar' 
2022-03-18 12:01:34.549 DEBUG [acme.Launcher@main] Found classpath entry '/C:/Users/Jesus/.m2/repository/org/ow2/asm/asm/5.0.4/asm-5.0.4.jar' 
2022-03-18 12:01:34.549 DEBUG [acme.Launcher@main] Found classpath entry '/C:/Users/Jesus/.m2/repository/jakarta/xml/bind/jakarta.xml.bind-api/2.3.3/jakarta.xml.bind-api-2.3.3.jar' 
2022-03-18 12:01:34.550 DEBUG [acme.Launcher@main] Found classpath entry '/C:/Users/Jesus/.m2/repository/jakarta/activation/jakarta.activation-api/1.2.2/jakarta.activation-api-1.2.2.jar' 
2022-03-18 12:01:34.550 DEBUG [acme.Launcher@main] Found classpath entry '/C:/Users/Jesus/.m2/repository/org/assertj/assertj-core/3.18.1/assertj-core-3.18.1.jar' 
2022-03-18 12:01:34.551 DEBUG [acme.Launcher@main] Found classpath entry '/C:/Users/Jesus/.m2/repository/org/hamcrest/hamcrest/2.2/hamcrest-2.2.jar' 
2022-03-18 12:01:34.551 DEBUG [acme.Launcher@main] Found classpath entry '/C:/Users/Jesus/.m2/repository/org/junit/jupiter/junit-jupiter/5.7.0/junit-jupiter-5.7.0.jar' 
2022-03-18 12:01:34.551 DEBUG [acme.Launcher@main] Found classpath entry '/C:/Users/Jesus/.m2/repository/org/mockito/mockito-core/3.6.28/mockito-core-3.6.28.jar' 
2022-03-18 12:01:34.552 DEBUG [acme.Launcher@main] Found classpath entry '/C:/Users/Jesus/.m2/repository/net/bytebuddy/byte-buddy-agent/1.10.19/byte-buddy-agent-1.10.19.jar' 
2022-03-18 12:01:34.552 DEBUG [acme.Launcher@main] Found classpath entry '/C:/Users/Jesus/.m2/repository/org/objenesis/objenesis/3.1/objenesis-3.1.jar' 
2022-03-18 12:01:34.552 DEBUG [acme.Launcher@main] Found classpath entry '/C:/Users/Jesus/.m2/repository/org/mockito/mockito-junit-jupiter/3.6.28/mockito-junit-jupiter-3.6.28.jar' 
2022-03-18 12:01:34.553 DEBUG [acme.Launcher@main] Found classpath entry '/C:/Users/Jesus/.m2/repository/org/skyscreamer/jsonassert/1.5.0/jsonassert-1.5.0.jar' 
2022-03-18 12:01:34.553 DEBUG [acme.Launcher@main] Found classpath entry '/C:/Users/Jesus/.m2/repository/com/vaadin/external/google/android-json/0.0.20131108.vaadin1/android-json-0.0.20131108.vaadin1.jar' 
2022-03-18 12:01:34.553 DEBUG [acme.Launcher@main] Found classpath entry '/C:/Users/Jesus/.m2/repository/org/springframework/spring-core/5.3.3/spring-core-5.3.3.jar' 
2022-03-18 12:01:34.554 DEBUG [acme.Launcher@main] Found classpath entry '/C:/Users/Jesus/.m2/repository/org/springframework/spring-jcl/5.3.3/spring-jcl-5.3.3.jar' 
2022-03-18 12:01:34.554 DEBUG [acme.Launcher@main] Found classpath entry '/C:/Users/Jesus/.m2/repository/org/springframework/spring-test/5.3.3/spring-test-5.3.3.jar' 
2022-03-18 12:01:34.555 DEBUG [acme.Launcher@main] Found classpath entry '/C:/Users/Jesus/.m2/repository/org/xmlunit/xmlunit-core/2.7.0/xmlunit-core-2.7.0.jar' 
2022-03-18 12:01:34.555 DEBUG [acme.Launcher@main] Found classpath entry '/C:/Users/Jesus/.m2/repository/org/springframework/boot/spring-boot-starter-security/2.4.2/spring-boot-starter-security-2.4.2.jar' 
2022-03-18 12:01:34.555 DEBUG [acme.Launcher@main] Found classpath entry '/C:/Users/Jesus/.m2/repository/org/springframework/spring-aop/5.3.3/spring-aop-5.3.3.jar' 
2022-03-18 12:01:34.556 DEBUG [acme.Launcher@main] Found classpath entry '/C:/Users/Jesus/.m2/repository/org/springframework/security/spring-security-web/5.4.2/spring-security-web-5.4.2.jar' 
2022-03-18 12:01:34.556 DEBUG [acme.Launcher@main] Found classpath entry '/C:/Users/Jesus/.m2/repository/org/springframework/security/spring-security-core/5.4.2/spring-security-core-5.4.2.jar' 
2022-03-18 12:01:34.556 DEBUG [acme.Launcher@main] Found classpath entry '/C:/Users/Jesus/.m2/repository/org/springframework/spring-beans/5.3.3/spring-beans-5.3.3.jar' 
2022-03-18 12:01:34.557 DEBUG [acme.Launcher@main] Found classpath entry '/C:/Users/Jesus/.m2/repository/org/springframework/spring-context/5.3.3/spring-context-5.3.3.jar' 
2022-03-18 12:01:34.557 DEBUG [acme.Launcher@main] Found classpath entry '/C:/Users/Jesus/.m2/repository/org/springframework/spring-expression/5.3.3/spring-expression-5.3.3.jar' 
2022-03-18 12:01:34.557 DEBUG [acme.Launcher@main] Found classpath entry '/C:/Users/Jesus/.m2/repository/org/springframework/spring-web/5.3.3/spring-web-5.3.3.jar' 
2022-03-18 12:01:34.558 DEBUG [acme.Launcher@main] Found classpath entry '/C:/Users/Jesus/.m2/repository/org/springframework/security/spring-security-config/5.4.2/spring-security-config-5.4.2.jar' 
2022-03-18 12:01:34.558 DEBUG [acme.Launcher@main] Found classpath entry '/C:/Users/Jesus/.m2/repository/org/springframework/security/spring-security-taglibs/5.4.2/spring-security-taglibs-5.4.2.jar' 
2022-03-18 12:01:34.558 DEBUG [acme.Launcher@main] Found classpath entry '/C:/Users/Jesus/.m2/repository/org/springframework/security/spring-security-acl/5.4.2/spring-security-acl-5.4.2.jar' 
2022-03-18 12:01:34.559 DEBUG [acme.Launcher@main] Found classpath entry '/C:/Users/Jesus/.m2/repository/org/springframework/spring-jdbc/5.3.3/spring-jdbc-5.3.3.jar' 
2022-03-18 12:01:34.559 DEBUG [acme.Launcher@main] Found classpath entry '/C:/Users/Jesus/.m2/repository/org/springframework/spring-tx/5.3.3/spring-tx-5.3.3.jar' 
2022-03-18 12:01:34.559 DEBUG [acme.Launcher@main] Found classpath entry '/C:/Users/Jesus/.m2/repository/org/springframework/boot/spring-boot-starter-web/2.4.2/spring-boot-starter-web-2.4.2.jar' 
2022-03-18 12:01:34.560 DEBUG [acme.Launcher@main] Found classpath entry '/C:/Users/Jesus/.m2/repository/org/springframework/boot/spring-boot-starter-json/2.4.2/spring-boot-starter-json-2.4.2.jar' 
2022-03-18 12:01:34.560 DEBUG [acme.Launcher@main] Found classpath entry '/C:/Users/Jesus/.m2/repository/com/fasterxml/jackson/core/jackson-databind/2.11.4/jackson-databind-2.11.4.jar' 
2022-03-18 12:01:34.561 DEBUG [acme.Launcher@main] Found classpath entry '/C:/Users/Jesus/.m2/repository/com/fasterxml/jackson/core/jackson-annotations/2.11.4/jackson-annotations-2.11.4.jar' 
2022-03-18 12:01:34.561 DEBUG [acme.Launcher@main] Found classpath entry '/C:/Users/Jesus/.m2/repository/com/fasterxml/jackson/core/jackson-core/2.11.4/jackson-core-2.11.4.jar' 
2022-03-18 12:01:34.561 DEBUG [acme.Launcher@main] Found classpath entry '/C:/Users/Jesus/.m2/repository/com/fasterxml/jackson/datatype/jackson-datatype-jdk8/2.11.4/jackson-datatype-jdk8-2.11.4.jar' 
2022-03-18 12:01:34.562 DEBUG [acme.Launcher@main] Found classpath entry '/C:/Users/Jesus/.m2/repository/com/fasterxml/jackson/datatype/jackson-datatype-jsr310/2.11.4/jackson-datatype-jsr310-2.11.4.jar' 
2022-03-18 12:01:34.562 DEBUG [acme.Launcher@main] Found classpath entry '/C:/Users/Jesus/.m2/repository/com/fasterxml/jackson/module/jackson-module-parameter-names/2.11.4/jackson-module-parameter-names-2.11.4.jar' 
2022-03-18 12:01:34.562 DEBUG [acme.Launcher@main] Found classpath entry '/C:/Users/Jesus/.m2/repository/org/springframework/spring-webmvc/5.3.3/spring-webmvc-5.3.3.jar' 
2022-03-18 12:01:34.563 DEBUG [acme.Launcher@main] Found classpath entry '/C:/Users/Jesus/.m2/repository/org/apache/tiles/tiles-jsp/3.0.8/tiles-jsp-3.0.8.jar' 
2022-03-18 12:01:34.563 DEBUG [acme.Launcher@main] Found classpath entry '/C:/Users/Jesus/.m2/repository/org/apache/tiles/tiles-servlet/3.0.8/tiles-servlet-3.0.8.jar' 
2022-03-18 12:01:34.563 DEBUG [acme.Launcher@main] Found classpath entry '/C:/Users/Jesus/.m2/repository/org/apache/tiles/tiles-core/3.0.8/tiles-core-3.0.8.jar' 
2022-03-18 12:01:34.564 DEBUG [acme.Launcher@main] Found classpath entry '/C:/Users/Jesus/.m2/repository/commons-digester/commons-digester/2.0/commons-digester-2.0.jar' 
2022-03-18 12:01:34.564 DEBUG [acme.Launcher@main] Found classpath entry '/C:/Users/Jesus/.m2/repository/org/slf4j/jcl-over-slf4j/1.7.30/jcl-over-slf4j-1.7.30.jar' 
2022-03-18 12:01:34.564 DEBUG [acme.Launcher@main] Found classpath entry '/C:/Users/Jesus/.m2/repository/org/apache/tiles/tiles-request-servlet/1.0.7/tiles-request-servlet-1.0.7.jar' 
2022-03-18 12:01:34.565 DEBUG [acme.Launcher@main] Found classpath entry '/C:/Users/Jesus/.m2/repository/org/apache/tiles/tiles-template/3.0.8/tiles-template-3.0.8.jar' 
2022-03-18 12:01:34.565 DEBUG [acme.Launcher@main] Found classpath entry '/C:/Users/Jesus/.m2/repository/org/apache/tiles/tiles-api/3.0.8/tiles-api-3.0.8.jar' 
2022-03-18 12:01:34.565 DEBUG [acme.Launcher@main] Found classpath entry '/C:/Users/Jesus/.m2/repository/org/apache/tiles/tiles-autotag-core-runtime/1.2/tiles-autotag-core-runtime-1.2.jar' 
2022-03-18 12:01:34.566 DEBUG [acme.Launcher@main] Found classpath entry '/C:/Users/Jesus/.m2/repository/org/slf4j/slf4j-api/1.7.30/slf4j-api-1.7.30.jar' 
2022-03-18 12:01:34.566 DEBUG [acme.Launcher@main] Found classpath entry '/C:/Users/Jesus/.m2/repository/org/apache/tiles/tiles-request-jsp/1.0.7/tiles-request-jsp-1.0.7.jar' 
2022-03-18 12:01:34.566 DEBUG [acme.Launcher@main] Found classpath entry '/C:/Users/Jesus/.m2/repository/org/apache/tiles/tiles-request-api/1.0.7/tiles-request-api-1.0.7.jar' 
2022-03-18 12:01:34.567 DEBUG [acme.Launcher@main] Found classpath entry '/C:/Users/Jesus/.m2/repository/org/springframework/boot/spring-boot-starter-data-jpa/2.4.2/spring-boot-starter-data-jpa-2.4.2.jar' 
2022-03-18 12:01:34.567 DEBUG [acme.Launcher@main] Found classpath entry '/C:/Users/Jesus/.m2/repository/org/springframework/boot/spring-boot-starter-aop/2.4.2/spring-boot-starter-aop-2.4.2.jar' 
2022-03-18 12:01:34.567 DEBUG [acme.Launcher@main] Found classpath entry '/C:/Users/Jesus/.m2/repository/org/aspectj/aspectjweaver/1.9.6/aspectjweaver-1.9.6.jar' 
2022-03-18 12:01:34.568 DEBUG [acme.Launcher@main] Found classpath entry '/C:/Users/Jesus/.m2/repository/org/springframework/boot/spring-boot-starter-jdbc/2.4.2/spring-boot-starter-jdbc-2.4.2.jar' 
2022-03-18 12:01:34.568 DEBUG [acme.Launcher@main] Found classpath entry '/C:/Users/Jesus/.m2/repository/jakarta/transaction/jakarta.transaction-api/1.3.3/jakarta.transaction-api-1.3.3.jar' 
2022-03-18 12:01:34.568 DEBUG [acme.Launcher@main] Found classpath entry '/C:/Users/Jesus/.m2/repository/jakarta/persistence/jakarta.persistence-api/2.2.3/jakarta.persistence-api-2.2.3.jar' 
2022-03-18 12:01:34.569 DEBUG [acme.Launcher@main] Found classpath entry '/C:/Users/Jesus/.m2/repository/org/hibernate/hibernate-core/5.4.27.Final/hibernate-core-5.4.27.Final.jar' 
2022-03-18 12:01:34.569 DEBUG [acme.Launcher@main] Found classpath entry '/C:/Users/Jesus/.m2/repository/org/jboss/logging/jboss-logging/3.4.1.Final/jboss-logging-3.4.1.Final.jar' 
2022-03-18 12:01:34.569 DEBUG [acme.Launcher@main] Found classpath entry '/C:/Users/Jesus/.m2/repository/org/javassist/javassist/3.27.0-GA/javassist-3.27.0-GA.jar' 
2022-03-18 12:01:34.570 DEBUG [acme.Launcher@main] Found classpath entry '/C:/Users/Jesus/.m2/repository/antlr/antlr/2.7.7/antlr-2.7.7.jar' 
2022-03-18 12:01:34.570 DEBUG [acme.Launcher@main] Found classpath entry '/C:/Users/Jesus/.m2/repository/org/jboss/jandex/2.1.3.Final/jandex-2.1.3.Final.jar' 
2022-03-18 12:01:34.570 DEBUG [acme.Launcher@main] Found classpath entry '/C:/Users/Jesus/.m2/repository/com/fasterxml/classmate/1.5.1/classmate-1.5.1.jar' 
2022-03-18 12:01:34.571 DEBUG [acme.Launcher@main] Found classpath entry '/C:/Users/Jesus/.m2/repository/org/dom4j/dom4j/2.1.3/dom4j-2.1.3.jar' 
2022-03-18 12:01:34.571 DEBUG [acme.Launcher@main] Found classpath entry '/C:/Users/Jesus/.m2/repository/org/hibernate/common/hibernate-commons-annotations/5.1.2.Final/hibernate-commons-annotations-5.1.2.Final.jar' 
2022-03-18 12:01:34.571 DEBUG [acme.Launcher@main] Found classpath entry '/C:/Users/Jesus/.m2/repository/org/glassfish/jaxb/jaxb-runtime/2.3.3/jaxb-runtime-2.3.3.jar' 
2022-03-18 12:01:34.572 DEBUG [acme.Launcher@main] Found classpath entry '/C:/Users/Jesus/.m2/repository/org/glassfish/jaxb/txw2/2.3.3/txw2-2.3.3.jar' 
2022-03-18 12:01:34.572 DEBUG [acme.Launcher@main] Found classpath entry '/C:/Users/Jesus/.m2/repository/com/sun/istack/istack-commons-runtime/3.0.11/istack-commons-runtime-3.0.11.jar' 
2022-03-18 12:01:34.572 DEBUG [acme.Launcher@main] Found classpath entry '/C:/Users/Jesus/.m2/repository/com/sun/activation/jakarta.activation/1.2.2/jakarta.activation-1.2.2.jar' 
2022-03-18 12:01:34.572 DEBUG [acme.Launcher@main] Found classpath entry '/C:/Users/Jesus/.m2/repository/org/springframework/data/spring-data-jpa/2.4.3/spring-data-jpa-2.4.3.jar' 
2022-03-18 12:01:34.573 DEBUG [acme.Launcher@main] Found classpath entry '/C:/Users/Jesus/.m2/repository/org/springframework/data/spring-data-commons/2.4.3/spring-data-commons-2.4.3.jar' 
2022-03-18 12:01:34.573 DEBUG [acme.Launcher@main] Found classpath entry '/C:/Users/Jesus/.m2/repository/org/springframework/spring-orm/5.3.3/spring-orm-5.3.3.jar' 
2022-03-18 12:01:34.573 DEBUG [acme.Launcher@main] Found classpath entry '/C:/Users/Jesus/.m2/repository/org/springframework/spring-aspects/5.3.3/spring-aspects-5.3.3.jar' 
2022-03-18 12:01:34.573 DEBUG [acme.Launcher@main] Found classpath entry '/C:/Users/Jesus/.m2/repository/org/springframework/boot/spring-boot-starter-validation/2.4.2/spring-boot-starter-validation-2.4.2.jar' 
2022-03-18 12:01:34.574 DEBUG [acme.Launcher@main] Found classpath entry '/C:/Users/Jesus/.m2/repository/org/hibernate/validator/hibernate-validator/6.1.7.Final/hibernate-validator-6.1.7.Final.jar' 
2022-03-18 12:01:34.574 DEBUG [acme.Launcher@main] Found classpath entry '/C:/Users/Jesus/.m2/repository/jakarta/validation/jakarta.validation-api/2.0.2/jakarta.validation-api-2.0.2.jar' 
2022-03-18 12:01:34.575 DEBUG [acme.Launcher@main] Found classpath entry '/C:/Users/Jesus/.m2/repository/mysql/mysql-connector-java/8.0.22/mysql-connector-java-8.0.22.jar' 
2022-03-18 12:01:34.575 DEBUG [acme.Launcher@main] Found classpath entry '/C:/Users/Jesus/.m2/repository/com/zaxxer/HikariCP/3.4.5/HikariCP-3.4.5.jar' 
2022-03-18 12:01:34.575 DEBUG [acme.Launcher@main] Found classpath entry '/C:/Users/Jesus/.m2/repository/org/junit/jupiter/junit-jupiter-engine/5.7.0/junit-jupiter-engine-5.7.0.jar' 
2022-03-18 12:01:34.575 DEBUG [acme.Launcher@main] Found classpath entry '/C:/Users/Jesus/.m2/repository/org/apiguardian/apiguardian-api/1.1.0/apiguardian-api-1.1.0.jar' 
2022-03-18 12:01:34.576 DEBUG [acme.Launcher@main] Found classpath entry '/C:/Users/Jesus/.m2/repository/org/junit/platform/junit-platform-engine/1.7.0/junit-platform-engine-1.7.0.jar' 
2022-03-18 12:01:34.576 DEBUG [acme.Launcher@main] Found classpath entry '/C:/Users/Jesus/.m2/repository/org/junit/jupiter/junit-jupiter-api/5.7.0/junit-jupiter-api-5.7.0.jar' 
2022-03-18 12:01:34.577 DEBUG [acme.Launcher@main] Found classpath entry '/C:/Users/Jesus/.m2/repository/org/opentest4j/opentest4j/1.2.0/opentest4j-1.2.0.jar' 
2022-03-18 12:01:34.577 DEBUG [acme.Launcher@main] Found classpath entry '/C:/Users/Jesus/.m2/repository/org/junit/platform/junit-platform-commons/1.7.0/junit-platform-commons-1.7.0.jar' 
2022-03-18 12:01:34.577 DEBUG [acme.Launcher@main] Found classpath entry '/C:/Users/Jesus/.m2/repository/org/junit/jupiter/junit-jupiter-params/5.7.0/junit-jupiter-params-5.7.0.jar' 
2022-03-18 12:01:34.578 DEBUG [acme.Launcher@main] Found classpath entry '/C:/Users/Jesus/.m2/repository/org/junit/platform/junit-platform-launcher/1.7.0/junit-platform-launcher-1.7.0.jar' 
2022-03-18 12:01:34.578 DEBUG [acme.Launcher@main] Found classpath entry '/C:/Users/Jesus/.m2/repository/org/seleniumhq/selenium/selenium-java/3.141.59/selenium-java-3.141.59.jar' 
2022-03-18 12:01:34.578 DEBUG [acme.Launcher@main] Found classpath entry '/C:/Users/Jesus/.m2/repository/org/seleniumhq/selenium/selenium-api/3.141.59/selenium-api-3.141.59.jar' 
2022-03-18 12:01:34.579 DEBUG [acme.Launcher@main] Found classpath entry '/C:/Users/Jesus/.m2/repository/org/seleniumhq/selenium/selenium-chrome-driver/3.141.59/selenium-chrome-driver-3.141.59.jar' 
2022-03-18 12:01:34.579 DEBUG [acme.Launcher@main] Found classpath entry '/C:/Users/Jesus/.m2/repository/org/seleniumhq/selenium/selenium-edge-driver/3.141.59/selenium-edge-driver-3.141.59.jar' 
2022-03-18 12:01:34.579 DEBUG [acme.Launcher@main] Found classpath entry '/C:/Users/Jesus/.m2/repository/org/seleniumhq/selenium/selenium-firefox-driver/3.141.59/selenium-firefox-driver-3.141.59.jar' 
2022-03-18 12:01:34.579 DEBUG [acme.Launcher@main] Found classpath entry '/C:/Users/Jesus/.m2/repository/org/seleniumhq/selenium/selenium-ie-driver/3.141.59/selenium-ie-driver-3.141.59.jar' 
2022-03-18 12:01:34.580 DEBUG [acme.Launcher@main] Found classpath entry '/C:/Users/Jesus/.m2/repository/org/seleniumhq/selenium/selenium-opera-driver/3.141.59/selenium-opera-driver-3.141.59.jar' 
2022-03-18 12:01:34.580 DEBUG [acme.Launcher@main] Found classpath entry '/C:/Users/Jesus/.m2/repository/org/seleniumhq/selenium/selenium-remote-driver/3.141.59/selenium-remote-driver-3.141.59.jar' 
2022-03-18 12:01:34.580 DEBUG [acme.Launcher@main] Found classpath entry '/C:/Users/Jesus/.m2/repository/org/seleniumhq/selenium/selenium-safari-driver/3.141.59/selenium-safari-driver-3.141.59.jar' 
2022-03-18 12:01:34.581 DEBUG [acme.Launcher@main] Found classpath entry '/C:/Users/Jesus/.m2/repository/org/seleniumhq/selenium/selenium-support/3.141.59/selenium-support-3.141.59.jar' 
2022-03-18 12:01:34.581 DEBUG [acme.Launcher@main] Found classpath entry '/C:/Users/Jesus/.m2/repository/net/bytebuddy/byte-buddy/1.10.19/byte-buddy-1.10.19.jar' 
2022-03-18 12:01:34.581 DEBUG [acme.Launcher@main] Found classpath entry '/C:/Users/Jesus/.m2/repository/org/apache/commons/commons-exec/1.3/commons-exec-1.3.jar' 
2022-03-18 12:01:34.581 DEBUG [acme.Launcher@main] Found classpath entry '/C:/Users/Jesus/.m2/repository/com/google/guava/guava/25.0-jre/guava-25.0-jre.jar' 
2022-03-18 12:01:34.582 DEBUG [acme.Launcher@main] Found classpath entry '/C:/Users/Jesus/.m2/repository/com/google/code/findbugs/jsr305/1.3.9/jsr305-1.3.9.jar' 
2022-03-18 12:01:34.582 DEBUG [acme.Launcher@main] Found classpath entry '/C:/Users/Jesus/.m2/repository/org/checkerframework/checker-compat-qual/2.0.0/checker-compat-qual-2.0.0.jar' 
2022-03-18 12:01:34.582 DEBUG [acme.Launcher@main] Found classpath entry '/C:/Users/Jesus/.m2/repository/com/google/errorprone/error_prone_annotations/2.1.3/error_prone_annotations-2.1.3.jar' 
2022-03-18 12:01:34.582 DEBUG [acme.Launcher@main] Found classpath entry '/C:/Users/Jesus/.m2/repository/com/google/j2objc/j2objc-annotations/1.1/j2objc-annotations-1.1.jar' 
2022-03-18 12:01:34.583 DEBUG [acme.Launcher@main] Found classpath entry '/C:/Users/Jesus/.m2/repository/org/codehaus/mojo/animal-sniffer-annotations/1.14/animal-sniffer-annotations-1.14.jar' 
2022-03-18 12:01:34.583 DEBUG [acme.Launcher@main] Found classpath entry '/C:/Users/Jesus/.m2/repository/com/squareup/okhttp3/okhttp/3.14.9/okhttp-3.14.9.jar' 
2022-03-18 12:01:34.583 DEBUG [acme.Launcher@main] Found classpath entry '/C:/Users/Jesus/.m2/repository/com/squareup/okio/okio/1.14.0/okio-1.14.0.jar' 
2022-03-18 12:01:34.583 DEBUG [acme.Launcher@main] Found classpath entry '/C:/Users/Jesus/.m2/repository/org/apache/commons/commons-lang3/3.11/commons-lang3-3.11.jar' 
2022-03-18 12:01:34.584 DEBUG [acme.Launcher@main] Found classpath entry '/C:/Users/Jesus/.m2/repository/org/apache/commons/commons-text/1.8/commons-text-1.8.jar' 
2022-03-18 12:01:34.584 DEBUG [acme.Launcher@main] Found classpath entry '/C:/Users/Jesus/.m2/repository/commons-io/commons-io/2.6/commons-io-2.6.jar' 
2022-03-18 12:01:34.584 DEBUG [acme.Launcher@main] Found classpath entry '/C:/Users/Jesus/.m2/repository/commons-cli/commons-cli/1.4/commons-cli-1.4.jar' 
2022-03-18 12:01:34.585 DEBUG [acme.Launcher@main] Found classpath entry '/C:/Users/Jesus/.m2/repository/org/projectlombok/lombok/1.18.16/lombok-1.18.16.jar' 
2022-03-18 12:01:34.585 DEBUG [acme.Launcher@main] Found classpath entry '/C:/Users/Jesus/.m2/repository/com/opencsv/opencsv/5.4/opencsv-5.4.jar' 
2022-03-18 12:01:34.585 DEBUG [acme.Launcher@main] Found classpath entry '/C:/Users/Jesus/.m2/repository/commons-beanutils/commons-beanutils/1.9.4/commons-beanutils-1.9.4.jar' 
2022-03-18 12:01:34.585 DEBUG [acme.Launcher@main] Found classpath entry '/C:/Users/Jesus/.m2/repository/commons-logging/commons-logging/1.2/commons-logging-1.2.jar' 
2022-03-18 12:01:34.586 DEBUG [acme.Launcher@main] Found classpath entry '/C:/Users/Jesus/.m2/repository/commons-collections/commons-collections/3.2.2/commons-collections-3.2.2.jar' 
2022-03-18 12:01:34.586 DEBUG [acme.Launcher@main] Found classpath entry '/C:/Users/Jesus/.m2/repository/org/apache/commons/commons-collections4/4.4/commons-collections4-4.4.jar' 
2022-03-18 12:01:34.586 DEBUG [acme.Launcher@main] Found classpath entry '/C:/Users/Jesus/Desktop/Workspace-22.0/Tools/IDEs/eclipse-jee-2021-12-R/configuration/org.eclipse.osgi/418/0/.cp/lib/javaagent-shaded.jar' 
2022-03-18 12:01:34.684 DEBUG [acme.Launcher@main] Found entity class 'acme.entities.Announcement 
2022-03-18 12:01:34.685 DEBUG [acme.Launcher@main] Found entity class 'acme.entities.Chirp 
2022-03-18 12:01:34.685 DEBUG [acme.Launcher@main] Found entity class 'acme.entities.Item 
2022-03-18 12:01:34.685 DEBUG [acme.Launcher@main] Found entity class 'acme.entities.Patronage 
2022-03-18 12:01:34.685 DEBUG [acme.Launcher@main] Found entity class 'acme.entities.Quantity 
2022-03-18 12:01:34.685 DEBUG [acme.Launcher@main] Found entity class 'acme.entities.SystemConfiguration 
2022-03-18 12:01:34.686 DEBUG [acme.Launcher@main] Found entity class 'acme.entities.Toolkit 
2022-03-18 12:01:34.686 DEBUG [acme.Launcher@main] Found entity class 'acme.roles.Consumer 
2022-03-18 12:01:34.686 DEBUG [acme.Launcher@main] Found entity class 'acme.roles.Inventor 
2022-03-18 12:01:34.686 DEBUG [acme.Launcher@main] Found entity class 'acme.roles.Patron 
2022-03-18 12:01:34.686 DEBUG [acme.Launcher@main] Found entity class 'acme.roles.Provider 
2022-03-18 12:01:34.686 DEBUG [acme.Launcher@main] Found entity class 'acme.framework.entities.UserAccount 
2022-03-18 12:01:34.687 DEBUG [acme.Launcher@main] Found entity class 'acme.framework.roles.Administrator 
2022-03-18 12:01:34.687 DEBUG [acme.Launcher@main] Found entity class 'acme.framework.roles.Anonymous 
2022-03-18 12:01:34.687 DEBUG [acme.Launcher@main] Found entity class 'acme.framework.roles.Authenticated 
2022-03-18 12:01:34.692 INFO  [acme.Launcher@main] Populating (initial data) 
2022-03-18 12:01:34.693 INFO  [acme.framework.components.database.DatabasePopulator@main] Building database schema 
2022-03-18 12:01:34.760 DEBUG [acme.framework.components.database.DatabaseUtil@main] Executing script. 
2022-03-18 12:01:34.760 DEBUG [acme.framework.components.database.DatabaseUtil@main] Starting new transaction. 
2022-03-18 12:01:34.776 DEBUG [acme.framework.components.database.DatabaseUtil@main] Executing command 'set transaction isolation level read uncommitted;'. 
2022-03-18 12:01:34.796 DEBUG [acme.framework.components.database.DatabaseUtil@main] Starting transaction '1012752603'. 
2022-03-18 12:01:34.797 DEBUG [acme.framework.components.database.DatabaseUtil@main] Executing script command 'set foreign_key_checks=0'. 
2022-03-18 12:01:34.797 DEBUG [acme.framework.components.database.DatabaseUtil@main] Executing script command 'drop table if exists administrator'. 
2022-03-18 12:01:34.861 DEBUG [acme.framework.components.database.DatabaseUtil@main] Executing script command 'drop table if exists announcement'. 
2022-03-18 12:01:34.879 DEBUG [acme.framework.components.database.DatabaseUtil@main] Executing script command 'drop table if exists anonymous'. 
2022-03-18 12:01:34.897 DEBUG [acme.framework.components.database.DatabaseUtil@main] Executing script command 'drop table if exists authenticated'. 
2022-03-18 12:01:34.914 DEBUG [acme.framework.components.database.DatabaseUtil@main] Executing script command 'drop table if exists chirp'. 
2022-03-18 12:01:34.930 DEBUG [acme.framework.components.database.DatabaseUtil@main] Executing script command 'drop table if exists consumer'. 
2022-03-18 12:01:34.947 DEBUG [acme.framework.components.database.DatabaseUtil@main] Executing script command 'drop table if exists hibernate_sequence'. 
2022-03-18 12:01:34.965 DEBUG [acme.framework.components.database.DatabaseUtil@main] Executing script command 'drop table if exists inventor'. 
2022-03-18 12:01:34.981 DEBUG [acme.framework.components.database.DatabaseUtil@main] Executing script command 'drop table if exists item'. 
2022-03-18 12:01:34.998 DEBUG [acme.framework.components.database.DatabaseUtil@main] Executing script command 'drop table if exists patron'. 
2022-03-18 12:01:35.015 DEBUG [acme.framework.components.database.DatabaseUtil@main] Executing script command 'drop table if exists patronage'. 
2022-03-18 12:01:35.032 DEBUG [acme.framework.components.database.DatabaseUtil@main] Executing script command 'drop table if exists provider'. 
2022-03-18 12:01:35.049 DEBUG [acme.framework.components.database.DatabaseUtil@main] Executing script command 'drop table if exists quantity'. 
2022-03-18 12:01:35.068 DEBUG [acme.framework.components.database.DatabaseUtil@main] Executing script command 'drop table if exists system_configuration'. 
2022-03-18 12:01:35.080 DEBUG [acme.framework.components.database.DatabaseUtil@main] Executing script command 'drop table if exists toolkit'. 
2022-03-18 12:01:35.097 DEBUG [acme.framework.components.database.DatabaseUtil@main] Executing script command 'drop table if exists user_account'. 
2022-03-18 12:01:35.112 DEBUG [acme.framework.components.database.DatabaseUtil@main] Executing script command 'set foreign_key_checks=1'. 
2022-03-18 12:01:35.113 DEBUG [acme.framework.components.database.DatabaseUtil@main] Committing transaction '1012752603'. 
2022-03-18 12:01:35.134 DEBUG [acme.framework.components.database.DatabaseUtil@main] Executing script. 
2022-03-18 12:01:35.134 DEBUG [acme.framework.components.database.DatabaseUtil@main] Starting new transaction. 
2022-03-18 12:01:35.135 DEBUG [acme.framework.components.database.DatabaseUtil@main] Executing command 'set transaction isolation level read uncommitted;'. 
2022-03-18 12:01:35.135 DEBUG [acme.framework.components.database.DatabaseUtil@main] Starting transaction '1781910735'. 
2022-03-18 12:01:35.135 DEBUG [acme.framework.components.database.DatabaseUtil@main] Executing script command 'set foreign_key_checks=0'. 
2022-03-18 12:01:35.136 DEBUG [acme.framework.components.database.DatabaseUtil@main] Executing script command 'create table administrator (id integer not null, version integer not null, user_account_id integer, primary key (id)) engine=InnoDB'. 
2022-03-18 12:01:35.157 DEBUG [acme.framework.components.database.DatabaseUtil@main] Executing script command 'create table announcement (id integer not null, version integer not null, author varchar(255), body varchar(255), critical bit, info varchar(255), moment datetime, title varchar(255), primary key (id)) engine=InnoDB'. 
2022-03-18 12:01:35.181 DEBUG [acme.framework.components.database.DatabaseUtil@main] Executing script command 'create table anonymous (id integer not null, version integer not null, user_account_id integer, primary key (id)) engine=InnoDB'. 
2022-03-18 12:01:35.194 DEBUG [acme.framework.components.database.DatabaseUtil@main] Executing script command 'create table authenticated (id integer not null, version integer not null, user_account_id integer, primary key (id)) engine=InnoDB'. 
2022-03-18 12:01:35.207 DEBUG [acme.framework.components.database.DatabaseUtil@main] Executing script command 'create table chirp (id integer not null, version integer not null, author varchar(255), body varchar(255), email varchar(255), moment datetime, title varchar(255), primary key (id)) engine=InnoDB'. 
2022-03-18 12:01:35.220 DEBUG [acme.framework.components.database.DatabaseUtil@main] Executing script command 'create table consumer (id integer not null, version integer not null, user_account_id integer, company varchar(255), sector varchar(255), primary key (id)) engine=InnoDB'. 
2022-03-18 12:01:35.233 DEBUG [acme.framework.components.database.DatabaseUtil@main] Executing script command 'create table hibernate_sequence (next_val bigint) engine=InnoDB'. 
2022-03-18 12:01:35.247 DEBUG [acme.framework.components.database.DatabaseUtil@main] Executing script command 'insert into hibernate_sequence values ( 1 )'. 
2022-03-18 12:01:35.253 DEBUG [acme.framework.components.database.DatabaseUtil@main] Executing script command 'create table inventor (id integer not null, version integer not null, user_account_id integer, company varchar(255), link varchar(255), statement varchar(255), primary key (id)) engine=InnoDB'. 
2022-03-18 12:01:35.267 DEBUG [acme.framework.components.database.DatabaseUtil@main] Executing script command 'create table item (id integer not null, version integer not null, b varchar(255), code varchar(255), description varchar(255), name varchar(255), optional_link varchar(255), retail_price_amount double precision, retail_price_currency varchar(255), tipo integer, primary key (id)) engine=InnoDB'. 
2022-03-18 12:01:35.281 DEBUG [acme.framework.components.database.DatabaseUtil@main] Executing script command 'create table patron (id integer not null, version integer not null, user_account_id integer, company varchar(255), link varchar(255), statement varchar(255), primary key (id)) engine=InnoDB'. 
2022-03-18 12:01:35.293 DEBUG [acme.framework.components.database.DatabaseUtil@main] Executing script command 'create table patronage (id integer not null, version integer not null, budget_amount double precision, budget_currency varchar(255), code varchar(255), end_date datetime, inventor tinyblob, legal_stuff varchar(255), link varchar(255), patron tinyblob, start_date datetime, status integer, primary key (id)) engine=InnoDB'. 
2022-03-18 12:01:35.306 DEBUG [acme.framework.components.database.DatabaseUtil@main] Executing script command 'create table provider (id integer not null, version integer not null, user_account_id integer, company varchar(255), sector varchar(255), primary key (id)) engine=InnoDB'. 
2022-03-18 12:01:35.319 DEBUG [acme.framework.components.database.DatabaseUtil@main] Executing script command 'create table quantity (id integer not null, version integer not null, number integer, item_id integer not null, toolkit_id integer not null, primary key (id)) engine=InnoDB'. 
2022-03-18 12:01:35.332 DEBUG [acme.framework.components.database.DatabaseUtil@main] Executing script command 'create table system_configuration (id integer not null, version integer not null, accepted_currencies varchar(255), strong_spam_threshold double precision not null, strong_spam_words varchar(255), system_currency varchar(255), weak_spam_threshold double precision not null, weak_spam_words varchar(255), primary key (id)) engine=InnoDB'. 
2022-03-18 12:01:35.346 DEBUG [acme.framework.components.database.DatabaseUtil@main] Executing script command 'create table toolkit (id integer not null, version integer not null, assembly_notes varchar(255), code varchar(255), description varchar(255), optional_link varchar(255), title varchar(255), primary key (id)) engine=InnoDB'. 
2022-03-18 12:01:35.358 DEBUG [acme.framework.components.database.DatabaseUtil@main] Executing script command 'create table user_account (id integer not null, version integer not null, enabled bit not null, identity blob, password varchar(255), username varchar(255), primary key (id)) engine=InnoDB'. 
2022-03-18 12:01:35.371 DEBUG [acme.framework.components.database.DatabaseUtil@main] Executing script command 'alter table item add constraint UK_6cgogdarkq48dlg1lbnv4q1oq unique (code)'. 
2022-03-18 12:01:35.394 DEBUG [acme.framework.components.database.DatabaseUtil@main] Executing script command 'alter table patronage add constraint UK_7s289l63ihnn85qwyna5cqbfh unique (code)'. 
2022-03-18 12:01:35.413 DEBUG [acme.framework.components.database.DatabaseUtil@main] Executing script command 'alter table toolkit add constraint UK_qvml9bbjdvicrw1wt0e1bej3c unique (code)'. 
2022-03-18 12:01:35.432 DEBUG [acme.framework.components.database.DatabaseUtil@main] Executing script command 'alter table user_account add constraint UK_castjbvpeeus0r8lbpehiu0e4 unique (username)'. 
2022-03-18 12:01:35.453 DEBUG [acme.framework.components.database.DatabaseUtil@main] Executing script command 'alter table administrator add constraint FK_2a5vcjo3stlfcwadosjfq49l1 foreign key (user_account_id) references user_account (id)'. 
2022-03-18 12:01:35.473 DEBUG [acme.framework.components.database.DatabaseUtil@main] Executing script command 'alter table anonymous add constraint FK_6lnbc6fo3om54vugoh8icg78m foreign key (user_account_id) references user_account (id)'. 
2022-03-18 12:01:35.492 DEBUG [acme.framework.components.database.DatabaseUtil@main] Executing script command 'alter table authenticated add constraint FK_h52w0f3wjoi68b63wv9vwon57 foreign key (user_account_id) references user_account (id)'. 
2022-03-18 12:01:35.523 DEBUG [acme.framework.components.database.DatabaseUtil@main] Executing script command 'alter table consumer add constraint FK_6cyha9f1wpj0dpbxrrjddrqed foreign key (user_account_id) references user_account (id)'. 
2022-03-18 12:01:35.543 DEBUG [acme.framework.components.database.DatabaseUtil@main] Executing script command 'alter table inventor add constraint FK_2upmsx50p5pou2l4uy8trxor6 foreign key (user_account_id) references user_account (id)'. 
2022-03-18 12:01:35.564 DEBUG [acme.framework.components.database.DatabaseUtil@main] Executing script command 'alter table patron add constraint FK_8xx5nujhuio3advxc2freyu65 foreign key (user_account_id) references user_account (id)'. 
2022-03-18 12:01:35.584 DEBUG [acme.framework.components.database.DatabaseUtil@main] Executing script command 'alter table provider add constraint FK_b1gwnjqm6ggy9yuiqm0o4rlmd foreign key (user_account_id) references user_account (id)'. 
2022-03-18 12:01:35.604 DEBUG [acme.framework.components.database.DatabaseUtil@main] Executing script command 'alter table quantity add constraint FK6v7ckbce1j36j4b7mubnk66bx foreign key (item_id) references item (id)'. 
2022-03-18 12:01:35.624 DEBUG [acme.framework.components.database.DatabaseUtil@main] Executing script command 'alter table quantity add constraint FKr1l7hfxuemn7o9d0qi4kawlmg foreign key (toolkit_id) references toolkit (id)'. 
2022-03-18 12:01:35.646 DEBUG [acme.framework.components.database.DatabaseUtil@main] Executing script command 'set foreign_key_checks=1'. 
2022-03-18 12:01:35.646 DEBUG [acme.framework.components.database.DatabaseUtil@main] Committing transaction '1781910735'. 
2022-03-18 12:01:35.650 INFO  [acme.framework.components.database.DatabasePopulator@main] Reading entities from 'classpath:/WEB-INF/resources/initial-data' 
2022-03-18 12:01:35.658 DEBUG [acme.framework.components.database.Dataset@main] Reading dataset from 'C:\Users\Jesus\Desktop\Workspace-22.0\Projects\Acme-Toolkits\target\classes\WEB-INF\resources\initial-data\administrator.csv' 
2022-03-18 12:01:35.810 DEBUG [acme.framework.components.database.Dataset@main] Reading mapping '{key:user-account=user-account-administrator-01, key=administrator-01}' from 'C:\Users\Jesus\Desktop\Workspace-22.0\Projects\Acme-Toolkits\target\classes\WEB-INF\resources\initial-data\administrator.csv' 
2022-03-18 12:01:35.822 DEBUG [acme.framework.components.database.Dataset@main] Reading dataset from 'C:\Users\Jesus\Desktop\Workspace-22.0\Projects\Acme-Toolkits\target\classes\WEB-INF\resources\initial-data\anonymous.csv' 
2022-03-18 12:01:35.822 DEBUG [acme.framework.components.database.Dataset@main] Reading mapping '{key:user-account=user-account-anonymous-01, key=anonymous-01}' from 'C:\Users\Jesus\Desktop\Workspace-22.0\Projects\Acme-Toolkits\target\classes\WEB-INF\resources\initial-data\anonymous.csv' 
2022-03-18 12:01:35.823 DEBUG [acme.framework.components.database.Dataset@main] Reading dataset from 'C:\Users\Jesus\Desktop\Workspace-22.0\Projects\Acme-Toolkits\target\classes\WEB-INF\resources\initial-data\authenticated.csv' 
2022-03-18 12:01:35.824 DEBUG [acme.framework.components.database.Dataset@main] Reading mapping '{key:user-account=user-account-administrator-01, key=authenticated-administrator-01}' from 'C:\Users\Jesus\Desktop\Workspace-22.0\Projects\Acme-Toolkits\target\classes\WEB-INF\resources\initial-data\authenticated.csv' 
2022-03-18 12:01:35.824 DEBUG [acme.framework.components.database.Dataset@main] Reading dataset from 'C:\Users\Jesus\Desktop\Workspace-22.0\Projects\Acme-Toolkits\target\classes\WEB-INF\resources\initial-data\system-configuration.csv' 
2022-03-18 12:01:35.841 DEBUG [acme.framework.components.database.Dataset@main] Reading mapping '{weak-spam-words=sexy, nigeria, you've won, has ganado, one million, un millón, strong-spam-threshold= 10.00, strong-spam-words=sex, sexo, hard core, viagra, cialis, accepted-currencies=EUR, weak-spam-threshold= 25.00, system-currency=EUR, USD, GBP, key=system-configuration-01}' from 'C:\Users\Jesus\Desktop\Workspace-22.0\Projects\Acme-Toolkits\target\classes\WEB-INF\resources\initial-data\system-configuration.csv' 
2022-03-18 12:01:35.842 DEBUG [acme.framework.components.database.Dataset@main] Reading dataset from 'C:\Users\Jesus\Desktop\Workspace-22.0\Projects\Acme-Toolkits\target\classes\WEB-INF\resources\initial-data\user-account.csv' 
2022-03-18 12:01:35.843 DEBUG [acme.framework.components.database.Dataset@main] Reading mapping '{password=HIDDEN-PASSWORD, identity=UserIdentity{name: 'John', surname: 'Doe', email: 'john.doe@acme.com'}, key=user-account-anonymous-01, enabled=false, username=anonymous}' from 'C:\Users\Jesus\Desktop\Workspace-22.0\Projects\Acme-Toolkits\target\classes\WEB-INF\resources\initial-data\user-account.csv' 
2022-03-18 12:01:35.843 DEBUG [acme.framework.components.database.Dataset@main] Reading mapping '{password=administrator, identity=UserIdentity{name: 'Administrator', surname: 'Acme', email: 'administrator@acme.com'}, key=user-account-administrator-01, enabled=true, username=administrator}' from 'C:\Users\Jesus\Desktop\Workspace-22.0\Projects\Acme-Toolkits\target\classes\WEB-INF\resources\initial-data\user-account.csv' 
2022-03-18 12:01:35.843 DEBUG [acme.framework.components.database.EntityWeb@main] Setting attributes of entities of class acme.framework.roles.Anonymous 
2022-03-18 12:01:35.844 DEBUG [acme.framework.components.database.EntityWeb@main] Setting attributes of entities of class acme.entities.SystemConfiguration 
2022-03-18 12:01:35.889 DEBUG [acme.framework.configuration.ExtendedMessageSource@main] Loading properties [C:\Users\Jesus\Desktop\Workspace-22.0\Projects\Acme-Toolkits\target\classes\WEB-INF\views\administrator\user-account\messages-en.i18n] with encoding 'utf-8' 
2022-03-18 12:01:35.891 DEBUG [acme.framework.configuration.ExtendedMessageSource@main] Loading properties [C:\Users\Jesus\Desktop\Workspace-22.0\Projects\Acme-Toolkits\target\classes\WEB-INF\views\anonymous\user-account\messages-en.i18n] with encoding 'utf-8' 
2022-03-18 12:01:35.892 DEBUG [acme.framework.configuration.ExtendedMessageSource@main] Loading properties [C:\Users\Jesus\Desktop\Workspace-22.0\Projects\Acme-Toolkits\target\classes\WEB-INF\views\authenticated\consumer\messsages-en.i18n] with encoding 'utf-8' 
2022-03-18 12:01:35.893 DEBUG [acme.framework.configuration.ExtendedMessageSource@main] Loading properties [C:\Users\Jesus\Desktop\Workspace-22.0\Projects\Acme-Toolkits\target\classes\WEB-INF\views\authenticated\inventor\messsages-en.i18n] with encoding 'utf-8' 
2022-03-18 12:01:35.894 DEBUG [acme.framework.configuration.ExtendedMessageSource@main] Loading properties [C:\Users\Jesus\Desktop\Workspace-22.0\Projects\Acme-Toolkits\target\classes\WEB-INF\views\authenticated\patron\messsages-en.i18n] with encoding 'utf-8' 
2022-03-18 12:01:35.895 DEBUG [acme.framework.configuration.ExtendedMessageSource@main] Loading properties [C:\Users\Jesus\Desktop\Workspace-22.0\Projects\Acme-Toolkits\target\classes\WEB-INF\views\authenticated\provider\messsages-en.i18n] with encoding 'utf-8' 
2022-03-18 12:01:35.896 DEBUG [acme.framework.configuration.ExtendedMessageSource@main] Loading properties [C:\Users\Jesus\Desktop\Workspace-22.0\Projects\Acme-Toolkits\target\classes\WEB-INF\views\authenticated\user-account\messages-en.i18n] with encoding 'utf-8' 
2022-03-18 12:01:35.897 DEBUG [acme.framework.configuration.ExtendedMessageSource@main] Loading properties [C:\Users\Jesus\Desktop\Workspace-22.0\Projects\Acme-Toolkits\target\classes\WEB-INF\views\fragments\banner-en.i18n] with encoding 'utf-8' 
2022-03-18 12:01:35.898 DEBUG [acme.framework.configuration.ExtendedMessageSource@main] Loading properties [C:\Users\Jesus\Desktop\Workspace-22.0\Projects\Acme-Toolkits\target\classes\WEB-INF\views\fragments\company-en.i18n] with encoding 'utf-8' 
2022-03-18 12:01:35.899 DEBUG [acme.framework.configuration.ExtendedMessageSource@main] Loading properties [C:\Users\Jesus\Desktop\Workspace-22.0\Projects\Acme-Toolkits\target\classes\WEB-INF\views\fragments\footer-en.i18n] with encoding 'utf-8' 
2022-03-18 12:01:35.900 DEBUG [acme.framework.configuration.ExtendedMessageSource@main] Loading properties [C:\Users\Jesus\Desktop\Workspace-22.0\Projects\Acme-Toolkits\target\classes\WEB-INF\views\fragments\license-en.i18n] with encoding 'utf-8' 
2022-03-18 12:01:35.901 DEBUG [acme.framework.configuration.ExtendedMessageSource@main] Loading properties [C:\Users\Jesus\Desktop\Workspace-22.0\Projects\Acme-Toolkits\target\classes\WEB-INF\views\fragments\menu-en.i18n] with encoding 'utf-8' 
2022-03-18 12:01:35.902 DEBUG [acme.framework.configuration.ExtendedMessageSource@main] Loading properties [C:\Users\Jesus\Desktop\Workspace-22.0\Projects\Acme-Toolkits\target\classes\WEB-INF\views\fragments\messsages-en.i18n] with encoding 'utf-8' 
2022-03-18 12:01:35.903 DEBUG [acme.framework.configuration.ExtendedMessageSource@main] Loading properties [C:\Users\Jesus\Desktop\Workspace-22.0\Projects\Acme-Toolkits\target\classes\WEB-INF\views\fragments\title-en.i18n] with encoding 'utf-8' 
2022-03-18 12:01:35.904 DEBUG [acme.framework.configuration.ExtendedMessageSource@main] Loading properties [C:\Users\Jesus\Desktop\Workspace-22.0\Projects\Acme-Toolkits\target\classes\WEB-INF\views\fragments\welcome-en.i18n] with encoding 'utf-8' 
2022-03-18 12:01:35.905 DEBUG [acme.framework.configuration.ExtendedMessageSource@main] Loading properties [C:\Users\Jesus\Desktop\Workspace-22.0\Projects\Acme-Toolkits\target\classes\WEB-INF\views\master\defaults-en.i18n] with encoding 'utf-8' 
2022-03-18 12:01:35.906 DEBUG [acme.framework.configuration.ExtendedMessageSource@main] Loading properties [C:\Users\Jesus\Desktop\Workspace-22.0\Projects\Acme-Toolkits\target\classes\WEB-INF\views\master\master-en.i18n] with encoding 'utf-8' 
2022-03-18 12:01:35.907 DEBUG [acme.framework.configuration.ExtendedMessageSource@main] Loading properties [C:\Users\Jesus\Desktop\Workspace-22.0\Projects\Acme-Toolkits\target\classes\WEB-INF\views\master\throwables-en.i18n] with encoding 'utf-8' 
2022-03-18 12:01:35.907 DEBUG [acme.framework.configuration.ExtendedMessageSource@main] Loading properties [C:\Users\Jesus\Desktop\Workspace-22.0\Projects\Acme-Toolkits\target\classes\WEB-INF\views\master\validation-en.i18n] with encoding 'utf-8' 
2022-03-18 12:01:35.911 DEBUG [acme.framework.components.database.EntityWeb@main] Setting attributes of entities of class acme.framework.roles.Administrator 
2022-03-18 12:01:35.911 DEBUG [acme.framework.components.database.EntityWeb@main] Setting attributes of entities of class acme.framework.entities.UserAccount 
2022-03-18 12:01:36.150 DEBUG [acme.framework.components.database.EntityWeb@main] Setting attributes of entities of class acme.framework.roles.Authenticated 
2022-03-18 12:01:36.150 DEBUG [acme.framework.components.database.EntityWeb@main] Linking entities of class acme.framework.roles.Anonymous 
2022-03-18 12:01:36.158 DEBUG [acme.framework.components.database.EntityWeb@main] Linking entities of class acme.entities.SystemConfiguration 
2022-03-18 12:01:36.158 DEBUG [acme.framework.components.database.EntityWeb@main] Linking entities of class acme.framework.roles.Administrator 
2022-03-18 12:01:36.165 DEBUG [acme.framework.components.database.EntityWeb@main] Linking entities of class acme.framework.entities.UserAccount 
2022-03-18 12:01:36.165 DEBUG [acme.framework.components.database.EntityWeb@main] Linking entities of class acme.framework.roles.Authenticated 
2022-03-18 12:01:36.171 INFO  [acme.framework.components.database.DatabasePopulator@main] Validating your entities 
2022-03-18 12:01:36.266 DEBUG [acme.framework.components.database.DatabasePopulator@main] Validating 'acme.framework.entities.UserAccount@user-account-anonymous-01' ... PASS 
2022-03-18 12:01:36.288 DEBUG [acme.framework.components.database.DatabasePopulator@main] Validating 'acme.entities.SystemConfiguration@system-configuration-01' ... PASS 
2022-03-18 12:01:36.298 DEBUG [acme.framework.components.database.DatabasePopulator@main] Validating 'acme.framework.roles.Anonymous@anonymous-01' ... PASS 
2022-03-18 12:01:36.300 DEBUG [acme.framework.components.database.DatabasePopulator@main] Validating 'acme.framework.entities.UserAccount@user-account-administrator-01' ... PASS 
2022-03-18 12:01:36.304 DEBUG [acme.framework.components.database.DatabasePopulator@main] Validating 'acme.framework.roles.Authenticated@authenticated-administrator-01' ... PASS 
2022-03-18 12:01:36.308 DEBUG [acme.framework.components.database.DatabasePopulator@main] Validating 'acme.framework.roles.Administrator@administrator-01' ... PASS 
2022-03-18 12:01:36.309 INFO  [acme.framework.components.database.DatabasePopulator@main] Sorting your entity classes 
2022-03-18 12:01:36.309 DEBUG [acme.framework.components.database.DatabasePopulator@main] Best topological order for your entity clazzes: 
2022-03-18 12:01:36.309 DEBUG [acme.framework.components.database.DatabasePopulator@main] - acme.framework.entities.UserAccount 
2022-03-18 12:01:36.309 DEBUG [acme.framework.components.database.DatabasePopulator@main] - acme.framework.roles.Anonymous 
2022-03-18 12:01:36.309 DEBUG [acme.framework.components.database.DatabasePopulator@main] - acme.entities.SystemConfiguration 
2022-03-18 12:01:36.309 DEBUG [acme.framework.components.database.DatabasePopulator@main] - acme.framework.roles.Administrator 
2022-03-18 12:01:36.309 DEBUG [acme.framework.components.database.DatabasePopulator@main] - acme.framework.roles.Authenticated 
2022-03-18 12:01:36.309 INFO  [acme.framework.components.database.DatabasePopulator@main] Persisting your entities 
2022-03-18 12:01:36.310 DEBUG [acme.framework.components.database.DatabaseUtil@main] Starting new transaction. 
2022-03-18 12:01:36.310 DEBUG [acme.framework.components.database.DatabaseUtil@main] Executing command 'set transaction isolation level read uncommitted;'. 
2022-03-18 12:01:36.311 DEBUG [acme.framework.components.database.DatabaseUtil@main] Starting transaction '1278388862'. 
2022-03-18 12:01:36.311 DEBUG [acme.framework.components.database.DatabasePopulator@main] Persising entities of clazz 'acme.framework.entities.UserAccount' 
2022-03-18 12:01:36.335 DEBUG [org.hibernate.SQL@main] select next_val as id_val from hibernate_sequence for update 
2022-03-18 12:01:36.368 DEBUG [org.hibernate.SQL@main] update hibernate_sequence set next_val= ? where next_val=? 
2022-03-18 12:01:36.429 DEBUG [acme.framework.components.database.DatabaseUtil@main] Persisting entity UserAccount(username=anonymous) 
2022-03-18 12:01:36.430 DEBUG [org.hibernate.SQL@main] select next_val as id_val from hibernate_sequence for update 
2022-03-18 12:01:36.430 DEBUG [org.hibernate.SQL@main] update hibernate_sequence set next_val= ? where next_val=? 
2022-03-18 12:01:36.433 DEBUG [acme.framework.components.database.DatabaseUtil@main] Persisting entity UserAccount(username=administrator) 
2022-03-18 12:01:36.433 DEBUG [acme.framework.components.database.DatabasePopulator@main] Persising entities of clazz 'acme.framework.roles.Anonymous' 
2022-03-18 12:01:36.433 DEBUG [org.hibernate.SQL@main] select next_val as id_val from hibernate_sequence for update 
2022-03-18 12:01:36.434 DEBUG [org.hibernate.SQL@main] update hibernate_sequence set next_val= ? where next_val=? 
2022-03-18 12:01:36.437 DEBUG [acme.framework.components.database.DatabaseUtil@main] Persisting entity UserRole(userAccount=UserAccount(username=anonymous)) 
2022-03-18 12:01:36.437 DEBUG [acme.framework.components.database.DatabasePopulator@main] Persising entities of clazz 'acme.entities.SystemConfiguration' 
2022-03-18 12:01:36.438 DEBUG [org.hibernate.SQL@main] select next_val as id_val from hibernate_sequence for update 
2022-03-18 12:01:36.438 DEBUG [org.hibernate.SQL@main] update hibernate_sequence set next_val= ? where next_val=? 
2022-03-18 12:01:36.440 DEBUG [acme.framework.components.database.DatabaseUtil@main] Persisting entity acme.entities.SystemConfiguration{id=4, version=0} 
2022-03-18 12:01:36.441 DEBUG [acme.framework.components.database.DatabasePopulator@main] Persising entities of clazz 'acme.framework.roles.Administrator' 
2022-03-18 12:01:36.441 DEBUG [org.hibernate.SQL@main] select next_val as id_val from hibernate_sequence for update 
2022-03-18 12:01:36.442 DEBUG [org.hibernate.SQL@main] update hibernate_sequence set next_val= ? where next_val=? 
2022-03-18 12:01:36.444 DEBUG [acme.framework.components.database.DatabaseUtil@main] Persisting entity UserRole(userAccount=UserAccount(username=administrator)) 
2022-03-18 12:01:36.444 DEBUG [acme.framework.components.database.DatabasePopulator@main] Persising entities of clazz 'acme.framework.roles.Authenticated' 
2022-03-18 12:01:36.444 DEBUG [org.hibernate.SQL@main] select next_val as id_val from hibernate_sequence for update 
2022-03-18 12:01:36.445 DEBUG [org.hibernate.SQL@main] update hibernate_sequence set next_val= ? where next_val=? 
2022-03-18 12:01:36.447 DEBUG [acme.framework.components.database.DatabaseUtil@main] Persisting entity UserRole(userAccount=UserAccount(username=administrator)) 
2022-03-18 12:01:36.447 DEBUG [acme.framework.components.database.DatabaseUtil@main] Committing transaction '1278388862'. 
2022-03-18 12:01:36.494 DEBUG [org.hibernate.SQL@main] insert into user_account (version, enabled, identity, password, username, id) values (?, ?, ?, ?, ?, ?) 
2022-03-18 12:01:36.498 TRACE [org.hibernate.type.descriptor.sql.BasicBinder@main] binding parameter [1] as [INTEGER] - [0] 
2022-03-18 12:01:36.499 TRACE [org.hibernate.type.descriptor.sql.BasicBinder@main] binding parameter [2] as [BOOLEAN] - [false] 
2022-03-18 12:01:36.500 TRACE [org.hibernate.type.descriptor.sql.BasicBinder@main] binding parameter [3] as [BLOB] - [DefaultUserIdentity(name=John, surname=Doe, email=john.doe@acme.com)] 
2022-03-18 12:01:36.502 TRACE [org.hibernate.type.descriptor.sql.BasicBinder@main] binding parameter [4] as [VARCHAR] - [$2a$05$hHRzb.wAPoAbc4rjHz8K4.ERfdfe.UfS/OFM31TAk6l6zHXCl/bVC] 
2022-03-18 12:01:36.503 TRACE [org.hibernate.type.descriptor.sql.BasicBinder@main] binding parameter [5] as [VARCHAR] - [anonymous] 
2022-03-18 12:01:36.503 TRACE [org.hibernate.type.descriptor.sql.BasicBinder@main] binding parameter [6] as [INTEGER] - [1] 
2022-03-18 12:01:36.512 DEBUG [org.hibernate.SQL@main] insert into user_account (version, enabled, identity, password, username, id) values (?, ?, ?, ?, ?, ?) 
2022-03-18 12:01:36.512 TRACE [org.hibernate.type.descriptor.sql.BasicBinder@main] binding parameter [1] as [INTEGER] - [0] 
2022-03-18 12:01:36.513 TRACE [org.hibernate.type.descriptor.sql.BasicBinder@main] binding parameter [2] as [BOOLEAN] - [true] 
2022-03-18 12:01:36.513 TRACE [org.hibernate.type.descriptor.sql.BasicBinder@main] binding parameter [3] as [BLOB] - [DefaultUserIdentity(name=Administrator, surname=Acme, email=administrator@acme.com)] 
2022-03-18 12:01:36.513 TRACE [org.hibernate.type.descriptor.sql.BasicBinder@main] binding parameter [4] as [VARCHAR] - [$2a$05$58pilnNhLBQreZSBpMJQluVP1e49AwaAcaNDDeCFsaCdEnufiN.de] 
2022-03-18 12:01:36.513 TRACE [org.hibernate.type.descriptor.sql.BasicBinder@main] binding parameter [5] as [VARCHAR] - [administrator] 
2022-03-18 12:01:36.514 TRACE [org.hibernate.type.descriptor.sql.BasicBinder@main] binding parameter [6] as [INTEGER] - [2] 
2022-03-18 12:01:36.515 DEBUG [org.hibernate.SQL@main] insert into anonymous (version, user_account_id, id) values (?, ?, ?) 
2022-03-18 12:01:36.515 TRACE [org.hibernate.type.descriptor.sql.BasicBinder@main] binding parameter [1] as [INTEGER] - [0] 
2022-03-18 12:01:36.516 TRACE [org.hibernate.type.descriptor.sql.BasicBinder@main] binding parameter [2] as [INTEGER] - [1] 
2022-03-18 12:01:36.516 TRACE [org.hibernate.type.descriptor.sql.BasicBinder@main] binding parameter [3] as [INTEGER] - [3] 
2022-03-18 12:01:36.521 DEBUG [org.hibernate.SQL@main] insert into system_configuration (version, accepted_currencies, strong_spam_threshold, strong_spam_words, system_currency, weak_spam_threshold, weak_spam_words, id) values (?, ?, ?, ?, ?, ?, ?, ?) 
2022-03-18 12:01:36.522 TRACE [org.hibernate.type.descriptor.sql.BasicBinder@main] binding parameter [1] as [INTEGER] - [0] 
2022-03-18 12:01:36.522 TRACE [org.hibernate.type.descriptor.sql.BasicBinder@main] binding parameter [2] as [VARCHAR] - [EUR] 
2022-03-18 12:01:36.523 TRACE [org.hibernate.type.descriptor.sql.BasicBinder@main] binding parameter [3] as [DOUBLE] - [10.0] 
2022-03-18 12:01:36.524 TRACE [org.hibernate.type.descriptor.sql.BasicBinder@main] binding parameter [4] as [VARCHAR] - [sex, sexo, hard core, viagra, cialis] 
2022-03-18 12:01:36.524 TRACE [org.hibernate.type.descriptor.sql.BasicBinder@main] binding parameter [5] as [VARCHAR] - [EUR, USD, GBP] 
2022-03-18 12:01:36.524 TRACE [org.hibernate.type.descriptor.sql.BasicBinder@main] binding parameter [6] as [DOUBLE] - [25.0] 
2022-03-18 12:01:36.524 TRACE [org.hibernate.type.descriptor.sql.BasicBinder@main] binding parameter [7] as [VARCHAR] - [sexy, nigeria, you've won, has ganado, one million, un millón] 
2022-03-18 12:01:36.524 TRACE [org.hibernate.type.descriptor.sql.BasicBinder@main] binding parameter [8] as [INTEGER] - [4] 
2022-03-18 12:01:36.529 DEBUG [org.hibernate.SQL@main] insert into administrator (version, user_account_id, id) values (?, ?, ?) 
2022-03-18 12:01:36.529 TRACE [org.hibernate.type.descriptor.sql.BasicBinder@main] binding parameter [1] as [INTEGER] - [0] 
2022-03-18 12:01:36.529 TRACE [org.hibernate.type.descriptor.sql.BasicBinder@main] binding parameter [2] as [INTEGER] - [2] 
2022-03-18 12:01:36.529 TRACE [org.hibernate.type.descriptor.sql.BasicBinder@main] binding parameter [3] as [INTEGER] - [5] 
2022-03-18 12:01:36.532 DEBUG [org.hibernate.SQL@main] insert into authenticated (version, user_account_id, id) values (?, ?, ?) 
2022-03-18 12:01:36.533 TRACE [org.hibernate.type.descriptor.sql.BasicBinder@main] binding parameter [1] as [INTEGER] - [0] 
2022-03-18 12:01:36.533 TRACE [org.hibernate.type.descriptor.sql.BasicBinder@main] binding parameter [2] as [INTEGER] - [2] 
2022-03-18 12:01:36.533 TRACE [org.hibernate.type.descriptor.sql.BasicBinder@main] binding parameter [3] as [INTEGER] - [6] 
2022-03-18 12:01:37.796 INFO  [acme.framework.configuration.ShutdownConfiguration@main] The system is shutting down... 
2022-03-18 12:01:37.826 DEBUG [acme.Launcher@main] Exit code = 0 
