2022-03-18 13:40:28.150 INFO  [acme.Launcher@main] Starting Launcher using Java 1.8.0_281 on DESKTOP-GA4H6FR with PID 7936 (C:\Users\pablo\OneDrive\Desktop\IngSoftwareUS\Tercero\DP2\Workspace-22.0\Frameworks\Acme-Framework-22.1\target\classes started by pablo in C:\Users\pablo\OneDrive\Desktop\IngSoftwareUS\Tercero\DP2\Workspace-22.0\Projects\Acme-Toolkits) 
2022-03-18 13:40:28.150 DEBUG [acme.Launcher@main] Running with Spring Boot v2.4.2, Spring v5.3.3 
2022-03-18 13:40:28.151 INFO  [acme.Launcher@main] The following profiles are active: development,populator 
2022-03-18 13:40:29.675 DEBUG [org.apache.jasper.servlet.JasperInitializer@main] Initializing Jasper for context [application] 
2022-03-18 13:40:32.548 DEBUG [org.apache.jasper.servlet.JspServlet@main] Scratch dir for the JSP engine is: [C:\Users\pablo\AppData\Local\Temp\tomcat.8083.160758042125959100\work\Tomcat\localhost\acme-toolkits-22.1] 
2022-03-18 13:40:32.549 DEBUG [org.apache.jasper.servlet.JspServlet@main] IMPORTANT: Do not modify the generated servlets 
2022-03-18 13:40:32.556 INFO  [acme.Launcher@main] Started Launcher in 4.868 seconds (JVM running for 5.268) 
2022-03-18 13:40:32.559 DEBUG [acme.Launcher@main] Found classpath entry '/C:/Users/pablo/OneDrive/Desktop/IngSoftwareUS/Tercero/DP2/Workspace-22.0/Projects/Acme-Toolkits/target/classes/' 
2022-03-18 13:40:32.559 DEBUG [acme.Launcher@main] Found classpath entry '/C:/Users/pablo/OneDrive/Desktop/IngSoftwareUS/Tercero/DP2/Workspace-22.0/Projects/Acme-Toolkits/target/test-classes/' 
2022-03-18 13:40:32.559 DEBUG [acme.Launcher@main] Found classpath entry '/C:/Users/pablo/.m2/repository/org/springframework/boot/spring-boot-starter-tomcat/2.4.2/spring-boot-starter-tomcat-2.4.2.jar' 
2022-03-18 13:40:32.559 DEBUG [acme.Launcher@main] Found classpath entry '/C:/Users/pablo/.m2/repository/jakarta/annotation/jakarta.annotation-api/1.3.5/jakarta.annotation-api-1.3.5.jar' 
2022-03-18 13:40:32.560 DEBUG [acme.Launcher@main] Found classpath entry '/C:/Users/pablo/.m2/repository/org/apache/tomcat/embed/tomcat-embed-core/9.0.41/tomcat-embed-core-9.0.41.jar' 
2022-03-18 13:40:32.560 DEBUG [acme.Launcher@main] Found classpath entry '/C:/Users/pablo/.m2/repository/org/glassfish/jakarta.el/3.0.3/jakarta.el-3.0.3.jar' 
2022-03-18 13:40:32.560 DEBUG [acme.Launcher@main] Found classpath entry '/C:/Users/pablo/.m2/repository/org/apache/tomcat/embed/tomcat-embed-websocket/9.0.41/tomcat-embed-websocket-9.0.41.jar' 
2022-03-18 13:40:32.560 DEBUG [acme.Launcher@main] Found classpath entry '/C:/Users/pablo/.m2/repository/org/apache/tomcat/embed/tomcat-embed-jasper/9.0.41/tomcat-embed-jasper-9.0.41.jar' 
2022-03-18 13:40:32.560 DEBUG [acme.Launcher@main] Found classpath entry '/C:/Users/pablo/.m2/repository/org/apache/tomcat/embed/tomcat-embed-el/9.0.41/tomcat-embed-el-9.0.41.jar' 
2022-03-18 13:40:32.560 DEBUG [acme.Launcher@main] Found classpath entry '/C:/Users/pablo/.m2/repository/org/eclipse/jdt/ecj/3.18.0/ecj-3.18.0.jar' 
2022-03-18 13:40:32.560 DEBUG [acme.Launcher@main] Found classpath entry '/C:/Users/pablo/.m2/repository/javax/servlet/jstl/1.2/jstl-1.2.jar' 
2022-03-18 13:40:32.560 DEBUG [acme.Launcher@main] Found classpath entry '/C:/Users/pablo/.m2/repository/org/springframework/boot/spring-boot-starter-test/2.4.2/spring-boot-starter-test-2.4.2.jar' 
2022-03-18 13:40:32.560 DEBUG [acme.Launcher@main] Found classpath entry '/C:/Users/pablo/.m2/repository/org/springframework/boot/spring-boot-starter/2.4.2/spring-boot-starter-2.4.2.jar' 
2022-03-18 13:40:32.561 DEBUG [acme.Launcher@main] Found classpath entry '/C:/Users/pablo/.m2/repository/org/springframework/boot/spring-boot/2.4.2/spring-boot-2.4.2.jar' 
2022-03-18 13:40:32.561 DEBUG [acme.Launcher@main] Found classpath entry '/C:/Users/pablo/.m2/repository/org/springframework/boot/spring-boot-autoconfigure/2.4.2/spring-boot-autoconfigure-2.4.2.jar' 
2022-03-18 13:40:32.561 DEBUG [acme.Launcher@main] Found classpath entry '/C:/Users/pablo/.m2/repository/org/springframework/boot/spring-boot-starter-logging/2.4.2/spring-boot-starter-logging-2.4.2.jar' 
2022-03-18 13:40:32.561 DEBUG [acme.Launcher@main] Found classpath entry '/C:/Users/pablo/.m2/repository/ch/qos/logback/logback-classic/1.2.3/logback-classic-1.2.3.jar' 
2022-03-18 13:40:32.561 DEBUG [acme.Launcher@main] Found classpath entry '/C:/Users/pablo/.m2/repository/ch/qos/logback/logback-core/1.2.3/logback-core-1.2.3.jar' 
2022-03-18 13:40:32.561 DEBUG [acme.Launcher@main] Found classpath entry '/C:/Users/pablo/.m2/repository/org/apache/logging/log4j/log4j-to-slf4j/2.13.3/log4j-to-slf4j-2.13.3.jar' 
2022-03-18 13:40:32.561 DEBUG [acme.Launcher@main] Found classpath entry '/C:/Users/pablo/.m2/repository/org/apache/logging/log4j/log4j-api/2.13.3/log4j-api-2.13.3.jar' 
2022-03-18 13:40:32.561 DEBUG [acme.Launcher@main] Found classpath entry '/C:/Users/pablo/.m2/repository/org/slf4j/jul-to-slf4j/1.7.30/jul-to-slf4j-1.7.30.jar' 
2022-03-18 13:40:32.562 DEBUG [acme.Launcher@main] Found classpath entry '/C:/Users/pablo/.m2/repository/org/yaml/snakeyaml/1.27/snakeyaml-1.27.jar' 
2022-03-18 13:40:32.562 DEBUG [acme.Launcher@main] Found classpath entry '/C:/Users/pablo/.m2/repository/org/springframework/boot/spring-boot-test/2.4.2/spring-boot-test-2.4.2.jar' 
2022-03-18 13:40:32.562 DEBUG [acme.Launcher@main] Found classpath entry '/C:/Users/pablo/.m2/repository/org/springframework/boot/spring-boot-test-autoconfigure/2.4.2/spring-boot-test-autoconfigure-2.4.2.jar' 
2022-03-18 13:40:32.562 DEBUG [acme.Launcher@main] Found classpath entry '/C:/Users/pablo/.m2/repository/com/jayway/jsonpath/json-path/2.4.0/json-path-2.4.0.jar' 
2022-03-18 13:40:32.562 DEBUG [acme.Launcher@main] Found classpath entry '/C:/Users/pablo/.m2/repository/net/minidev/json-smart/2.3/json-smart-2.3.jar' 
2022-03-18 13:40:32.562 DEBUG [acme.Launcher@main] Found classpath entry '/C:/Users/pablo/.m2/repository/net/minidev/accessors-smart/1.2/accessors-smart-1.2.jar' 
2022-03-18 13:40:32.562 DEBUG [acme.Launcher@main] Found classpath entry '/C:/Users/pablo/.m2/repository/org/ow2/asm/asm/5.0.4/asm-5.0.4.jar' 
2022-03-18 13:40:32.562 DEBUG [acme.Launcher@main] Found classpath entry '/C:/Users/pablo/.m2/repository/jakarta/xml/bind/jakarta.xml.bind-api/2.3.3/jakarta.xml.bind-api-2.3.3.jar' 
2022-03-18 13:40:32.562 DEBUG [acme.Launcher@main] Found classpath entry '/C:/Users/pablo/.m2/repository/jakarta/activation/jakarta.activation-api/1.2.2/jakarta.activation-api-1.2.2.jar' 
2022-03-18 13:40:32.563 DEBUG [acme.Launcher@main] Found classpath entry '/C:/Users/pablo/.m2/repository/org/assertj/assertj-core/3.18.1/assertj-core-3.18.1.jar' 
2022-03-18 13:40:32.563 DEBUG [acme.Launcher@main] Found classpath entry '/C:/Users/pablo/.m2/repository/org/hamcrest/hamcrest/2.2/hamcrest-2.2.jar' 
2022-03-18 13:40:32.563 DEBUG [acme.Launcher@main] Found classpath entry '/C:/Users/pablo/.m2/repository/org/junit/jupiter/junit-jupiter/5.7.0/junit-jupiter-5.7.0.jar' 
2022-03-18 13:40:32.563 DEBUG [acme.Launcher@main] Found classpath entry '/C:/Users/pablo/.m2/repository/org/mockito/mockito-core/3.6.28/mockito-core-3.6.28.jar' 
2022-03-18 13:40:32.563 DEBUG [acme.Launcher@main] Found classpath entry '/C:/Users/pablo/.m2/repository/net/bytebuddy/byte-buddy-agent/1.10.19/byte-buddy-agent-1.10.19.jar' 
2022-03-18 13:40:32.563 DEBUG [acme.Launcher@main] Found classpath entry '/C:/Users/pablo/.m2/repository/org/objenesis/objenesis/3.1/objenesis-3.1.jar' 
2022-03-18 13:40:32.563 DEBUG [acme.Launcher@main] Found classpath entry '/C:/Users/pablo/.m2/repository/org/mockito/mockito-junit-jupiter/3.6.28/mockito-junit-jupiter-3.6.28.jar' 
2022-03-18 13:40:32.563 DEBUG [acme.Launcher@main] Found classpath entry '/C:/Users/pablo/.m2/repository/org/skyscreamer/jsonassert/1.5.0/jsonassert-1.5.0.jar' 
2022-03-18 13:40:32.563 DEBUG [acme.Launcher@main] Found classpath entry '/C:/Users/pablo/.m2/repository/com/vaadin/external/google/android-json/0.0.20131108.vaadin1/android-json-0.0.20131108.vaadin1.jar' 
2022-03-18 13:40:32.563 DEBUG [acme.Launcher@main] Found classpath entry '/C:/Users/pablo/.m2/repository/org/springframework/spring-core/5.3.3/spring-core-5.3.3.jar' 
2022-03-18 13:40:32.564 DEBUG [acme.Launcher@main] Found classpath entry '/C:/Users/pablo/.m2/repository/org/springframework/spring-jcl/5.3.3/spring-jcl-5.3.3.jar' 
2022-03-18 13:40:32.564 DEBUG [acme.Launcher@main] Found classpath entry '/C:/Users/pablo/.m2/repository/org/springframework/spring-test/5.3.3/spring-test-5.3.3.jar' 
2022-03-18 13:40:32.564 DEBUG [acme.Launcher@main] Found classpath entry '/C:/Users/pablo/.m2/repository/org/xmlunit/xmlunit-core/2.7.0/xmlunit-core-2.7.0.jar' 
2022-03-18 13:40:32.564 DEBUG [acme.Launcher@main] Found classpath entry '/C:/Users/pablo/.m2/repository/org/springframework/boot/spring-boot-starter-security/2.4.2/spring-boot-starter-security-2.4.2.jar' 
2022-03-18 13:40:32.564 DEBUG [acme.Launcher@main] Found classpath entry '/C:/Users/pablo/.m2/repository/org/springframework/spring-aop/5.3.3/spring-aop-5.3.3.jar' 
2022-03-18 13:40:32.564 DEBUG [acme.Launcher@main] Found classpath entry '/C:/Users/pablo/.m2/repository/org/springframework/security/spring-security-web/5.4.2/spring-security-web-5.4.2.jar' 
2022-03-18 13:40:32.564 DEBUG [acme.Launcher@main] Found classpath entry '/C:/Users/pablo/.m2/repository/org/springframework/security/spring-security-core/5.4.2/spring-security-core-5.4.2.jar' 
2022-03-18 13:40:32.564 DEBUG [acme.Launcher@main] Found classpath entry '/C:/Users/pablo/.m2/repository/org/springframework/spring-beans/5.3.3/spring-beans-5.3.3.jar' 
2022-03-18 13:40:32.564 DEBUG [acme.Launcher@main] Found classpath entry '/C:/Users/pablo/.m2/repository/org/springframework/spring-context/5.3.3/spring-context-5.3.3.jar' 
2022-03-18 13:40:32.564 DEBUG [acme.Launcher@main] Found classpath entry '/C:/Users/pablo/.m2/repository/org/springframework/spring-expression/5.3.3/spring-expression-5.3.3.jar' 
2022-03-18 13:40:32.565 DEBUG [acme.Launcher@main] Found classpath entry '/C:/Users/pablo/.m2/repository/org/springframework/spring-web/5.3.3/spring-web-5.3.3.jar' 
2022-03-18 13:40:32.565 DEBUG [acme.Launcher@main] Found classpath entry '/C:/Users/pablo/.m2/repository/org/springframework/security/spring-security-config/5.4.2/spring-security-config-5.4.2.jar' 
2022-03-18 13:40:32.565 DEBUG [acme.Launcher@main] Found classpath entry '/C:/Users/pablo/.m2/repository/org/springframework/security/spring-security-taglibs/5.4.2/spring-security-taglibs-5.4.2.jar' 
2022-03-18 13:40:32.565 DEBUG [acme.Launcher@main] Found classpath entry '/C:/Users/pablo/.m2/repository/org/springframework/security/spring-security-acl/5.4.2/spring-security-acl-5.4.2.jar' 
2022-03-18 13:40:32.565 DEBUG [acme.Launcher@main] Found classpath entry '/C:/Users/pablo/.m2/repository/org/springframework/spring-jdbc/5.3.3/spring-jdbc-5.3.3.jar' 
2022-03-18 13:40:32.565 DEBUG [acme.Launcher@main] Found classpath entry '/C:/Users/pablo/.m2/repository/org/springframework/spring-tx/5.3.3/spring-tx-5.3.3.jar' 
2022-03-18 13:40:32.565 DEBUG [acme.Launcher@main] Found classpath entry '/C:/Users/pablo/.m2/repository/org/springframework/boot/spring-boot-starter-web/2.4.2/spring-boot-starter-web-2.4.2.jar' 
2022-03-18 13:40:32.565 DEBUG [acme.Launcher@main] Found classpath entry '/C:/Users/pablo/.m2/repository/org/springframework/boot/spring-boot-starter-json/2.4.2/spring-boot-starter-json-2.4.2.jar' 
2022-03-18 13:40:32.565 DEBUG [acme.Launcher@main] Found classpath entry '/C:/Users/pablo/.m2/repository/com/fasterxml/jackson/core/jackson-databind/2.11.4/jackson-databind-2.11.4.jar' 
2022-03-18 13:40:32.566 DEBUG [acme.Launcher@main] Found classpath entry '/C:/Users/pablo/.m2/repository/com/fasterxml/jackson/core/jackson-annotations/2.11.4/jackson-annotations-2.11.4.jar' 
2022-03-18 13:40:32.566 DEBUG [acme.Launcher@main] Found classpath entry '/C:/Users/pablo/.m2/repository/com/fasterxml/jackson/core/jackson-core/2.11.4/jackson-core-2.11.4.jar' 
2022-03-18 13:40:32.566 DEBUG [acme.Launcher@main] Found classpath entry '/C:/Users/pablo/.m2/repository/com/fasterxml/jackson/datatype/jackson-datatype-jdk8/2.11.4/jackson-datatype-jdk8-2.11.4.jar' 
2022-03-18 13:40:32.566 DEBUG [acme.Launcher@main] Found classpath entry '/C:/Users/pablo/.m2/repository/com/fasterxml/jackson/datatype/jackson-datatype-jsr310/2.11.4/jackson-datatype-jsr310-2.11.4.jar' 
2022-03-18 13:40:32.566 DEBUG [acme.Launcher@main] Found classpath entry '/C:/Users/pablo/.m2/repository/com/fasterxml/jackson/module/jackson-module-parameter-names/2.11.4/jackson-module-parameter-names-2.11.4.jar' 
2022-03-18 13:40:32.566 DEBUG [acme.Launcher@main] Found classpath entry '/C:/Users/pablo/.m2/repository/org/springframework/spring-webmvc/5.3.3/spring-webmvc-5.3.3.jar' 
2022-03-18 13:40:32.566 DEBUG [acme.Launcher@main] Found classpath entry '/C:/Users/pablo/.m2/repository/org/apache/tiles/tiles-jsp/3.0.8/tiles-jsp-3.0.8.jar' 
2022-03-18 13:40:32.566 DEBUG [acme.Launcher@main] Found classpath entry '/C:/Users/pablo/.m2/repository/org/apache/tiles/tiles-servlet/3.0.8/tiles-servlet-3.0.8.jar' 
2022-03-18 13:40:32.566 DEBUG [acme.Launcher@main] Found classpath entry '/C:/Users/pablo/.m2/repository/org/apache/tiles/tiles-core/3.0.8/tiles-core-3.0.8.jar' 
2022-03-18 13:40:32.566 DEBUG [acme.Launcher@main] Found classpath entry '/C:/Users/pablo/.m2/repository/commons-digester/commons-digester/2.0/commons-digester-2.0.jar' 
2022-03-18 13:40:32.566 DEBUG [acme.Launcher@main] Found classpath entry '/C:/Users/pablo/.m2/repository/org/slf4j/jcl-over-slf4j/1.7.30/jcl-over-slf4j-1.7.30.jar' 
2022-03-18 13:40:32.567 DEBUG [acme.Launcher@main] Found classpath entry '/C:/Users/pablo/.m2/repository/org/apache/tiles/tiles-request-servlet/1.0.7/tiles-request-servlet-1.0.7.jar' 
2022-03-18 13:40:32.567 DEBUG [acme.Launcher@main] Found classpath entry '/C:/Users/pablo/.m2/repository/org/apache/tiles/tiles-template/3.0.8/tiles-template-3.0.8.jar' 
2022-03-18 13:40:32.567 DEBUG [acme.Launcher@main] Found classpath entry '/C:/Users/pablo/.m2/repository/org/apache/tiles/tiles-api/3.0.8/tiles-api-3.0.8.jar' 
2022-03-18 13:40:32.567 DEBUG [acme.Launcher@main] Found classpath entry '/C:/Users/pablo/.m2/repository/org/apache/tiles/tiles-autotag-core-runtime/1.2/tiles-autotag-core-runtime-1.2.jar' 
2022-03-18 13:40:32.567 DEBUG [acme.Launcher@main] Found classpath entry '/C:/Users/pablo/.m2/repository/org/slf4j/slf4j-api/1.7.30/slf4j-api-1.7.30.jar' 
2022-03-18 13:40:32.567 DEBUG [acme.Launcher@main] Found classpath entry '/C:/Users/pablo/.m2/repository/org/apache/tiles/tiles-request-jsp/1.0.7/tiles-request-jsp-1.0.7.jar' 
2022-03-18 13:40:32.567 DEBUG [acme.Launcher@main] Found classpath entry '/C:/Users/pablo/.m2/repository/org/apache/tiles/tiles-request-api/1.0.7/tiles-request-api-1.0.7.jar' 
2022-03-18 13:40:32.567 DEBUG [acme.Launcher@main] Found classpath entry '/C:/Users/pablo/.m2/repository/org/springframework/boot/spring-boot-starter-data-jpa/2.4.2/spring-boot-starter-data-jpa-2.4.2.jar' 
2022-03-18 13:40:32.567 DEBUG [acme.Launcher@main] Found classpath entry '/C:/Users/pablo/.m2/repository/org/springframework/boot/spring-boot-starter-aop/2.4.2/spring-boot-starter-aop-2.4.2.jar' 
2022-03-18 13:40:32.567 DEBUG [acme.Launcher@main] Found classpath entry '/C:/Users/pablo/.m2/repository/org/aspectj/aspectjweaver/1.9.6/aspectjweaver-1.9.6.jar' 
2022-03-18 13:40:32.568 DEBUG [acme.Launcher@main] Found classpath entry '/C:/Users/pablo/.m2/repository/org/springframework/boot/spring-boot-starter-jdbc/2.4.2/spring-boot-starter-jdbc-2.4.2.jar' 
2022-03-18 13:40:32.568 DEBUG [acme.Launcher@main] Found classpath entry '/C:/Users/pablo/.m2/repository/jakarta/transaction/jakarta.transaction-api/1.3.3/jakarta.transaction-api-1.3.3.jar' 
2022-03-18 13:40:32.568 DEBUG [acme.Launcher@main] Found classpath entry '/C:/Users/pablo/.m2/repository/jakarta/persistence/jakarta.persistence-api/2.2.3/jakarta.persistence-api-2.2.3.jar' 
2022-03-18 13:40:32.568 DEBUG [acme.Launcher@main] Found classpath entry '/C:/Users/pablo/.m2/repository/org/hibernate/hibernate-core/5.4.27.Final/hibernate-core-5.4.27.Final.jar' 
2022-03-18 13:40:32.568 DEBUG [acme.Launcher@main] Found classpath entry '/C:/Users/pablo/.m2/repository/org/jboss/logging/jboss-logging/3.4.1.Final/jboss-logging-3.4.1.Final.jar' 
2022-03-18 13:40:32.568 DEBUG [acme.Launcher@main] Found classpath entry '/C:/Users/pablo/.m2/repository/org/javassist/javassist/3.27.0-GA/javassist-3.27.0-GA.jar' 
2022-03-18 13:40:32.568 DEBUG [acme.Launcher@main] Found classpath entry '/C:/Users/pablo/.m2/repository/antlr/antlr/2.7.7/antlr-2.7.7.jar' 
2022-03-18 13:40:32.568 DEBUG [acme.Launcher@main] Found classpath entry '/C:/Users/pablo/.m2/repository/org/jboss/jandex/2.1.3.Final/jandex-2.1.3.Final.jar' 
2022-03-18 13:40:32.568 DEBUG [acme.Launcher@main] Found classpath entry '/C:/Users/pablo/.m2/repository/com/fasterxml/classmate/1.5.1/classmate-1.5.1.jar' 
2022-03-18 13:40:32.568 DEBUG [acme.Launcher@main] Found classpath entry '/C:/Users/pablo/.m2/repository/org/dom4j/dom4j/2.1.3/dom4j-2.1.3.jar' 
2022-03-18 13:40:32.568 DEBUG [acme.Launcher@main] Found classpath entry '/C:/Users/pablo/.m2/repository/org/hibernate/common/hibernate-commons-annotations/5.1.2.Final/hibernate-commons-annotations-5.1.2.Final.jar' 
2022-03-18 13:40:32.568 DEBUG [acme.Launcher@main] Found classpath entry '/C:/Users/pablo/.m2/repository/org/glassfish/jaxb/jaxb-runtime/2.3.3/jaxb-runtime-2.3.3.jar' 
2022-03-18 13:40:32.569 DEBUG [acme.Launcher@main] Found classpath entry '/C:/Users/pablo/.m2/repository/org/glassfish/jaxb/txw2/2.3.3/txw2-2.3.3.jar' 
2022-03-18 13:40:32.569 DEBUG [acme.Launcher@main] Found classpath entry '/C:/Users/pablo/.m2/repository/com/sun/istack/istack-commons-runtime/3.0.11/istack-commons-runtime-3.0.11.jar' 
2022-03-18 13:40:32.569 DEBUG [acme.Launcher@main] Found classpath entry '/C:/Users/pablo/.m2/repository/com/sun/activation/jakarta.activation/1.2.2/jakarta.activation-1.2.2.jar' 
2022-03-18 13:40:32.569 DEBUG [acme.Launcher@main] Found classpath entry '/C:/Users/pablo/.m2/repository/org/springframework/data/spring-data-jpa/2.4.3/spring-data-jpa-2.4.3.jar' 
2022-03-18 13:40:32.569 DEBUG [acme.Launcher@main] Found classpath entry '/C:/Users/pablo/.m2/repository/org/springframework/data/spring-data-commons/2.4.3/spring-data-commons-2.4.3.jar' 
2022-03-18 13:40:32.569 DEBUG [acme.Launcher@main] Found classpath entry '/C:/Users/pablo/.m2/repository/org/springframework/spring-orm/5.3.3/spring-orm-5.3.3.jar' 
2022-03-18 13:40:32.569 DEBUG [acme.Launcher@main] Found classpath entry '/C:/Users/pablo/.m2/repository/org/springframework/spring-aspects/5.3.3/spring-aspects-5.3.3.jar' 
2022-03-18 13:40:32.569 DEBUG [acme.Launcher@main] Found classpath entry '/C:/Users/pablo/.m2/repository/org/springframework/boot/spring-boot-starter-validation/2.4.2/spring-boot-starter-validation-2.4.2.jar' 
2022-03-18 13:40:32.569 DEBUG [acme.Launcher@main] Found classpath entry '/C:/Users/pablo/.m2/repository/org/hibernate/validator/hibernate-validator/6.1.7.Final/hibernate-validator-6.1.7.Final.jar' 
2022-03-18 13:40:32.569 DEBUG [acme.Launcher@main] Found classpath entry '/C:/Users/pablo/.m2/repository/jakarta/validation/jakarta.validation-api/2.0.2/jakarta.validation-api-2.0.2.jar' 
2022-03-18 13:40:32.569 DEBUG [acme.Launcher@main] Found classpath entry '/C:/Users/pablo/.m2/repository/mysql/mysql-connector-java/8.0.22/mysql-connector-java-8.0.22.jar' 
2022-03-18 13:40:32.570 DEBUG [acme.Launcher@main] Found classpath entry '/C:/Users/pablo/.m2/repository/com/zaxxer/HikariCP/3.4.5/HikariCP-3.4.5.jar' 
2022-03-18 13:40:32.570 DEBUG [acme.Launcher@main] Found classpath entry '/C:/Users/pablo/.m2/repository/org/junit/jupiter/junit-jupiter-engine/5.7.0/junit-jupiter-engine-5.7.0.jar' 
2022-03-18 13:40:32.570 DEBUG [acme.Launcher@main] Found classpath entry '/C:/Users/pablo/.m2/repository/org/apiguardian/apiguardian-api/1.1.0/apiguardian-api-1.1.0.jar' 
2022-03-18 13:40:32.570 DEBUG [acme.Launcher@main] Found classpath entry '/C:/Users/pablo/.m2/repository/org/junit/platform/junit-platform-engine/1.7.0/junit-platform-engine-1.7.0.jar' 
2022-03-18 13:40:32.570 DEBUG [acme.Launcher@main] Found classpath entry '/C:/Users/pablo/.m2/repository/org/junit/jupiter/junit-jupiter-api/5.7.0/junit-jupiter-api-5.7.0.jar' 
2022-03-18 13:40:32.570 DEBUG [acme.Launcher@main] Found classpath entry '/C:/Users/pablo/.m2/repository/org/opentest4j/opentest4j/1.2.0/opentest4j-1.2.0.jar' 
2022-03-18 13:40:32.570 DEBUG [acme.Launcher@main] Found classpath entry '/C:/Users/pablo/.m2/repository/org/junit/platform/junit-platform-commons/1.7.0/junit-platform-commons-1.7.0.jar' 
2022-03-18 13:40:32.570 DEBUG [acme.Launcher@main] Found classpath entry '/C:/Users/pablo/.m2/repository/org/junit/jupiter/junit-jupiter-params/5.7.0/junit-jupiter-params-5.7.0.jar' 
2022-03-18 13:40:32.570 DEBUG [acme.Launcher@main] Found classpath entry '/C:/Users/pablo/.m2/repository/org/junit/platform/junit-platform-launcher/1.7.0/junit-platform-launcher-1.7.0.jar' 
2022-03-18 13:40:32.570 DEBUG [acme.Launcher@main] Found classpath entry '/C:/Users/pablo/.m2/repository/org/seleniumhq/selenium/selenium-java/3.141.59/selenium-java-3.141.59.jar' 
2022-03-18 13:40:32.570 DEBUG [acme.Launcher@main] Found classpath entry '/C:/Users/pablo/.m2/repository/org/seleniumhq/selenium/selenium-api/3.141.59/selenium-api-3.141.59.jar' 
2022-03-18 13:40:32.570 DEBUG [acme.Launcher@main] Found classpath entry '/C:/Users/pablo/.m2/repository/org/seleniumhq/selenium/selenium-chrome-driver/3.141.59/selenium-chrome-driver-3.141.59.jar' 
2022-03-18 13:40:32.571 DEBUG [acme.Launcher@main] Found classpath entry '/C:/Users/pablo/.m2/repository/org/seleniumhq/selenium/selenium-edge-driver/3.141.59/selenium-edge-driver-3.141.59.jar' 
2022-03-18 13:40:32.571 DEBUG [acme.Launcher@main] Found classpath entry '/C:/Users/pablo/.m2/repository/org/seleniumhq/selenium/selenium-firefox-driver/3.141.59/selenium-firefox-driver-3.141.59.jar' 
2022-03-18 13:40:32.571 DEBUG [acme.Launcher@main] Found classpath entry '/C:/Users/pablo/.m2/repository/org/seleniumhq/selenium/selenium-ie-driver/3.141.59/selenium-ie-driver-3.141.59.jar' 
2022-03-18 13:40:32.571 DEBUG [acme.Launcher@main] Found classpath entry '/C:/Users/pablo/.m2/repository/org/seleniumhq/selenium/selenium-opera-driver/3.141.59/selenium-opera-driver-3.141.59.jar' 
2022-03-18 13:40:32.571 DEBUG [acme.Launcher@main] Found classpath entry '/C:/Users/pablo/.m2/repository/org/seleniumhq/selenium/selenium-remote-driver/3.141.59/selenium-remote-driver-3.141.59.jar' 
2022-03-18 13:40:32.571 DEBUG [acme.Launcher@main] Found classpath entry '/C:/Users/pablo/.m2/repository/org/seleniumhq/selenium/selenium-safari-driver/3.141.59/selenium-safari-driver-3.141.59.jar' 
2022-03-18 13:40:32.571 DEBUG [acme.Launcher@main] Found classpath entry '/C:/Users/pablo/.m2/repository/org/seleniumhq/selenium/selenium-support/3.141.59/selenium-support-3.141.59.jar' 
2022-03-18 13:40:32.571 DEBUG [acme.Launcher@main] Found classpath entry '/C:/Users/pablo/.m2/repository/net/bytebuddy/byte-buddy/1.10.19/byte-buddy-1.10.19.jar' 
2022-03-18 13:40:32.571 DEBUG [acme.Launcher@main] Found classpath entry '/C:/Users/pablo/.m2/repository/org/apache/commons/commons-exec/1.3/commons-exec-1.3.jar' 
2022-03-18 13:40:32.571 DEBUG [acme.Launcher@main] Found classpath entry '/C:/Users/pablo/.m2/repository/com/google/guava/guava/25.0-jre/guava-25.0-jre.jar' 
2022-03-18 13:40:32.571 DEBUG [acme.Launcher@main] Found classpath entry '/C:/Users/pablo/.m2/repository/com/google/code/findbugs/jsr305/1.3.9/jsr305-1.3.9.jar' 
2022-03-18 13:40:32.571 DEBUG [acme.Launcher@main] Found classpath entry '/C:/Users/pablo/.m2/repository/org/checkerframework/checker-compat-qual/2.0.0/checker-compat-qual-2.0.0.jar' 
2022-03-18 13:40:32.572 DEBUG [acme.Launcher@main] Found classpath entry '/C:/Users/pablo/.m2/repository/com/google/errorprone/error_prone_annotations/2.1.3/error_prone_annotations-2.1.3.jar' 
2022-03-18 13:40:32.572 DEBUG [acme.Launcher@main] Found classpath entry '/C:/Users/pablo/.m2/repository/com/google/j2objc/j2objc-annotations/1.1/j2objc-annotations-1.1.jar' 
2022-03-18 13:40:32.572 DEBUG [acme.Launcher@main] Found classpath entry '/C:/Users/pablo/.m2/repository/org/codehaus/mojo/animal-sniffer-annotations/1.14/animal-sniffer-annotations-1.14.jar' 
2022-03-18 13:40:32.572 DEBUG [acme.Launcher@main] Found classpath entry '/C:/Users/pablo/.m2/repository/com/squareup/okhttp3/okhttp/3.14.9/okhttp-3.14.9.jar' 
2022-03-18 13:40:32.572 DEBUG [acme.Launcher@main] Found classpath entry '/C:/Users/pablo/.m2/repository/com/squareup/okio/okio/1.14.0/okio-1.14.0.jar' 
2022-03-18 13:40:32.572 DEBUG [acme.Launcher@main] Found classpath entry '/C:/Users/pablo/.m2/repository/org/apache/commons/commons-lang3/3.11/commons-lang3-3.11.jar' 
2022-03-18 13:40:32.572 DEBUG [acme.Launcher@main] Found classpath entry '/C:/Users/pablo/.m2/repository/org/apache/commons/commons-text/1.8/commons-text-1.8.jar' 
2022-03-18 13:40:32.572 DEBUG [acme.Launcher@main] Found classpath entry '/C:/Users/pablo/.m2/repository/commons-io/commons-io/2.6/commons-io-2.6.jar' 
2022-03-18 13:40:32.572 DEBUG [acme.Launcher@main] Found classpath entry '/C:/Users/pablo/.m2/repository/commons-cli/commons-cli/1.4/commons-cli-1.4.jar' 
2022-03-18 13:40:32.572 DEBUG [acme.Launcher@main] Found classpath entry '/C:/Users/pablo/.m2/repository/org/projectlombok/lombok/1.18.16/lombok-1.18.16.jar' 
2022-03-18 13:40:32.572 DEBUG [acme.Launcher@main] Found classpath entry '/C:/Users/pablo/.m2/repository/com/opencsv/opencsv/5.4/opencsv-5.4.jar' 
2022-03-18 13:40:32.572 DEBUG [acme.Launcher@main] Found classpath entry '/C:/Users/pablo/.m2/repository/commons-beanutils/commons-beanutils/1.9.4/commons-beanutils-1.9.4.jar' 
2022-03-18 13:40:32.572 DEBUG [acme.Launcher@main] Found classpath entry '/C:/Users/pablo/.m2/repository/commons-logging/commons-logging/1.2/commons-logging-1.2.jar' 
2022-03-18 13:40:32.573 DEBUG [acme.Launcher@main] Found classpath entry '/C:/Users/pablo/.m2/repository/commons-collections/commons-collections/3.2.2/commons-collections-3.2.2.jar' 
2022-03-18 13:40:32.573 DEBUG [acme.Launcher@main] Found classpath entry '/C:/Users/pablo/.m2/repository/org/apache/commons/commons-collections4/4.4/commons-collections4-4.4.jar' 
2022-03-18 13:40:32.573 DEBUG [acme.Launcher@main] Found classpath entry '/C:/Users/pablo/OneDrive/Desktop/IngSoftwareUS/Tercero/DP2/Workspace-22.0/Frameworks/Acme-Framework-22.1/target/classes/' 
2022-03-18 13:40:32.573 DEBUG [acme.Launcher@main] Found classpath entry '/C:/Users/pablo/OneDrive/Desktop/IngSoftwareUS/Tercero/DP2/Workspace-22.0/Frameworks/Acme-Framework-22.1/target/test-classes/' 
2022-03-18 13:40:32.626 DEBUG [acme.Launcher@main] Found entity class 'acme.entities.Announcement 
2022-03-18 13:40:32.626 DEBUG [acme.Launcher@main] Found entity class 'acme.entities.Chirp 
2022-03-18 13:40:32.626 DEBUG [acme.Launcher@main] Found entity class 'acme.entities.Item 
2022-03-18 13:40:32.626 DEBUG [acme.Launcher@main] Found entity class 'acme.entities.Patronage 
2022-03-18 13:40:32.626 DEBUG [acme.Launcher@main] Found entity class 'acme.entities.PatronageReport 
2022-03-18 13:40:32.626 DEBUG [acme.Launcher@main] Found entity class 'acme.entities.Quantity 
2022-03-18 13:40:32.626 DEBUG [acme.Launcher@main] Found entity class 'acme.entities.SystemConfiguration 
2022-03-18 13:40:32.626 DEBUG [acme.Launcher@main] Found entity class 'acme.entities.Toolkit 
2022-03-18 13:40:32.627 DEBUG [acme.Launcher@main] Found entity class 'acme.roles.Consumer 
2022-03-18 13:40:32.627 DEBUG [acme.Launcher@main] Found entity class 'acme.roles.Inventor 
2022-03-18 13:40:32.627 DEBUG [acme.Launcher@main] Found entity class 'acme.roles.Patron 
2022-03-18 13:40:32.627 DEBUG [acme.Launcher@main] Found entity class 'acme.roles.Provider 
2022-03-18 13:40:32.627 DEBUG [acme.Launcher@main] Found entity class 'acme.framework.entities.UserAccount 
2022-03-18 13:40:32.627 DEBUG [acme.Launcher@main] Found entity class 'acme.framework.roles.Administrator 
2022-03-18 13:40:32.627 DEBUG [acme.Launcher@main] Found entity class 'acme.framework.roles.Anonymous 
2022-03-18 13:40:32.627 DEBUG [acme.Launcher@main] Found entity class 'acme.framework.roles.Authenticated 
2022-03-18 13:40:32.631 INFO  [acme.Launcher@main] Populating (sample data) 
2022-03-18 13:40:32.631 INFO  [acme.framework.components.database.DatabasePopulator@main] Building database schema 
2022-03-18 13:40:32.657 DEBUG [acme.framework.components.database.DatabaseUtil@main] Executing script. 
2022-03-18 13:40:32.657 DEBUG [acme.framework.components.database.DatabaseUtil@main] Starting new transaction. 
2022-03-18 13:40:32.662 DEBUG [acme.framework.components.database.DatabaseUtil@main] Executing command 'set transaction isolation level read uncommitted;'. 
2022-03-18 13:40:32.670 DEBUG [acme.framework.components.database.DatabaseUtil@main] Starting transaction '1513467522'. 
2022-03-18 13:40:32.671 DEBUG [acme.framework.components.database.DatabaseUtil@main] Executing script command 'set foreign_key_checks=0'. 
2022-03-18 13:40:32.671 DEBUG [acme.framework.components.database.DatabaseUtil@main] Executing script command 'drop table if exists administrator'. 
2022-03-18 13:40:32.682 DEBUG [acme.framework.components.database.DatabaseUtil@main] Executing script command 'drop table if exists announcement'. 
2022-03-18 13:40:32.693 DEBUG [acme.framework.components.database.DatabaseUtil@main] Executing script command 'drop table if exists anonymous'. 
2022-03-18 13:40:32.702 DEBUG [acme.framework.components.database.DatabaseUtil@main] Executing script command 'drop table if exists authenticated'. 
2022-03-18 13:40:32.714 DEBUG [acme.framework.components.database.DatabaseUtil@main] Executing script command 'drop table if exists chirp'. 
2022-03-18 13:40:32.724 DEBUG [acme.framework.components.database.DatabaseUtil@main] Executing script command 'drop table if exists consumer'. 
2022-03-18 13:40:32.734 DEBUG [acme.framework.components.database.DatabaseUtil@main] Executing script command 'drop table if exists hibernate_sequence'. 
2022-03-18 13:40:32.743 DEBUG [acme.framework.components.database.DatabaseUtil@main] Executing script command 'drop table if exists inventor'. 
2022-03-18 13:40:32.753 DEBUG [acme.framework.components.database.DatabaseUtil@main] Executing script command 'drop table if exists item'. 
2022-03-18 13:40:32.764 DEBUG [acme.framework.components.database.DatabaseUtil@main] Executing script command 'drop table if exists patron'. 
2022-03-18 13:40:32.772 DEBUG [acme.framework.components.database.DatabaseUtil@main] Executing script command 'drop table if exists patronage'. 
2022-03-18 13:40:32.784 DEBUG [acme.framework.components.database.DatabaseUtil@main] Executing script command 'drop table if exists patronage_report'. 
2022-03-18 13:40:32.794 DEBUG [acme.framework.components.database.DatabaseUtil@main] Executing script command 'drop table if exists provider'. 
2022-03-18 13:40:32.803 DEBUG [acme.framework.components.database.DatabaseUtil@main] Executing script command 'drop table if exists quantity'. 
2022-03-18 13:40:32.812 DEBUG [acme.framework.components.database.DatabaseUtil@main] Executing script command 'drop table if exists system_configuration'. 
2022-03-18 13:40:32.822 DEBUG [acme.framework.components.database.DatabaseUtil@main] Executing script command 'drop table if exists toolkit'. 
2022-03-18 13:40:32.831 DEBUG [acme.framework.components.database.DatabaseUtil@main] Executing script command 'drop table if exists user_account'. 
2022-03-18 13:40:32.842 DEBUG [acme.framework.components.database.DatabaseUtil@main] Executing script command 'set foreign_key_checks=1'. 
2022-03-18 13:40:32.843 DEBUG [acme.framework.components.database.DatabaseUtil@main] Committing transaction '1513467522'. 
2022-03-18 13:40:32.850 DEBUG [acme.framework.components.database.DatabaseUtil@main] Executing script. 
2022-03-18 13:40:32.850 DEBUG [acme.framework.components.database.DatabaseUtil@main] Starting new transaction. 
2022-03-18 13:40:32.850 DEBUG [acme.framework.components.database.DatabaseUtil@main] Executing command 'set transaction isolation level read uncommitted;'. 
2022-03-18 13:40:32.850 DEBUG [acme.framework.components.database.DatabaseUtil@main] Starting transaction '544784138'. 
2022-03-18 13:40:32.850 DEBUG [acme.framework.components.database.DatabaseUtil@main] Executing script command 'set foreign_key_checks=0'. 
2022-03-18 13:40:32.850 DEBUG [acme.framework.components.database.DatabaseUtil@main] Executing script command 'create table administrator (id integer not null, version integer not null, user_account_id integer, primary key (id)) engine=InnoDB'. 
2022-03-18 13:40:32.861 DEBUG [acme.framework.components.database.DatabaseUtil@main] Executing script command 'create table announcement (id integer not null, version integer not null, body varchar(255), critical bit, info varchar(255), moment datetime, title varchar(255), primary key (id)) engine=InnoDB'. 
2022-03-18 13:40:32.873 DEBUG [acme.framework.components.database.DatabaseUtil@main] Executing script command 'create table anonymous (id integer not null, version integer not null, user_account_id integer, primary key (id)) engine=InnoDB'. 
2022-03-18 13:40:32.885 DEBUG [acme.framework.components.database.DatabaseUtil@main] Executing script command 'create table authenticated (id integer not null, version integer not null, user_account_id integer, primary key (id)) engine=InnoDB'. 
2022-03-18 13:40:32.898 DEBUG [acme.framework.components.database.DatabaseUtil@main] Executing script command 'create table chirp (id integer not null, version integer not null, author varchar(255), body varchar(255), email varchar(255), moment datetime, title varchar(255), primary key (id)) engine=InnoDB'. 
2022-03-18 13:40:32.910 DEBUG [acme.framework.components.database.DatabaseUtil@main] Executing script command 'create table consumer (id integer not null, version integer not null, user_account_id integer, company varchar(255), sector varchar(255), primary key (id)) engine=InnoDB'. 
2022-03-18 13:40:32.922 DEBUG [acme.framework.components.database.DatabaseUtil@main] Executing script command 'create table hibernate_sequence (next_val bigint) engine=InnoDB'. 
2022-03-18 13:40:32.933 DEBUG [acme.framework.components.database.DatabaseUtil@main] Executing script command 'insert into hibernate_sequence values ( 1 )'. 
2022-03-18 13:40:32.935 DEBUG [acme.framework.components.database.DatabaseUtil@main] Executing script command 'create table inventor (id integer not null, version integer not null, user_account_id integer, company varchar(255), link varchar(255), statement varchar(255), primary key (id)) engine=InnoDB'. 
2022-03-18 13:40:32.950 DEBUG [acme.framework.components.database.DatabaseUtil@main] Executing script command 'create table item (id integer not null, version integer not null, code varchar(255), description varchar(255), name varchar(255), optional_link varchar(255), retail_price_amount double precision, retail_price_currency varchar(255), technology varchar(255), tipo integer, primary key (id)) engine=InnoDB'. 
2022-03-18 13:40:32.960 DEBUG [acme.framework.components.database.DatabaseUtil@main] Executing script command 'create table patron (id integer not null, version integer not null, user_account_id integer, company varchar(255), link varchar(255), statement varchar(255), primary key (id)) engine=InnoDB'. 
2022-03-18 13:40:32.972 DEBUG [acme.framework.components.database.DatabaseUtil@main] Executing script command 'create table patronage (id integer not null, version integer not null, budget_amount double precision, budget_currency varchar(255), code varchar(255), end_date datetime, inventor tinyblob, legal_stuff varchar(255), link varchar(255), patron tinyblob, start_date datetime, status integer, primary key (id)) engine=InnoDB'. 
2022-03-18 13:40:32.985 DEBUG [acme.framework.components.database.DatabaseUtil@main] Executing script command 'create table patronage_report (id integer not null, version integer not null, creation_moment datetime, link varchar(255), memorandum varchar(255), patronage tinyblob, sequence_number varchar(255), primary key (id)) engine=InnoDB'. 
2022-03-18 13:40:32.996 DEBUG [acme.framework.components.database.DatabaseUtil@main] Executing script command 'create table provider (id integer not null, version integer not null, user_account_id integer, company varchar(255), sector varchar(255), primary key (id)) engine=InnoDB'. 
2022-03-18 13:40:33.006 DEBUG [acme.framework.components.database.DatabaseUtil@main] Executing script command 'create table quantity (id integer not null, version integer not null, number integer, item_id integer not null, toolkit_id integer not null, primary key (id)) engine=InnoDB'. 
2022-03-18 13:40:33.020 DEBUG [acme.framework.components.database.DatabaseUtil@main] Executing script command 'create table system_configuration (id integer not null, version integer not null, accepted_currencies varchar(255), strong_spam_threshold double precision not null, strong_spam_words varchar(255), system_currency varchar(255), weak_spam_threshold double precision not null, weak_spam_words varchar(255), primary key (id)) engine=InnoDB'. 
2022-03-18 13:40:33.032 DEBUG [acme.framework.components.database.DatabaseUtil@main] Executing script command 'create table toolkit (id integer not null, version integer not null, assembly_notes varchar(255), code varchar(255), description varchar(255), optional_link varchar(255), primary key (id)) engine=InnoDB'. 
2022-03-18 13:40:33.043 DEBUG [acme.framework.components.database.DatabaseUtil@main] Executing script command 'create table user_account (id integer not null, version integer not null, enabled bit not null, identity blob, password varchar(255), username varchar(255), primary key (id)) engine=InnoDB'. 
2022-03-18 13:40:33.055 DEBUG [acme.framework.components.database.DatabaseUtil@main] Executing script command 'alter table item add constraint UK_6cgogdarkq48dlg1lbnv4q1oq unique (code)'. 
2022-03-18 13:40:33.074 DEBUG [acme.framework.components.database.DatabaseUtil@main] Executing script command 'alter table patronage add constraint UK_7s289l63ihnn85qwyna5cqbfh unique (code)'. 
2022-03-18 13:40:33.092 DEBUG [acme.framework.components.database.DatabaseUtil@main] Executing script command 'alter table patronage_report add constraint UK_138f2dgicdjhonrucx287hva6 unique (sequence_number)'. 
2022-03-18 13:40:33.108 DEBUG [acme.framework.components.database.DatabaseUtil@main] Executing script command 'alter table toolkit add constraint UK_qvml9bbjdvicrw1wt0e1bej3c unique (code)'. 
2022-03-18 13:40:33.127 DEBUG [acme.framework.components.database.DatabaseUtil@main] Executing script command 'alter table user_account add constraint UK_castjbvpeeus0r8lbpehiu0e4 unique (username)'. 
2022-03-18 13:40:33.144 DEBUG [acme.framework.components.database.DatabaseUtil@main] Executing script command 'alter table administrator add constraint FK_2a5vcjo3stlfcwadosjfq49l1 foreign key (user_account_id) references user_account (id)'. 
2022-03-18 13:40:33.164 DEBUG [acme.framework.components.database.DatabaseUtil@main] Executing script command 'alter table anonymous add constraint FK_6lnbc6fo3om54vugoh8icg78m foreign key (user_account_id) references user_account (id)'. 
2022-03-18 13:40:33.182 DEBUG [acme.framework.components.database.DatabaseUtil@main] Executing script command 'alter table authenticated add constraint FK_h52w0f3wjoi68b63wv9vwon57 foreign key (user_account_id) references user_account (id)'. 
2022-03-18 13:40:33.200 DEBUG [acme.framework.components.database.DatabaseUtil@main] Executing script command 'alter table consumer add constraint FK_6cyha9f1wpj0dpbxrrjddrqed foreign key (user_account_id) references user_account (id)'. 
2022-03-18 13:40:33.218 DEBUG [acme.framework.components.database.DatabaseUtil@main] Executing script command 'alter table inventor add constraint FK_2upmsx50p5pou2l4uy8trxor6 foreign key (user_account_id) references user_account (id)'. 
2022-03-18 13:40:33.237 DEBUG [acme.framework.components.database.DatabaseUtil@main] Executing script command 'alter table patron add constraint FK_8xx5nujhuio3advxc2freyu65 foreign key (user_account_id) references user_account (id)'. 
2022-03-18 13:40:33.256 DEBUG [acme.framework.components.database.DatabaseUtil@main] Executing script command 'alter table provider add constraint FK_b1gwnjqm6ggy9yuiqm0o4rlmd foreign key (user_account_id) references user_account (id)'. 
2022-03-18 13:40:33.272 DEBUG [acme.framework.components.database.DatabaseUtil@main] Executing script command 'alter table quantity add constraint FK6v7ckbce1j36j4b7mubnk66bx foreign key (item_id) references item (id)'. 
2022-03-18 13:40:33.290 DEBUG [acme.framework.components.database.DatabaseUtil@main] Executing script command 'alter table quantity add constraint FKr1l7hfxuemn7o9d0qi4kawlmg foreign key (toolkit_id) references toolkit (id)'. 
2022-03-18 13:40:33.309 DEBUG [acme.framework.components.database.DatabaseUtil@main] Executing script command 'set foreign_key_checks=1'. 
2022-03-18 13:40:33.309 DEBUG [acme.framework.components.database.DatabaseUtil@main] Committing transaction '544784138'. 
2022-03-18 13:40:33.311 INFO  [acme.framework.components.database.DatabasePopulator@main] Reading entities from 'classpath:/WEB-INF/resources/initial-data' 
2022-03-18 13:40:33.315 DEBUG [acme.framework.components.database.Dataset@main] Reading dataset from 'C:\Users\pablo\OneDrive\Desktop\IngSoftwareUS\Tercero\DP2\Workspace-22.0\Projects\Acme-Toolkits\target\classes\WEB-INF\resources\initial-data\administrator.csv' 
2022-03-18 13:40:33.378 DEBUG [acme.framework.components.database.Dataset@main] Reading mapping '{key:user-account=user-account-administrator-01, key=administrator-01}' from 'C:\Users\pablo\OneDrive\Desktop\IngSoftwareUS\Tercero\DP2\Workspace-22.0\Projects\Acme-Toolkits\target\classes\WEB-INF\resources\initial-data\administrator.csv' 
2022-03-18 13:40:33.379 DEBUG [acme.framework.components.database.Dataset@main] Reading dataset from 'C:\Users\pablo\OneDrive\Desktop\IngSoftwareUS\Tercero\DP2\Workspace-22.0\Projects\Acme-Toolkits\target\classes\WEB-INF\resources\initial-data\anonymous.csv' 
2022-03-18 13:40:33.379 DEBUG [acme.framework.components.database.Dataset@main] Reading mapping '{key:user-account=user-account-anonymous-01, key=anonymous-01}' from 'C:\Users\pablo\OneDrive\Desktop\IngSoftwareUS\Tercero\DP2\Workspace-22.0\Projects\Acme-Toolkits\target\classes\WEB-INF\resources\initial-data\anonymous.csv' 
2022-03-18 13:40:33.379 DEBUG [acme.framework.components.database.Dataset@main] Reading dataset from 'C:\Users\pablo\OneDrive\Desktop\IngSoftwareUS\Tercero\DP2\Workspace-22.0\Projects\Acme-Toolkits\target\classes\WEB-INF\resources\initial-data\authenticated.csv' 
2022-03-18 13:40:33.380 DEBUG [acme.framework.components.database.Dataset@main] Reading mapping '{key:user-account=user-account-administrator-01, key=authenticated-administrator-01}' from 'C:\Users\pablo\OneDrive\Desktop\IngSoftwareUS\Tercero\DP2\Workspace-22.0\Projects\Acme-Toolkits\target\classes\WEB-INF\resources\initial-data\authenticated.csv' 
2022-03-18 13:40:33.380 DEBUG [acme.framework.components.database.Dataset@main] Reading dataset from 'C:\Users\pablo\OneDrive\Desktop\IngSoftwareUS\Tercero\DP2\Workspace-22.0\Projects\Acme-Toolkits\target\classes\WEB-INF\resources\initial-data\system-configuration.csv' 
2022-03-18 13:40:33.385 DEBUG [acme.framework.components.database.Dataset@main] Reading mapping '{weak-spam-words=sexy, nigeria, you've won, has ganado, one million, un millón, strong-spam-threshold= 10.00, strong-spam-words=sex, sexo, hard core, viagra, cialis, accepted-currencies=EUR, weak-spam-threshold= 25.00, system-currency=EUR, USD, GBP, key=system-configuration-01}' from 'C:\Users\pablo\OneDrive\Desktop\IngSoftwareUS\Tercero\DP2\Workspace-22.0\Projects\Acme-Toolkits\target\classes\WEB-INF\resources\initial-data\system-configuration.csv' 
2022-03-18 13:40:33.386 DEBUG [acme.framework.components.database.Dataset@main] Reading dataset from 'C:\Users\pablo\OneDrive\Desktop\IngSoftwareUS\Tercero\DP2\Workspace-22.0\Projects\Acme-Toolkits\target\classes\WEB-INF\resources\initial-data\user-account.csv' 
2022-03-18 13:40:33.386 DEBUG [acme.framework.components.database.Dataset@main] Reading mapping '{password=HIDDEN-PASSWORD, identity=UserIdentity{name: 'John', surname: 'Doe', email: 'john.doe@acme.com'}, key=user-account-anonymous-01, enabled=false, username=anonymous}' from 'C:\Users\pablo\OneDrive\Desktop\IngSoftwareUS\Tercero\DP2\Workspace-22.0\Projects\Acme-Toolkits\target\classes\WEB-INF\resources\initial-data\user-account.csv' 
2022-03-18 13:40:33.387 DEBUG [acme.framework.components.database.Dataset@main] Reading mapping '{password=administrator, identity=UserIdentity{name: 'Administrator', surname: 'Acme', email: 'administrator@acme.com'}, key=user-account-administrator-01, enabled=true, username=administrator}' from 'C:\Users\pablo\OneDrive\Desktop\IngSoftwareUS\Tercero\DP2\Workspace-22.0\Projects\Acme-Toolkits\target\classes\WEB-INF\resources\initial-data\user-account.csv' 
2022-03-18 13:40:33.387 DEBUG [acme.framework.components.database.EntityWeb@main] Setting attributes of entities of class acme.framework.roles.Anonymous 
2022-03-18 13:40:33.387 DEBUG [acme.framework.components.database.EntityWeb@main] Setting attributes of entities of class acme.framework.roles.Authenticated 
2022-03-18 13:40:33.387 DEBUG [acme.framework.components.database.EntityWeb@main] Setting attributes of entities of class acme.framework.roles.Administrator 
2022-03-18 13:40:33.387 DEBUG [acme.framework.components.database.EntityWeb@main] Setting attributes of entities of class acme.entities.SystemConfiguration 
2022-03-18 13:40:33.402 DEBUG [acme.framework.configuration.ExtendedMessageSource@main] Loading properties [C:\Users\pablo\OneDrive\Desktop\IngSoftwareUS\Tercero\DP2\Workspace-22.0\Projects\Acme-Toolkits\target\classes\WEB-INF\views\administrator\user-account\messages-en.i18n] with encoding 'utf-8' 
2022-03-18 13:40:33.403 DEBUG [acme.framework.configuration.ExtendedMessageSource@main] Loading properties [C:\Users\pablo\OneDrive\Desktop\IngSoftwareUS\Tercero\DP2\Workspace-22.0\Projects\Acme-Toolkits\target\classes\WEB-INF\views\anonymous\user-account\messages-en.i18n] with encoding 'utf-8' 
2022-03-18 13:40:33.403 DEBUG [acme.framework.configuration.ExtendedMessageSource@main] Loading properties [C:\Users\pablo\OneDrive\Desktop\IngSoftwareUS\Tercero\DP2\Workspace-22.0\Projects\Acme-Toolkits\target\classes\WEB-INF\views\authenticated\consumer\messsages-en.i18n] with encoding 'utf-8' 
2022-03-18 13:40:33.404 DEBUG [acme.framework.configuration.ExtendedMessageSource@main] Loading properties [C:\Users\pablo\OneDrive\Desktop\IngSoftwareUS\Tercero\DP2\Workspace-22.0\Projects\Acme-Toolkits\target\classes\WEB-INF\views\authenticated\inventor\messsages-en.i18n] with encoding 'utf-8' 
2022-03-18 13:40:33.405 DEBUG [acme.framework.configuration.ExtendedMessageSource@main] Loading properties [C:\Users\pablo\OneDrive\Desktop\IngSoftwareUS\Tercero\DP2\Workspace-22.0\Projects\Acme-Toolkits\target\classes\WEB-INF\views\authenticated\patron\messsages-en.i18n] with encoding 'utf-8' 
2022-03-18 13:40:33.405 DEBUG [acme.framework.configuration.ExtendedMessageSource@main] Loading properties [C:\Users\pablo\OneDrive\Desktop\IngSoftwareUS\Tercero\DP2\Workspace-22.0\Projects\Acme-Toolkits\target\classes\WEB-INF\views\authenticated\provider\messsages-en.i18n] with encoding 'utf-8' 
2022-03-18 13:40:33.405 DEBUG [acme.framework.configuration.ExtendedMessageSource@main] Loading properties [C:\Users\pablo\OneDrive\Desktop\IngSoftwareUS\Tercero\DP2\Workspace-22.0\Projects\Acme-Toolkits\target\classes\WEB-INF\views\authenticated\user-account\messages-en.i18n] with encoding 'utf-8' 
2022-03-18 13:40:33.405 DEBUG [acme.framework.configuration.ExtendedMessageSource@main] Loading properties [C:\Users\pablo\OneDrive\Desktop\IngSoftwareUS\Tercero\DP2\Workspace-22.0\Projects\Acme-Toolkits\target\classes\WEB-INF\views\fragments\banner-en.i18n] with encoding 'utf-8' 
2022-03-18 13:40:33.407 DEBUG [acme.framework.configuration.ExtendedMessageSource@main] Loading properties [C:\Users\pablo\OneDrive\Desktop\IngSoftwareUS\Tercero\DP2\Workspace-22.0\Projects\Acme-Toolkits\target\classes\WEB-INF\views\fragments\company-en.i18n] with encoding 'utf-8' 
2022-03-18 13:40:33.407 DEBUG [acme.framework.configuration.ExtendedMessageSource@main] Loading properties [C:\Users\pablo\OneDrive\Desktop\IngSoftwareUS\Tercero\DP2\Workspace-22.0\Projects\Acme-Toolkits\target\classes\WEB-INF\views\fragments\footer-en.i18n] with encoding 'utf-8' 
2022-03-18 13:40:33.408 DEBUG [acme.framework.configuration.ExtendedMessageSource@main] Loading properties [C:\Users\pablo\OneDrive\Desktop\IngSoftwareUS\Tercero\DP2\Workspace-22.0\Projects\Acme-Toolkits\target\classes\WEB-INF\views\fragments\license-en.i18n] with encoding 'utf-8' 
2022-03-18 13:40:33.408 DEBUG [acme.framework.configuration.ExtendedMessageSource@main] Loading properties [C:\Users\pablo\OneDrive\Desktop\IngSoftwareUS\Tercero\DP2\Workspace-22.0\Projects\Acme-Toolkits\target\classes\WEB-INF\views\fragments\menu-en.i18n] with encoding 'utf-8' 
2022-03-18 13:40:33.409 DEBUG [acme.framework.configuration.ExtendedMessageSource@main] Loading properties [C:\Users\pablo\OneDrive\Desktop\IngSoftwareUS\Tercero\DP2\Workspace-22.0\Projects\Acme-Toolkits\target\classes\WEB-INF\views\fragments\messsages-en.i18n] with encoding 'utf-8' 
2022-03-18 13:40:33.409 DEBUG [acme.framework.configuration.ExtendedMessageSource@main] Loading properties [C:\Users\pablo\OneDrive\Desktop\IngSoftwareUS\Tercero\DP2\Workspace-22.0\Projects\Acme-Toolkits\target\classes\WEB-INF\views\fragments\title-en.i18n] with encoding 'utf-8' 
2022-03-18 13:40:33.410 DEBUG [acme.framework.configuration.ExtendedMessageSource@main] Loading properties [C:\Users\pablo\OneDrive\Desktop\IngSoftwareUS\Tercero\DP2\Workspace-22.0\Projects\Acme-Toolkits\target\classes\WEB-INF\views\fragments\welcome-en.i18n] with encoding 'utf-8' 
2022-03-18 13:40:33.410 DEBUG [acme.framework.configuration.ExtendedMessageSource@main] Loading properties [C:\Users\pablo\OneDrive\Desktop\IngSoftwareUS\Tercero\DP2\Workspace-22.0\Projects\Acme-Toolkits\target\classes\WEB-INF\views\master\defaults-en.i18n] with encoding 'utf-8' 
2022-03-18 13:40:33.410 DEBUG [acme.framework.configuration.ExtendedMessageSource@main] Loading properties [C:\Users\pablo\OneDrive\Desktop\IngSoftwareUS\Tercero\DP2\Workspace-22.0\Projects\Acme-Toolkits\target\classes\WEB-INF\views\master\master-en.i18n] with encoding 'utf-8' 
2022-03-18 13:40:33.411 DEBUG [acme.framework.configuration.ExtendedMessageSource@main] Loading properties [C:\Users\pablo\OneDrive\Desktop\IngSoftwareUS\Tercero\DP2\Workspace-22.0\Projects\Acme-Toolkits\target\classes\WEB-INF\views\master\throwables-en.i18n] with encoding 'utf-8' 
2022-03-18 13:40:33.411 DEBUG [acme.framework.configuration.ExtendedMessageSource@main] Loading properties [C:\Users\pablo\OneDrive\Desktop\IngSoftwareUS\Tercero\DP2\Workspace-22.0\Projects\Acme-Toolkits\target\classes\WEB-INF\views\master\validation-en.i18n] with encoding 'utf-8' 
2022-03-18 13:40:33.413 DEBUG [acme.framework.components.database.EntityWeb@main] Setting attributes of entities of class acme.framework.entities.UserAccount 
2022-03-18 13:40:33.515 DEBUG [acme.framework.components.database.EntityWeb@main] Linking entities of class acme.framework.roles.Anonymous 
2022-03-18 13:40:33.518 DEBUG [acme.framework.components.database.EntityWeb@main] Linking entities of class acme.framework.roles.Authenticated 
2022-03-18 13:40:33.520 DEBUG [acme.framework.components.database.EntityWeb@main] Linking entities of class acme.framework.roles.Administrator 
2022-03-18 13:40:33.521 DEBUG [acme.framework.components.database.EntityWeb@main] Linking entities of class acme.entities.SystemConfiguration 
2022-03-18 13:40:33.522 DEBUG [acme.framework.components.database.EntityWeb@main] Linking entities of class acme.framework.entities.UserAccount 
2022-03-18 13:40:33.522 INFO  [acme.framework.components.database.DatabasePopulator@main] Reading entities from 'classpath:/WEB-INF/resources/sample-data' 
2022-03-18 13:40:33.522 DEBUG [acme.framework.components.database.Dataset@main] Reading dataset from 'C:\Users\pablo\OneDrive\Desktop\IngSoftwareUS\Tercero\DP2\Workspace-22.0\Projects\Acme-Toolkits\target\classes\WEB-INF\resources\sample-data\announcement.csv' 
2022-03-18 13:40:33.523 DEBUG [acme.framework.components.database.Dataset@main] Reading mapping '{critical=true, title=Harry Potter is dead, body=The corpse of the actor who roles HP, Daniel Radcliffe, has been found in his appartment late in the night today., key=announcement-01, moment=2021/06/10 06:39, info=http://harrypotter.com}' from 'C:\Users\pablo\OneDrive\Desktop\IngSoftwareUS\Tercero\DP2\Workspace-22.0\Projects\Acme-Toolkits\target\classes\WEB-INF\resources\sample-data\announcement.csv' 
2022-03-18 13:40:33.523 DEBUG [acme.framework.components.database.Dataset@main] Reading dataset from 'C:\Users\pablo\OneDrive\Desktop\IngSoftwareUS\Tercero\DP2\Workspace-22.0\Projects\Acme-Toolkits\target\classes\WEB-INF\resources\sample-data\chirp.csv' 
2022-03-18 13:40:33.524 DEBUG [acme.framework.components.database.Dataset@main] Reading mapping '{author=Peter McKenzie, title=Good morning!, body=The rain is going to dominate the sky of the city this whole week, key=chirp-01, email=weather@gmail.com, moment=2022/03/18 10:15}' from 'C:\Users\pablo\OneDrive\Desktop\IngSoftwareUS\Tercero\DP2\Workspace-22.0\Projects\Acme-Toolkits\target\classes\WEB-INF\resources\sample-data\chirp.csv' 
2022-03-18 13:40:33.524 DEBUG [acme.framework.components.database.Dataset@main] Reading dataset from 'C:\Users\pablo\OneDrive\Desktop\IngSoftwareUS\Tercero\DP2\Workspace-22.0\Projects\Acme-Toolkits\target\classes\WEB-INF\resources\sample-data\inventor.csv' 
2022-03-18 13:40:33.524 DEBUG [acme.framework.components.database.Dataset@main] Reading mapping '{key:user-account=user-account-inventor-01, statement=El Plantinar SL is one of the most prestigious companies in the country, link=null, company=El Plantinar SL, key=inventor-01}' from 'C:\Users\pablo\OneDrive\Desktop\IngSoftwareUS\Tercero\DP2\Workspace-22.0\Projects\Acme-Toolkits\target\classes\WEB-INF\resources\sample-data\inventor.csv' 
2022-03-18 13:40:33.524 DEBUG [acme.framework.components.database.Dataset@main] Reading dataset from 'C:\Users\pablo\OneDrive\Desktop\IngSoftwareUS\Tercero\DP2\Workspace-22.0\Projects\Acme-Toolkits\target\classes\WEB-INF\resources\sample-data\item.csv' 
2022-03-18 13:40:33.525 DEBUG [acme.framework.components.database.Dataset@main] Reading mapping '{tipo=TOOL, code=AAA-123, name=Vapormax, description=This are the new Nike Vapormax it will provide you more speed, technology=NikeTech silk, key=item-01, retail-price=EUR 150.00}' from 'C:\Users\pablo\OneDrive\Desktop\IngSoftwareUS\Tercero\DP2\Workspace-22.0\Projects\Acme-Toolkits\target\classes\WEB-INF\resources\sample-data\item.csv' 
2022-03-18 13:40:33.525 DEBUG [acme.framework.components.database.Dataset@main] Reading dataset from 'C:\Users\pablo\OneDrive\Desktop\IngSoftwareUS\Tercero\DP2\Workspace-22.0\Projects\Acme-Toolkits\target\classes\WEB-INF\resources\sample-data\patron.csv' 
2022-03-18 13:40:33.525 DEBUG [acme.framework.components.database.Dataset@main] Reading mapping '{key:user-account=user-account-patron-01, statement=Triana Inc is one of the most prestigious companies in the country, link=null, company=Triana Inc, key=patron-01}' from 'C:\Users\pablo\OneDrive\Desktop\IngSoftwareUS\Tercero\DP2\Workspace-22.0\Projects\Acme-Toolkits\target\classes\WEB-INF\resources\sample-data\patron.csv' 
2022-03-18 13:40:33.525 DEBUG [acme.framework.components.database.Dataset@main] Reading dataset from 'C:\Users\pablo\OneDrive\Desktop\IngSoftwareUS\Tercero\DP2\Workspace-22.0\Projects\Acme-Toolkits\target\classes\WEB-INF\resources\sample-data\patronage-report.csv' 
2022-03-18 13:40:33.526 DEBUG [acme.framework.components.database.Dataset@main] Reading mapping '{link=null, sequence-number=ABC-123-34567, creation-moment=2022/03/18 10:15, memorandum=This is a default memorandum, key=patronage-report-01, key::patronage=patronage-01}' from 'C:\Users\pablo\OneDrive\Desktop\IngSoftwareUS\Tercero\DP2\Workspace-22.0\Projects\Acme-Toolkits\target\classes\WEB-INF\resources\sample-data\patronage-report.csv' 
2022-03-18 13:40:33.526 DEBUG [acme.framework.components.database.Dataset@main] Reading dataset from 'C:\Users\pablo\OneDrive\Desktop\IngSoftwareUS\Tercero\DP2\Workspace-22.0\Projects\Acme-Toolkits\target\classes\WEB-INF\resources\sample-data\patronage.csv' 
2022-03-18 13:40:33.526 DEBUG [acme.framework.components.database.Dataset@main] Reading mapping '{end-date=2022/04/18 16:00, code=CBA-321, legal-stuff=No law has been broken, link=null, start-date=2022/04/18 16:00, key=patronage-01, status=ACCEPTED, budget=EUR 200.00}' from 'C:\Users\pablo\OneDrive\Desktop\IngSoftwareUS\Tercero\DP2\Workspace-22.0\Projects\Acme-Toolkits\target\classes\WEB-INF\resources\sample-data\patronage.csv' 
2022-03-18 13:40:33.526 DEBUG [acme.framework.components.database.Dataset@main] Reading dataset from 'C:\Users\pablo\OneDrive\Desktop\IngSoftwareUS\Tercero\DP2\Workspace-22.0\Projects\Acme-Toolkits\target\classes\WEB-INF\resources\sample-data\quantity.csv' 
2022-03-18 13:40:33.527 DEBUG [acme.framework.components.database.Dataset@main] Reading mapping '{number=1, key:toolkit=toolkit-01, key=quantity-01, key:item=item-01}' from 'C:\Users\pablo\OneDrive\Desktop\IngSoftwareUS\Tercero\DP2\Workspace-22.0\Projects\Acme-Toolkits\target\classes\WEB-INF\resources\sample-data\quantity.csv' 
2022-03-18 13:40:33.527 DEBUG [acme.framework.components.database.Dataset@main] Reading dataset from 'C:\Users\pablo\OneDrive\Desktop\IngSoftwareUS\Tercero\DP2\Workspace-22.0\Projects\Acme-Toolkits\target\classes\WEB-INF\resources\sample-data\toolkit.csv' 
2022-03-18 13:40:33.527 DEBUG [acme.framework.components.database.Dataset@main] Reading mapping '{code=ABC-123, assembly-notes=Take in consideration the new carbon fiber spoiler, description=Tools created in order to build the new Ferrari car, optional-link=null, key=toolkit-01}' from 'C:\Users\pablo\OneDrive\Desktop\IngSoftwareUS\Tercero\DP2\Workspace-22.0\Projects\Acme-Toolkits\target\classes\WEB-INF\resources\sample-data\toolkit.csv' 
2022-03-18 13:40:33.527 DEBUG [acme.framework.components.database.Dataset@main] Reading dataset from 'C:\Users\pablo\OneDrive\Desktop\IngSoftwareUS\Tercero\DP2\Workspace-22.0\Projects\Acme-Toolkits\target\classes\WEB-INF\resources\sample-data\user-account.csv' 
2022-03-18 13:40:33.528 DEBUG [acme.framework.components.database.Dataset@main] Reading mapping '{password=inventor1, identity=UserIdentity{name: 'Peter', surname: 'Parker', email: 'imnotspiderman@acme.com'}, key=user-account-inventor-01, enabled=true, username=inventor1}' from 'C:\Users\pablo\OneDrive\Desktop\IngSoftwareUS\Tercero\DP2\Workspace-22.0\Projects\Acme-Toolkits\target\classes\WEB-INF\resources\sample-data\user-account.csv' 
2022-03-18 13:40:33.528 DEBUG [acme.framework.components.database.Dataset@main] Reading mapping '{password=inventor2, identity=UserIdentity{name: 'Michael', surname: 'Jordan', email: 'michaelj23@acme.com'}, key=user-account-inventor-02, enabled=true, username=inventor2}' from 'C:\Users\pablo\OneDrive\Desktop\IngSoftwareUS\Tercero\DP2\Workspace-22.0\Projects\Acme-Toolkits\target\classes\WEB-INF\resources\sample-data\user-account.csv' 
2022-03-18 13:40:33.528 DEBUG [acme.framework.components.database.Dataset@main] Reading mapping '{password=patron1, identity=UserIdentity{name: 'Bugs', surname: 'Bunny', email: 'whatsupfolks@acme.com'}, key=user-account-patron-01, enabled=true, username=patron1}' from 'C:\Users\pablo\OneDrive\Desktop\IngSoftwareUS\Tercero\DP2\Workspace-22.0\Projects\Acme-Toolkits\target\classes\WEB-INF\resources\sample-data\user-account.csv' 
2022-03-18 13:40:33.528 DEBUG [acme.framework.components.database.Dataset@main] Reading mapping '{password=patron2, identity=UserIdentity{name: 'Sandra', surname: 'Bullock', email: 'interstellar@acme.com'}, key=user-account-patron-02, enabled=true, username=patron2}' from 'C:\Users\pablo\OneDrive\Desktop\IngSoftwareUS\Tercero\DP2\Workspace-22.0\Projects\Acme-Toolkits\target\classes\WEB-INF\resources\sample-data\user-account.csv' 
2022-03-18 13:40:33.528 DEBUG [acme.framework.components.database.EntityWeb@main] Setting attributes of entities of class acme.entities.Announcement 
2022-03-18 13:40:33.531 DEBUG [acme.framework.components.database.EntityWeb@main] Setting attributes of entities of class acme.entities.Chirp 
2022-03-18 13:40:33.533 DEBUG [acme.framework.components.database.EntityWeb@main] Setting attributes of entities of class acme.entities.Item 
2022-03-18 13:40:33.536 DEBUG [acme.framework.components.database.EntityWeb@main] Setting attributes of entities of class acme.roles.Inventor 
2022-03-18 13:40:33.539 DEBUG [acme.framework.components.database.EntityWeb@main] Setting attributes of entities of class acme.entities.Patronage 
2022-03-18 13:40:33.542 DEBUG [acme.framework.components.database.EntityWeb@main] Setting attributes of entities of class acme.entities.Quantity 
2022-03-18 13:40:33.544 DEBUG [acme.framework.components.database.EntityWeb@main] Setting attributes of entities of class acme.roles.Patron 
2022-03-18 13:40:33.546 DEBUG [acme.framework.components.database.EntityWeb@main] Setting attributes of entities of class acme.entities.PatronageReport 
2022-03-18 13:40:33.548 DEBUG [acme.framework.components.database.EntityWeb@main] Setting attributes of entities of class acme.entities.Toolkit 
2022-03-18 13:40:33.559 DEBUG [acme.framework.components.database.EntityWeb@main] Setting attributes of entities of class acme.framework.entities.UserAccount 
2022-03-18 13:40:33.571 DEBUG [acme.framework.components.database.EntityWeb@main] Linking entities of class acme.entities.Announcement 
2022-03-18 13:40:33.571 DEBUG [acme.framework.components.database.EntityWeb@main] Linking entities of class acme.entities.Chirp 
2022-03-18 13:40:33.571 DEBUG [acme.framework.components.database.EntityWeb@main] Linking entities of class acme.entities.Item 
2022-03-18 13:40:33.571 DEBUG [acme.framework.components.database.EntityWeb@main] Linking entities of class acme.roles.Inventor 
2022-03-18 13:40:33.571 DEBUG [acme.framework.components.database.EntityWeb@main] Linking entities of class acme.entities.Patronage 
2022-03-18 13:40:33.571 DEBUG [acme.framework.components.database.EntityWeb@main] Linking entities of class acme.entities.Quantity 
2022-03-18 13:40:33.571 DEBUG [acme.framework.components.database.EntityWeb@main] Linking entities of class acme.roles.Patron 
2022-03-18 13:40:33.572 DEBUG [acme.framework.components.database.EntityWeb@main] Linking entities of class acme.entities.PatronageReport 
2022-03-18 13:40:33.572 ERROR [acme.Launcher@main] acme.framework.components.database.EntityWeb.computeLinkAttributes(EntityWeb.java:283): C:\Users\pablo\OneDrive\Desktop\IngSoftwareUS\Tercero\DP2\Workspace-22.0\Projects\Acme-Toolkits\target\classes\WEB-INF\resources\sample-data\patronage-report.csv: cannot read/write property 'acme.entities.PatronageReport:::patronage' 
2022-03-18 13:40:33.572 INFO  [acme.Launcher@main] The application log provides additional debugging messages! 
2022-03-18 13:40:34.667 INFO  [acme.framework.configuration.ShutdownConfiguration@main] The system is shutting down... 
2022-03-18 13:40:34.676 DEBUG [acme.Launcher@main] Exit code = 0 
