2022-03-18 12:02:37.613 INFO  [acme.Launcher@main] Starting Launcher using Java 1.8.0_281 on DESKTOP-43OFS7U with PID 14412 (C:\Users\Jesus\Desktop\Workspace-22.0\Frameworks\Acme-Framework-22.1\target\classes started by Jes£s in C:\Users\Jesus\Desktop\Workspace-22.0\Projects\Acme-Toolkits) 
2022-03-18 12:02:37.615 DEBUG [acme.Launcher@main] Running with Spring Boot v2.4.2, Spring v5.3.3 
2022-03-18 12:02:37.617 INFO  [acme.Launcher@main] The following profiles are active: development,populator 
2022-03-18 12:02:41.743 DEBUG [org.apache.jasper.servlet.JasperInitializer@main] Initializing Jasper for context [application] 
2022-03-18 12:02:49.323 DEBUG [org.apache.jasper.servlet.JspServlet@main] Scratch dir for the JSP engine is: [C:\Users\Jesus\AppData\Local\Temp\tomcat.8083.5571009148162381127\work\Tomcat\localhost\acme-toolkits-22.1] 
2022-03-18 12:02:49.323 DEBUG [org.apache.jasper.servlet.JspServlet@main] IMPORTANT: Do not modify the generated servlets 
2022-03-18 12:02:49.341 INFO  [acme.Launcher@main] Started Launcher in 12.97 seconds (JVM running for 14.365) 
2022-03-18 12:02:49.347 DEBUG [acme.Launcher@main] Found classpath entry '/C:/Users/Jesus/Desktop/Workspace-22.0/Projects/Acme-Toolkits/target/test-classes/' 
2022-03-18 12:02:49.347 DEBUG [acme.Launcher@main] Found classpath entry '/C:/Users/Jesus/Desktop/Workspace-22.0/Projects/Acme-Toolkits/target/classes/' 
2022-03-18 12:02:49.348 DEBUG [acme.Launcher@main] Found classpath entry '/C:/Users/Jesus/Desktop/Workspace-22.0/Frameworks/Acme-Framework-22.1/target/classes/' 
2022-03-18 12:02:49.348 DEBUG [acme.Launcher@main] Found classpath entry '/C:/Users/Jesus/Desktop/Workspace-22.0/Frameworks/Acme-Framework-22.1/target/test-classes/' 
2022-03-18 12:02:49.348 DEBUG [acme.Launcher@main] Found classpath entry '/C:/Users/Jesus/.m2/repository/org/springframework/boot/spring-boot-starter-tomcat/2.4.2/spring-boot-starter-tomcat-2.4.2.jar' 
2022-03-18 12:02:49.349 DEBUG [acme.Launcher@main] Found classpath entry '/C:/Users/Jesus/.m2/repository/jakarta/annotation/jakarta.annotation-api/1.3.5/jakarta.annotation-api-1.3.5.jar' 
2022-03-18 12:02:49.349 DEBUG [acme.Launcher@main] Found classpath entry '/C:/Users/Jesus/.m2/repository/org/apache/tomcat/embed/tomcat-embed-core/9.0.41/tomcat-embed-core-9.0.41.jar' 
2022-03-18 12:02:49.350 DEBUG [acme.Launcher@main] Found classpath entry '/C:/Users/Jesus/.m2/repository/org/glassfish/jakarta.el/3.0.3/jakarta.el-3.0.3.jar' 
2022-03-18 12:02:49.350 DEBUG [acme.Launcher@main] Found classpath entry '/C:/Users/Jesus/.m2/repository/org/apache/tomcat/embed/tomcat-embed-websocket/9.0.41/tomcat-embed-websocket-9.0.41.jar' 
2022-03-18 12:02:49.350 DEBUG [acme.Launcher@main] Found classpath entry '/C:/Users/Jesus/.m2/repository/org/apache/tomcat/embed/tomcat-embed-jasper/9.0.41/tomcat-embed-jasper-9.0.41.jar' 
2022-03-18 12:02:49.351 DEBUG [acme.Launcher@main] Found classpath entry '/C:/Users/Jesus/.m2/repository/org/apache/tomcat/embed/tomcat-embed-el/9.0.41/tomcat-embed-el-9.0.41.jar' 
2022-03-18 12:02:49.351 DEBUG [acme.Launcher@main] Found classpath entry '/C:/Users/Jesus/.m2/repository/org/eclipse/jdt/ecj/3.18.0/ecj-3.18.0.jar' 
2022-03-18 12:02:49.351 DEBUG [acme.Launcher@main] Found classpath entry '/C:/Users/Jesus/.m2/repository/javax/servlet/jstl/1.2/jstl-1.2.jar' 
2022-03-18 12:02:49.352 DEBUG [acme.Launcher@main] Found classpath entry '/C:/Users/Jesus/.m2/repository/org/springframework/boot/spring-boot-starter-test/2.4.2/spring-boot-starter-test-2.4.2.jar' 
2022-03-18 12:02:49.352 DEBUG [acme.Launcher@main] Found classpath entry '/C:/Users/Jesus/.m2/repository/org/springframework/boot/spring-boot-starter/2.4.2/spring-boot-starter-2.4.2.jar' 
2022-03-18 12:02:49.353 DEBUG [acme.Launcher@main] Found classpath entry '/C:/Users/Jesus/.m2/repository/org/springframework/boot/spring-boot/2.4.2/spring-boot-2.4.2.jar' 
2022-03-18 12:02:49.353 DEBUG [acme.Launcher@main] Found classpath entry '/C:/Users/Jesus/.m2/repository/org/springframework/boot/spring-boot-autoconfigure/2.4.2/spring-boot-autoconfigure-2.4.2.jar' 
2022-03-18 12:02:49.353 DEBUG [acme.Launcher@main] Found classpath entry '/C:/Users/Jesus/.m2/repository/org/springframework/boot/spring-boot-starter-logging/2.4.2/spring-boot-starter-logging-2.4.2.jar' 
2022-03-18 12:02:49.354 DEBUG [acme.Launcher@main] Found classpath entry '/C:/Users/Jesus/.m2/repository/ch/qos/logback/logback-classic/1.2.3/logback-classic-1.2.3.jar' 
2022-03-18 12:02:49.354 DEBUG [acme.Launcher@main] Found classpath entry '/C:/Users/Jesus/.m2/repository/ch/qos/logback/logback-core/1.2.3/logback-core-1.2.3.jar' 
2022-03-18 12:02:49.355 DEBUG [acme.Launcher@main] Found classpath entry '/C:/Users/Jesus/.m2/repository/org/apache/logging/log4j/log4j-to-slf4j/2.13.3/log4j-to-slf4j-2.13.3.jar' 
2022-03-18 12:02:49.355 DEBUG [acme.Launcher@main] Found classpath entry '/C:/Users/Jesus/.m2/repository/org/apache/logging/log4j/log4j-api/2.13.3/log4j-api-2.13.3.jar' 
2022-03-18 12:02:49.355 DEBUG [acme.Launcher@main] Found classpath entry '/C:/Users/Jesus/.m2/repository/org/slf4j/jul-to-slf4j/1.7.30/jul-to-slf4j-1.7.30.jar' 
2022-03-18 12:02:49.355 DEBUG [acme.Launcher@main] Found classpath entry '/C:/Users/Jesus/.m2/repository/org/yaml/snakeyaml/1.27/snakeyaml-1.27.jar' 
2022-03-18 12:02:49.356 DEBUG [acme.Launcher@main] Found classpath entry '/C:/Users/Jesus/.m2/repository/org/springframework/boot/spring-boot-test/2.4.2/spring-boot-test-2.4.2.jar' 
2022-03-18 12:02:49.356 DEBUG [acme.Launcher@main] Found classpath entry '/C:/Users/Jesus/.m2/repository/org/springframework/boot/spring-boot-test-autoconfigure/2.4.2/spring-boot-test-autoconfigure-2.4.2.jar' 
2022-03-18 12:02:49.356 DEBUG [acme.Launcher@main] Found classpath entry '/C:/Users/Jesus/.m2/repository/com/jayway/jsonpath/json-path/2.4.0/json-path-2.4.0.jar' 
2022-03-18 12:02:49.357 DEBUG [acme.Launcher@main] Found classpath entry '/C:/Users/Jesus/.m2/repository/net/minidev/json-smart/2.3/json-smart-2.3.jar' 
2022-03-18 12:02:49.357 DEBUG [acme.Launcher@main] Found classpath entry '/C:/Users/Jesus/.m2/repository/net/minidev/accessors-smart/1.2/accessors-smart-1.2.jar' 
2022-03-18 12:02:49.357 DEBUG [acme.Launcher@main] Found classpath entry '/C:/Users/Jesus/.m2/repository/org/ow2/asm/asm/5.0.4/asm-5.0.4.jar' 
2022-03-18 12:02:49.358 DEBUG [acme.Launcher@main] Found classpath entry '/C:/Users/Jesus/.m2/repository/jakarta/xml/bind/jakarta.xml.bind-api/2.3.3/jakarta.xml.bind-api-2.3.3.jar' 
2022-03-18 12:02:49.358 DEBUG [acme.Launcher@main] Found classpath entry '/C:/Users/Jesus/.m2/repository/jakarta/activation/jakarta.activation-api/1.2.2/jakarta.activation-api-1.2.2.jar' 
2022-03-18 12:02:49.358 DEBUG [acme.Launcher@main] Found classpath entry '/C:/Users/Jesus/.m2/repository/org/assertj/assertj-core/3.18.1/assertj-core-3.18.1.jar' 
2022-03-18 12:02:49.359 DEBUG [acme.Launcher@main] Found classpath entry '/C:/Users/Jesus/.m2/repository/org/hamcrest/hamcrest/2.2/hamcrest-2.2.jar' 
2022-03-18 12:02:49.359 DEBUG [acme.Launcher@main] Found classpath entry '/C:/Users/Jesus/.m2/repository/org/junit/jupiter/junit-jupiter/5.7.0/junit-jupiter-5.7.0.jar' 
2022-03-18 12:02:49.360 DEBUG [acme.Launcher@main] Found classpath entry '/C:/Users/Jesus/.m2/repository/org/mockito/mockito-core/3.6.28/mockito-core-3.6.28.jar' 
2022-03-18 12:02:49.360 DEBUG [acme.Launcher@main] Found classpath entry '/C:/Users/Jesus/.m2/repository/net/bytebuddy/byte-buddy-agent/1.10.19/byte-buddy-agent-1.10.19.jar' 
2022-03-18 12:02:49.360 DEBUG [acme.Launcher@main] Found classpath entry '/C:/Users/Jesus/.m2/repository/org/objenesis/objenesis/3.1/objenesis-3.1.jar' 
2022-03-18 12:02:49.361 DEBUG [acme.Launcher@main] Found classpath entry '/C:/Users/Jesus/.m2/repository/org/mockito/mockito-junit-jupiter/3.6.28/mockito-junit-jupiter-3.6.28.jar' 
2022-03-18 12:02:49.361 DEBUG [acme.Launcher@main] Found classpath entry '/C:/Users/Jesus/.m2/repository/org/skyscreamer/jsonassert/1.5.0/jsonassert-1.5.0.jar' 
2022-03-18 12:02:49.361 DEBUG [acme.Launcher@main] Found classpath entry '/C:/Users/Jesus/.m2/repository/com/vaadin/external/google/android-json/0.0.20131108.vaadin1/android-json-0.0.20131108.vaadin1.jar' 
2022-03-18 12:02:49.362 DEBUG [acme.Launcher@main] Found classpath entry '/C:/Users/Jesus/.m2/repository/org/springframework/spring-core/5.3.3/spring-core-5.3.3.jar' 
2022-03-18 12:02:49.362 DEBUG [acme.Launcher@main] Found classpath entry '/C:/Users/Jesus/.m2/repository/org/springframework/spring-jcl/5.3.3/spring-jcl-5.3.3.jar' 
2022-03-18 12:02:49.362 DEBUG [acme.Launcher@main] Found classpath entry '/C:/Users/Jesus/.m2/repository/org/springframework/spring-test/5.3.3/spring-test-5.3.3.jar' 
2022-03-18 12:02:49.363 DEBUG [acme.Launcher@main] Found classpath entry '/C:/Users/Jesus/.m2/repository/org/xmlunit/xmlunit-core/2.7.0/xmlunit-core-2.7.0.jar' 
2022-03-18 12:02:49.363 DEBUG [acme.Launcher@main] Found classpath entry '/C:/Users/Jesus/.m2/repository/org/springframework/boot/spring-boot-starter-security/2.4.2/spring-boot-starter-security-2.4.2.jar' 
2022-03-18 12:02:49.364 DEBUG [acme.Launcher@main] Found classpath entry '/C:/Users/Jesus/.m2/repository/org/springframework/spring-aop/5.3.3/spring-aop-5.3.3.jar' 
2022-03-18 12:02:49.364 DEBUG [acme.Launcher@main] Found classpath entry '/C:/Users/Jesus/.m2/repository/org/springframework/security/spring-security-web/5.4.2/spring-security-web-5.4.2.jar' 
2022-03-18 12:02:49.364 DEBUG [acme.Launcher@main] Found classpath entry '/C:/Users/Jesus/.m2/repository/org/springframework/security/spring-security-core/5.4.2/spring-security-core-5.4.2.jar' 
2022-03-18 12:02:49.365 DEBUG [acme.Launcher@main] Found classpath entry '/C:/Users/Jesus/.m2/repository/org/springframework/spring-beans/5.3.3/spring-beans-5.3.3.jar' 
2022-03-18 12:02:49.365 DEBUG [acme.Launcher@main] Found classpath entry '/C:/Users/Jesus/.m2/repository/org/springframework/spring-context/5.3.3/spring-context-5.3.3.jar' 
2022-03-18 12:02:49.365 DEBUG [acme.Launcher@main] Found classpath entry '/C:/Users/Jesus/.m2/repository/org/springframework/spring-expression/5.3.3/spring-expression-5.3.3.jar' 
2022-03-18 12:02:49.366 DEBUG [acme.Launcher@main] Found classpath entry '/C:/Users/Jesus/.m2/repository/org/springframework/spring-web/5.3.3/spring-web-5.3.3.jar' 
2022-03-18 12:02:49.366 DEBUG [acme.Launcher@main] Found classpath entry '/C:/Users/Jesus/.m2/repository/org/springframework/security/spring-security-config/5.4.2/spring-security-config-5.4.2.jar' 
2022-03-18 12:02:49.366 DEBUG [acme.Launcher@main] Found classpath entry '/C:/Users/Jesus/.m2/repository/org/springframework/security/spring-security-taglibs/5.4.2/spring-security-taglibs-5.4.2.jar' 
2022-03-18 12:02:49.367 DEBUG [acme.Launcher@main] Found classpath entry '/C:/Users/Jesus/.m2/repository/org/springframework/security/spring-security-acl/5.4.2/spring-security-acl-5.4.2.jar' 
2022-03-18 12:02:49.367 DEBUG [acme.Launcher@main] Found classpath entry '/C:/Users/Jesus/.m2/repository/org/springframework/spring-jdbc/5.3.3/spring-jdbc-5.3.3.jar' 
2022-03-18 12:02:49.368 DEBUG [acme.Launcher@main] Found classpath entry '/C:/Users/Jesus/.m2/repository/org/springframework/spring-tx/5.3.3/spring-tx-5.3.3.jar' 
2022-03-18 12:02:49.368 DEBUG [acme.Launcher@main] Found classpath entry '/C:/Users/Jesus/.m2/repository/org/springframework/boot/spring-boot-starter-web/2.4.2/spring-boot-starter-web-2.4.2.jar' 
2022-03-18 12:02:49.368 DEBUG [acme.Launcher@main] Found classpath entry '/C:/Users/Jesus/.m2/repository/org/springframework/boot/spring-boot-starter-json/2.4.2/spring-boot-starter-json-2.4.2.jar' 
2022-03-18 12:02:49.369 DEBUG [acme.Launcher@main] Found classpath entry '/C:/Users/Jesus/.m2/repository/com/fasterxml/jackson/core/jackson-databind/2.11.4/jackson-databind-2.11.4.jar' 
2022-03-18 12:02:49.369 DEBUG [acme.Launcher@main] Found classpath entry '/C:/Users/Jesus/.m2/repository/com/fasterxml/jackson/core/jackson-annotations/2.11.4/jackson-annotations-2.11.4.jar' 
2022-03-18 12:02:49.369 DEBUG [acme.Launcher@main] Found classpath entry '/C:/Users/Jesus/.m2/repository/com/fasterxml/jackson/core/jackson-core/2.11.4/jackson-core-2.11.4.jar' 
2022-03-18 12:02:49.370 DEBUG [acme.Launcher@main] Found classpath entry '/C:/Users/Jesus/.m2/repository/com/fasterxml/jackson/datatype/jackson-datatype-jdk8/2.11.4/jackson-datatype-jdk8-2.11.4.jar' 
2022-03-18 12:02:49.370 DEBUG [acme.Launcher@main] Found classpath entry '/C:/Users/Jesus/.m2/repository/com/fasterxml/jackson/datatype/jackson-datatype-jsr310/2.11.4/jackson-datatype-jsr310-2.11.4.jar' 
2022-03-18 12:02:49.370 DEBUG [acme.Launcher@main] Found classpath entry '/C:/Users/Jesus/.m2/repository/com/fasterxml/jackson/module/jackson-module-parameter-names/2.11.4/jackson-module-parameter-names-2.11.4.jar' 
2022-03-18 12:02:49.371 DEBUG [acme.Launcher@main] Found classpath entry '/C:/Users/Jesus/.m2/repository/org/springframework/spring-webmvc/5.3.3/spring-webmvc-5.3.3.jar' 
2022-03-18 12:02:49.371 DEBUG [acme.Launcher@main] Found classpath entry '/C:/Users/Jesus/.m2/repository/org/apache/tiles/tiles-jsp/3.0.8/tiles-jsp-3.0.8.jar' 
2022-03-18 12:02:49.371 DEBUG [acme.Launcher@main] Found classpath entry '/C:/Users/Jesus/.m2/repository/org/apache/tiles/tiles-servlet/3.0.8/tiles-servlet-3.0.8.jar' 
2022-03-18 12:02:49.372 DEBUG [acme.Launcher@main] Found classpath entry '/C:/Users/Jesus/.m2/repository/org/apache/tiles/tiles-core/3.0.8/tiles-core-3.0.8.jar' 
2022-03-18 12:02:49.372 DEBUG [acme.Launcher@main] Found classpath entry '/C:/Users/Jesus/.m2/repository/commons-digester/commons-digester/2.0/commons-digester-2.0.jar' 
2022-03-18 12:02:49.372 DEBUG [acme.Launcher@main] Found classpath entry '/C:/Users/Jesus/.m2/repository/org/slf4j/jcl-over-slf4j/1.7.30/jcl-over-slf4j-1.7.30.jar' 
2022-03-18 12:02:49.373 DEBUG [acme.Launcher@main] Found classpath entry '/C:/Users/Jesus/.m2/repository/org/apache/tiles/tiles-request-servlet/1.0.7/tiles-request-servlet-1.0.7.jar' 
2022-03-18 12:02:49.373 DEBUG [acme.Launcher@main] Found classpath entry '/C:/Users/Jesus/.m2/repository/org/apache/tiles/tiles-template/3.0.8/tiles-template-3.0.8.jar' 
2022-03-18 12:02:49.373 DEBUG [acme.Launcher@main] Found classpath entry '/C:/Users/Jesus/.m2/repository/org/apache/tiles/tiles-api/3.0.8/tiles-api-3.0.8.jar' 
2022-03-18 12:02:49.373 DEBUG [acme.Launcher@main] Found classpath entry '/C:/Users/Jesus/.m2/repository/org/apache/tiles/tiles-autotag-core-runtime/1.2/tiles-autotag-core-runtime-1.2.jar' 
2022-03-18 12:02:49.374 DEBUG [acme.Launcher@main] Found classpath entry '/C:/Users/Jesus/.m2/repository/org/slf4j/slf4j-api/1.7.30/slf4j-api-1.7.30.jar' 
2022-03-18 12:02:49.374 DEBUG [acme.Launcher@main] Found classpath entry '/C:/Users/Jesus/.m2/repository/org/apache/tiles/tiles-request-jsp/1.0.7/tiles-request-jsp-1.0.7.jar' 
2022-03-18 12:02:49.374 DEBUG [acme.Launcher@main] Found classpath entry '/C:/Users/Jesus/.m2/repository/org/apache/tiles/tiles-request-api/1.0.7/tiles-request-api-1.0.7.jar' 
2022-03-18 12:02:49.375 DEBUG [acme.Launcher@main] Found classpath entry '/C:/Users/Jesus/.m2/repository/org/springframework/boot/spring-boot-starter-data-jpa/2.4.2/spring-boot-starter-data-jpa-2.4.2.jar' 
2022-03-18 12:02:49.375 DEBUG [acme.Launcher@main] Found classpath entry '/C:/Users/Jesus/.m2/repository/org/springframework/boot/spring-boot-starter-aop/2.4.2/spring-boot-starter-aop-2.4.2.jar' 
2022-03-18 12:02:49.375 DEBUG [acme.Launcher@main] Found classpath entry '/C:/Users/Jesus/.m2/repository/org/aspectj/aspectjweaver/1.9.6/aspectjweaver-1.9.6.jar' 
2022-03-18 12:02:49.376 DEBUG [acme.Launcher@main] Found classpath entry '/C:/Users/Jesus/.m2/repository/org/springframework/boot/spring-boot-starter-jdbc/2.4.2/spring-boot-starter-jdbc-2.4.2.jar' 
2022-03-18 12:02:49.376 DEBUG [acme.Launcher@main] Found classpath entry '/C:/Users/Jesus/.m2/repository/jakarta/transaction/jakarta.transaction-api/1.3.3/jakarta.transaction-api-1.3.3.jar' 
2022-03-18 12:02:49.376 DEBUG [acme.Launcher@main] Found classpath entry '/C:/Users/Jesus/.m2/repository/jakarta/persistence/jakarta.persistence-api/2.2.3/jakarta.persistence-api-2.2.3.jar' 
2022-03-18 12:02:49.377 DEBUG [acme.Launcher@main] Found classpath entry '/C:/Users/Jesus/.m2/repository/org/hibernate/hibernate-core/5.4.27.Final/hibernate-core-5.4.27.Final.jar' 
2022-03-18 12:02:49.377 DEBUG [acme.Launcher@main] Found classpath entry '/C:/Users/Jesus/.m2/repository/org/jboss/logging/jboss-logging/3.4.1.Final/jboss-logging-3.4.1.Final.jar' 
2022-03-18 12:02:49.377 DEBUG [acme.Launcher@main] Found classpath entry '/C:/Users/Jesus/.m2/repository/org/javassist/javassist/3.27.0-GA/javassist-3.27.0-GA.jar' 
2022-03-18 12:02:49.378 DEBUG [acme.Launcher@main] Found classpath entry '/C:/Users/Jesus/.m2/repository/antlr/antlr/2.7.7/antlr-2.7.7.jar' 
2022-03-18 12:02:49.378 DEBUG [acme.Launcher@main] Found classpath entry '/C:/Users/Jesus/.m2/repository/org/jboss/jandex/2.1.3.Final/jandex-2.1.3.Final.jar' 
2022-03-18 12:02:49.378 DEBUG [acme.Launcher@main] Found classpath entry '/C:/Users/Jesus/.m2/repository/com/fasterxml/classmate/1.5.1/classmate-1.5.1.jar' 
2022-03-18 12:02:49.378 DEBUG [acme.Launcher@main] Found classpath entry '/C:/Users/Jesus/.m2/repository/org/dom4j/dom4j/2.1.3/dom4j-2.1.3.jar' 
2022-03-18 12:02:49.379 DEBUG [acme.Launcher@main] Found classpath entry '/C:/Users/Jesus/.m2/repository/org/hibernate/common/hibernate-commons-annotations/5.1.2.Final/hibernate-commons-annotations-5.1.2.Final.jar' 
2022-03-18 12:02:49.379 DEBUG [acme.Launcher@main] Found classpath entry '/C:/Users/Jesus/.m2/repository/org/glassfish/jaxb/jaxb-runtime/2.3.3/jaxb-runtime-2.3.3.jar' 
2022-03-18 12:02:49.379 DEBUG [acme.Launcher@main] Found classpath entry '/C:/Users/Jesus/.m2/repository/org/glassfish/jaxb/txw2/2.3.3/txw2-2.3.3.jar' 
2022-03-18 12:02:49.379 DEBUG [acme.Launcher@main] Found classpath entry '/C:/Users/Jesus/.m2/repository/com/sun/istack/istack-commons-runtime/3.0.11/istack-commons-runtime-3.0.11.jar' 
2022-03-18 12:02:49.380 DEBUG [acme.Launcher@main] Found classpath entry '/C:/Users/Jesus/.m2/repository/com/sun/activation/jakarta.activation/1.2.2/jakarta.activation-1.2.2.jar' 
2022-03-18 12:02:49.380 DEBUG [acme.Launcher@main] Found classpath entry '/C:/Users/Jesus/.m2/repository/org/springframework/data/spring-data-jpa/2.4.3/spring-data-jpa-2.4.3.jar' 
2022-03-18 12:02:49.380 DEBUG [acme.Launcher@main] Found classpath entry '/C:/Users/Jesus/.m2/repository/org/springframework/data/spring-data-commons/2.4.3/spring-data-commons-2.4.3.jar' 
2022-03-18 12:02:49.381 DEBUG [acme.Launcher@main] Found classpath entry '/C:/Users/Jesus/.m2/repository/org/springframework/spring-orm/5.3.3/spring-orm-5.3.3.jar' 
2022-03-18 12:02:49.381 DEBUG [acme.Launcher@main] Found classpath entry '/C:/Users/Jesus/.m2/repository/org/springframework/spring-aspects/5.3.3/spring-aspects-5.3.3.jar' 
2022-03-18 12:02:49.381 DEBUG [acme.Launcher@main] Found classpath entry '/C:/Users/Jesus/.m2/repository/org/springframework/boot/spring-boot-starter-validation/2.4.2/spring-boot-starter-validation-2.4.2.jar' 
2022-03-18 12:02:49.381 DEBUG [acme.Launcher@main] Found classpath entry '/C:/Users/Jesus/.m2/repository/org/hibernate/validator/hibernate-validator/6.1.7.Final/hibernate-validator-6.1.7.Final.jar' 
2022-03-18 12:02:49.382 DEBUG [acme.Launcher@main] Found classpath entry '/C:/Users/Jesus/.m2/repository/jakarta/validation/jakarta.validation-api/2.0.2/jakarta.validation-api-2.0.2.jar' 
2022-03-18 12:02:49.382 DEBUG [acme.Launcher@main] Found classpath entry '/C:/Users/Jesus/.m2/repository/mysql/mysql-connector-java/8.0.22/mysql-connector-java-8.0.22.jar' 
2022-03-18 12:02:49.382 DEBUG [acme.Launcher@main] Found classpath entry '/C:/Users/Jesus/.m2/repository/com/zaxxer/HikariCP/3.4.5/HikariCP-3.4.5.jar' 
2022-03-18 12:02:49.383 DEBUG [acme.Launcher@main] Found classpath entry '/C:/Users/Jesus/.m2/repository/org/junit/jupiter/junit-jupiter-engine/5.7.0/junit-jupiter-engine-5.7.0.jar' 
2022-03-18 12:02:49.383 DEBUG [acme.Launcher@main] Found classpath entry '/C:/Users/Jesus/.m2/repository/org/apiguardian/apiguardian-api/1.1.0/apiguardian-api-1.1.0.jar' 
2022-03-18 12:02:49.383 DEBUG [acme.Launcher@main] Found classpath entry '/C:/Users/Jesus/.m2/repository/org/junit/platform/junit-platform-engine/1.7.0/junit-platform-engine-1.7.0.jar' 
2022-03-18 12:02:49.384 DEBUG [acme.Launcher@main] Found classpath entry '/C:/Users/Jesus/.m2/repository/org/junit/jupiter/junit-jupiter-api/5.7.0/junit-jupiter-api-5.7.0.jar' 
2022-03-18 12:02:49.384 DEBUG [acme.Launcher@main] Found classpath entry '/C:/Users/Jesus/.m2/repository/org/opentest4j/opentest4j/1.2.0/opentest4j-1.2.0.jar' 
2022-03-18 12:02:49.384 DEBUG [acme.Launcher@main] Found classpath entry '/C:/Users/Jesus/.m2/repository/org/junit/platform/junit-platform-commons/1.7.0/junit-platform-commons-1.7.0.jar' 
2022-03-18 12:02:49.385 DEBUG [acme.Launcher@main] Found classpath entry '/C:/Users/Jesus/.m2/repository/org/junit/jupiter/junit-jupiter-params/5.7.0/junit-jupiter-params-5.7.0.jar' 
2022-03-18 12:02:49.385 DEBUG [acme.Launcher@main] Found classpath entry '/C:/Users/Jesus/.m2/repository/org/junit/platform/junit-platform-launcher/1.7.0/junit-platform-launcher-1.7.0.jar' 
2022-03-18 12:02:49.385 DEBUG [acme.Launcher@main] Found classpath entry '/C:/Users/Jesus/.m2/repository/org/seleniumhq/selenium/selenium-java/3.141.59/selenium-java-3.141.59.jar' 
2022-03-18 12:02:49.385 DEBUG [acme.Launcher@main] Found classpath entry '/C:/Users/Jesus/.m2/repository/org/seleniumhq/selenium/selenium-api/3.141.59/selenium-api-3.141.59.jar' 
2022-03-18 12:02:49.386 DEBUG [acme.Launcher@main] Found classpath entry '/C:/Users/Jesus/.m2/repository/org/seleniumhq/selenium/selenium-chrome-driver/3.141.59/selenium-chrome-driver-3.141.59.jar' 
2022-03-18 12:02:49.386 DEBUG [acme.Launcher@main] Found classpath entry '/C:/Users/Jesus/.m2/repository/org/seleniumhq/selenium/selenium-edge-driver/3.141.59/selenium-edge-driver-3.141.59.jar' 
2022-03-18 12:02:49.386 DEBUG [acme.Launcher@main] Found classpath entry '/C:/Users/Jesus/.m2/repository/org/seleniumhq/selenium/selenium-firefox-driver/3.141.59/selenium-firefox-driver-3.141.59.jar' 
2022-03-18 12:02:49.387 DEBUG [acme.Launcher@main] Found classpath entry '/C:/Users/Jesus/.m2/repository/org/seleniumhq/selenium/selenium-ie-driver/3.141.59/selenium-ie-driver-3.141.59.jar' 
2022-03-18 12:02:49.387 DEBUG [acme.Launcher@main] Found classpath entry '/C:/Users/Jesus/.m2/repository/org/seleniumhq/selenium/selenium-opera-driver/3.141.59/selenium-opera-driver-3.141.59.jar' 
2022-03-18 12:02:49.387 DEBUG [acme.Launcher@main] Found classpath entry '/C:/Users/Jesus/.m2/repository/org/seleniumhq/selenium/selenium-remote-driver/3.141.59/selenium-remote-driver-3.141.59.jar' 
2022-03-18 12:02:49.387 DEBUG [acme.Launcher@main] Found classpath entry '/C:/Users/Jesus/.m2/repository/org/seleniumhq/selenium/selenium-safari-driver/3.141.59/selenium-safari-driver-3.141.59.jar' 
2022-03-18 12:02:49.388 DEBUG [acme.Launcher@main] Found classpath entry '/C:/Users/Jesus/.m2/repository/org/seleniumhq/selenium/selenium-support/3.141.59/selenium-support-3.141.59.jar' 
2022-03-18 12:02:49.388 DEBUG [acme.Launcher@main] Found classpath entry '/C:/Users/Jesus/.m2/repository/net/bytebuddy/byte-buddy/1.10.19/byte-buddy-1.10.19.jar' 
2022-03-18 12:02:49.388 DEBUG [acme.Launcher@main] Found classpath entry '/C:/Users/Jesus/.m2/repository/org/apache/commons/commons-exec/1.3/commons-exec-1.3.jar' 
2022-03-18 12:02:49.388 DEBUG [acme.Launcher@main] Found classpath entry '/C:/Users/Jesus/.m2/repository/com/google/guava/guava/25.0-jre/guava-25.0-jre.jar' 
2022-03-18 12:02:49.389 DEBUG [acme.Launcher@main] Found classpath entry '/C:/Users/Jesus/.m2/repository/com/google/code/findbugs/jsr305/1.3.9/jsr305-1.3.9.jar' 
2022-03-18 12:02:49.389 DEBUG [acme.Launcher@main] Found classpath entry '/C:/Users/Jesus/.m2/repository/org/checkerframework/checker-compat-qual/2.0.0/checker-compat-qual-2.0.0.jar' 
2022-03-18 12:02:49.389 DEBUG [acme.Launcher@main] Found classpath entry '/C:/Users/Jesus/.m2/repository/com/google/errorprone/error_prone_annotations/2.1.3/error_prone_annotations-2.1.3.jar' 
2022-03-18 12:02:49.389 DEBUG [acme.Launcher@main] Found classpath entry '/C:/Users/Jesus/.m2/repository/com/google/j2objc/j2objc-annotations/1.1/j2objc-annotations-1.1.jar' 
2022-03-18 12:02:49.390 DEBUG [acme.Launcher@main] Found classpath entry '/C:/Users/Jesus/.m2/repository/org/codehaus/mojo/animal-sniffer-annotations/1.14/animal-sniffer-annotations-1.14.jar' 
2022-03-18 12:02:49.390 DEBUG [acme.Launcher@main] Found classpath entry '/C:/Users/Jesus/.m2/repository/com/squareup/okhttp3/okhttp/3.14.9/okhttp-3.14.9.jar' 
2022-03-18 12:02:49.390 DEBUG [acme.Launcher@main] Found classpath entry '/C:/Users/Jesus/.m2/repository/com/squareup/okio/okio/1.14.0/okio-1.14.0.jar' 
2022-03-18 12:02:49.390 DEBUG [acme.Launcher@main] Found classpath entry '/C:/Users/Jesus/.m2/repository/org/apache/commons/commons-lang3/3.11/commons-lang3-3.11.jar' 
2022-03-18 12:02:49.391 DEBUG [acme.Launcher@main] Found classpath entry '/C:/Users/Jesus/.m2/repository/org/apache/commons/commons-text/1.8/commons-text-1.8.jar' 
2022-03-18 12:02:49.391 DEBUG [acme.Launcher@main] Found classpath entry '/C:/Users/Jesus/.m2/repository/commons-io/commons-io/2.6/commons-io-2.6.jar' 
2022-03-18 12:02:49.391 DEBUG [acme.Launcher@main] Found classpath entry '/C:/Users/Jesus/.m2/repository/commons-cli/commons-cli/1.4/commons-cli-1.4.jar' 
2022-03-18 12:02:49.391 DEBUG [acme.Launcher@main] Found classpath entry '/C:/Users/Jesus/.m2/repository/org/projectlombok/lombok/1.18.16/lombok-1.18.16.jar' 
2022-03-18 12:02:49.392 DEBUG [acme.Launcher@main] Found classpath entry '/C:/Users/Jesus/.m2/repository/com/opencsv/opencsv/5.4/opencsv-5.4.jar' 
2022-03-18 12:02:49.392 DEBUG [acme.Launcher@main] Found classpath entry '/C:/Users/Jesus/.m2/repository/commons-beanutils/commons-beanutils/1.9.4/commons-beanutils-1.9.4.jar' 
2022-03-18 12:02:49.392 DEBUG [acme.Launcher@main] Found classpath entry '/C:/Users/Jesus/.m2/repository/commons-logging/commons-logging/1.2/commons-logging-1.2.jar' 
2022-03-18 12:02:49.392 DEBUG [acme.Launcher@main] Found classpath entry '/C:/Users/Jesus/.m2/repository/commons-collections/commons-collections/3.2.2/commons-collections-3.2.2.jar' 
2022-03-18 12:02:49.393 DEBUG [acme.Launcher@main] Found classpath entry '/C:/Users/Jesus/.m2/repository/org/apache/commons/commons-collections4/4.4/commons-collections4-4.4.jar' 
2022-03-18 12:02:49.393 DEBUG [acme.Launcher@main] Found classpath entry '/C:/Users/Jesus/Desktop/Workspace-22.0/Tools/IDEs/eclipse-jee-2021-12-R/configuration/org.eclipse.osgi/418/0/.cp/lib/javaagent-shaded.jar' 
2022-03-18 12:02:49.489 DEBUG [acme.Launcher@main] Found entity class 'acme.entities.Announcement 
2022-03-18 12:02:49.490 DEBUG [acme.Launcher@main] Found entity class 'acme.entities.Chirp 
2022-03-18 12:02:49.490 DEBUG [acme.Launcher@main] Found entity class 'acme.entities.Item 
2022-03-18 12:02:49.490 DEBUG [acme.Launcher@main] Found entity class 'acme.entities.Patronage 
2022-03-18 12:02:49.490 DEBUG [acme.Launcher@main] Found entity class 'acme.entities.Quantity 
2022-03-18 12:02:49.490 DEBUG [acme.Launcher@main] Found entity class 'acme.entities.SystemConfiguration 
2022-03-18 12:02:49.491 DEBUG [acme.Launcher@main] Found entity class 'acme.entities.Toolkit 
2022-03-18 12:02:49.491 DEBUG [acme.Launcher@main] Found entity class 'acme.roles.Consumer 
2022-03-18 12:02:49.491 DEBUG [acme.Launcher@main] Found entity class 'acme.roles.Inventor 
2022-03-18 12:02:49.491 DEBUG [acme.Launcher@main] Found entity class 'acme.roles.Patron 
2022-03-18 12:02:49.492 DEBUG [acme.Launcher@main] Found entity class 'acme.roles.Provider 
2022-03-18 12:02:49.492 DEBUG [acme.Launcher@main] Found entity class 'acme.framework.entities.UserAccount 
2022-03-18 12:02:49.492 DEBUG [acme.Launcher@main] Found entity class 'acme.framework.roles.Administrator 
2022-03-18 12:02:49.492 DEBUG [acme.Launcher@main] Found entity class 'acme.framework.roles.Anonymous 
2022-03-18 12:02:49.492 DEBUG [acme.Launcher@main] Found entity class 'acme.framework.roles.Authenticated 
2022-03-18 12:02:49.498 INFO  [acme.Launcher@main] Populating (initial data) 
2022-03-18 12:02:49.499 INFO  [acme.framework.components.database.DatabasePopulator@main] Building database schema 
2022-03-18 12:02:49.553 DEBUG [acme.framework.components.database.DatabaseUtil@main] Executing script. 
2022-03-18 12:02:49.553 DEBUG [acme.framework.components.database.DatabaseUtil@main] Starting new transaction. 
2022-03-18 12:02:49.565 DEBUG [acme.framework.components.database.DatabaseUtil@main] Executing command 'set transaction isolation level read uncommitted;'. 
2022-03-18 12:02:49.582 DEBUG [acme.framework.components.database.DatabaseUtil@main] Starting transaction '271449893'. 
2022-03-18 12:02:49.583 DEBUG [acme.framework.components.database.DatabaseUtil@main] Executing script command 'set foreign_key_checks=0'. 
2022-03-18 12:02:49.584 DEBUG [acme.framework.components.database.DatabaseUtil@main] Executing script command 'drop table if exists administrator'. 
2022-03-18 12:02:49.599 DEBUG [acme.framework.components.database.DatabaseUtil@main] Executing script command 'drop table if exists announcement'. 
2022-03-18 12:02:49.609 DEBUG [acme.framework.components.database.DatabaseUtil@main] Executing script command 'drop table if exists anonymous'. 
2022-03-18 12:02:49.619 DEBUG [acme.framework.components.database.DatabaseUtil@main] Executing script command 'drop table if exists authenticated'. 
2022-03-18 12:02:49.629 DEBUG [acme.framework.components.database.DatabaseUtil@main] Executing script command 'drop table if exists chirp'. 
2022-03-18 12:02:49.641 DEBUG [acme.framework.components.database.DatabaseUtil@main] Executing script command 'drop table if exists consumer'. 
2022-03-18 12:02:49.652 DEBUG [acme.framework.components.database.DatabaseUtil@main] Executing script command 'drop table if exists hibernate_sequence'. 
2022-03-18 12:02:49.661 DEBUG [acme.framework.components.database.DatabaseUtil@main] Executing script command 'drop table if exists inventor'. 
2022-03-18 12:02:49.671 DEBUG [acme.framework.components.database.DatabaseUtil@main] Executing script command 'drop table if exists item'. 
2022-03-18 12:02:49.680 DEBUG [acme.framework.components.database.DatabaseUtil@main] Executing script command 'drop table if exists patron'. 
2022-03-18 12:02:49.692 DEBUG [acme.framework.components.database.DatabaseUtil@main] Executing script command 'drop table if exists patronage'. 
2022-03-18 12:02:49.702 DEBUG [acme.framework.components.database.DatabaseUtil@main] Executing script command 'drop table if exists provider'. 
2022-03-18 12:02:49.713 DEBUG [acme.framework.components.database.DatabaseUtil@main] Executing script command 'drop table if exists quantity'. 
2022-03-18 12:02:49.722 DEBUG [acme.framework.components.database.DatabaseUtil@main] Executing script command 'drop table if exists system_configuration'. 
2022-03-18 12:02:49.733 DEBUG [acme.framework.components.database.DatabaseUtil@main] Executing script command 'drop table if exists toolkit'. 
2022-03-18 12:02:49.744 DEBUG [acme.framework.components.database.DatabaseUtil@main] Executing script command 'drop table if exists user_account'. 
2022-03-18 12:02:49.754 DEBUG [acme.framework.components.database.DatabaseUtil@main] Executing script command 'set foreign_key_checks=1'. 
2022-03-18 12:02:49.754 DEBUG [acme.framework.components.database.DatabaseUtil@main] Committing transaction '271449893'. 
2022-03-18 12:02:49.768 DEBUG [acme.framework.components.database.DatabaseUtil@main] Executing script. 
2022-03-18 12:02:49.768 DEBUG [acme.framework.components.database.DatabaseUtil@main] Starting new transaction. 
2022-03-18 12:02:49.769 DEBUG [acme.framework.components.database.DatabaseUtil@main] Executing command 'set transaction isolation level read uncommitted;'. 
2022-03-18 12:02:49.770 DEBUG [acme.framework.components.database.DatabaseUtil@main] Starting transaction '1619752179'. 
2022-03-18 12:02:49.770 DEBUG [acme.framework.components.database.DatabaseUtil@main] Executing script command 'set foreign_key_checks=0'. 
2022-03-18 12:02:49.770 DEBUG [acme.framework.components.database.DatabaseUtil@main] Executing script command 'create table administrator (id integer not null, version integer not null, user_account_id integer, primary key (id)) engine=InnoDB'. 
2022-03-18 12:02:49.783 DEBUG [acme.framework.components.database.DatabaseUtil@main] Executing script command 'create table announcement (id integer not null, version integer not null, author varchar(255), body varchar(255), critical bit, info varchar(255), moment datetime, title varchar(255), primary key (id)) engine=InnoDB'. 
2022-03-18 12:02:49.797 DEBUG [acme.framework.components.database.DatabaseUtil@main] Executing script command 'create table anonymous (id integer not null, version integer not null, user_account_id integer, primary key (id)) engine=InnoDB'. 
2022-03-18 12:02:49.809 DEBUG [acme.framework.components.database.DatabaseUtil@main] Executing script command 'create table authenticated (id integer not null, version integer not null, user_account_id integer, primary key (id)) engine=InnoDB'. 
2022-03-18 12:02:49.822 DEBUG [acme.framework.components.database.DatabaseUtil@main] Executing script command 'create table chirp (id integer not null, version integer not null, author varchar(255), body varchar(255), email varchar(255), moment datetime, title varchar(255), primary key (id)) engine=InnoDB'. 
2022-03-18 12:02:49.836 DEBUG [acme.framework.components.database.DatabaseUtil@main] Executing script command 'create table consumer (id integer not null, version integer not null, user_account_id integer, company varchar(255), sector varchar(255), primary key (id)) engine=InnoDB'. 
2022-03-18 12:02:49.849 DEBUG [acme.framework.components.database.DatabaseUtil@main] Executing script command 'create table hibernate_sequence (next_val bigint) engine=InnoDB'. 
2022-03-18 12:02:49.862 DEBUG [acme.framework.components.database.DatabaseUtil@main] Executing script command 'insert into hibernate_sequence values ( 1 )'. 
2022-03-18 12:02:49.867 DEBUG [acme.framework.components.database.DatabaseUtil@main] Executing script command 'create table inventor (id integer not null, version integer not null, user_account_id integer, company varchar(255), link varchar(255), statement varchar(255), primary key (id)) engine=InnoDB'. 
2022-03-18 12:02:49.880 DEBUG [acme.framework.components.database.DatabaseUtil@main] Executing script command 'create table item (id integer not null, version integer not null, b varchar(255), code varchar(255), description varchar(255), name varchar(255), optional_link varchar(255), retail_price_amount double precision, retail_price_currency varchar(255), tipo integer, primary key (id)) engine=InnoDB'. 
2022-03-18 12:02:49.894 DEBUG [acme.framework.components.database.DatabaseUtil@main] Executing script command 'create table patron (id integer not null, version integer not null, user_account_id integer, company varchar(255), link varchar(255), statement varchar(255), primary key (id)) engine=InnoDB'. 
2022-03-18 12:02:49.907 DEBUG [acme.framework.components.database.DatabaseUtil@main] Executing script command 'create table patronage (id integer not null, version integer not null, budget_amount double precision, budget_currency varchar(255), code varchar(255), end_date datetime, inventor tinyblob, legal_stuff varchar(255), link varchar(255), patron tinyblob, start_date datetime, status integer, primary key (id)) engine=InnoDB'. 
2022-03-18 12:02:49.920 DEBUG [acme.framework.components.database.DatabaseUtil@main] Executing script command 'create table provider (id integer not null, version integer not null, user_account_id integer, company varchar(255), sector varchar(255), primary key (id)) engine=InnoDB'. 
2022-03-18 12:02:49.933 DEBUG [acme.framework.components.database.DatabaseUtil@main] Executing script command 'create table quantity (id integer not null, version integer not null, number integer, item_id integer not null, toolkit_id integer not null, primary key (id)) engine=InnoDB'. 
2022-03-18 12:02:49.946 DEBUG [acme.framework.components.database.DatabaseUtil@main] Executing script command 'create table system_configuration (id integer not null, version integer not null, accepted_currencies varchar(255), strong_spam_threshold double precision not null, strong_spam_words varchar(255), system_currency varchar(255), weak_spam_threshold double precision not null, weak_spam_words varchar(255), primary key (id)) engine=InnoDB'. 
2022-03-18 12:02:49.959 DEBUG [acme.framework.components.database.DatabaseUtil@main] Executing script command 'create table toolkit (id integer not null, version integer not null, assembly_notes varchar(255), code varchar(255), description varchar(255), optional_link varchar(255), title varchar(255), primary key (id)) engine=InnoDB'. 
2022-03-18 12:02:49.972 DEBUG [acme.framework.components.database.DatabaseUtil@main] Executing script command 'create table user_account (id integer not null, version integer not null, enabled bit not null, identity blob, password varchar(255), username varchar(255), primary key (id)) engine=InnoDB'. 
2022-03-18 12:02:49.984 DEBUG [acme.framework.components.database.DatabaseUtil@main] Executing script command 'alter table item add constraint UK_6cgogdarkq48dlg1lbnv4q1oq unique (code)'. 
2022-03-18 12:02:50.005 DEBUG [acme.framework.components.database.DatabaseUtil@main] Executing script command 'alter table patronage add constraint UK_7s289l63ihnn85qwyna5cqbfh unique (code)'. 
2022-03-18 12:02:50.025 DEBUG [acme.framework.components.database.DatabaseUtil@main] Executing script command 'alter table toolkit add constraint UK_qvml9bbjdvicrw1wt0e1bej3c unique (code)'. 
2022-03-18 12:02:50.045 DEBUG [acme.framework.components.database.DatabaseUtil@main] Executing script command 'alter table user_account add constraint UK_castjbvpeeus0r8lbpehiu0e4 unique (username)'. 
2022-03-18 12:02:50.065 DEBUG [acme.framework.components.database.DatabaseUtil@main] Executing script command 'alter table administrator add constraint FK_2a5vcjo3stlfcwadosjfq49l1 foreign key (user_account_id) references user_account (id)'. 
2022-03-18 12:02:50.085 DEBUG [acme.framework.components.database.DatabaseUtil@main] Executing script command 'alter table anonymous add constraint FK_6lnbc6fo3om54vugoh8icg78m foreign key (user_account_id) references user_account (id)'. 
2022-03-18 12:02:50.106 DEBUG [acme.framework.components.database.DatabaseUtil@main] Executing script command 'alter table authenticated add constraint FK_h52w0f3wjoi68b63wv9vwon57 foreign key (user_account_id) references user_account (id)'. 
2022-03-18 12:02:50.127 DEBUG [acme.framework.components.database.DatabaseUtil@main] Executing script command 'alter table consumer add constraint FK_6cyha9f1wpj0dpbxrrjddrqed foreign key (user_account_id) references user_account (id)'. 
2022-03-18 12:02:50.147 DEBUG [acme.framework.components.database.DatabaseUtil@main] Executing script command 'alter table inventor add constraint FK_2upmsx50p5pou2l4uy8trxor6 foreign key (user_account_id) references user_account (id)'. 
2022-03-18 12:02:50.169 DEBUG [acme.framework.components.database.DatabaseUtil@main] Executing script command 'alter table patron add constraint FK_8xx5nujhuio3advxc2freyu65 foreign key (user_account_id) references user_account (id)'. 
2022-03-18 12:02:50.189 DEBUG [acme.framework.components.database.DatabaseUtil@main] Executing script command 'alter table provider add constraint FK_b1gwnjqm6ggy9yuiqm0o4rlmd foreign key (user_account_id) references user_account (id)'. 
2022-03-18 12:02:50.208 DEBUG [acme.framework.components.database.DatabaseUtil@main] Executing script command 'alter table quantity add constraint FK6v7ckbce1j36j4b7mubnk66bx foreign key (item_id) references item (id)'. 
2022-03-18 12:02:50.229 DEBUG [acme.framework.components.database.DatabaseUtil@main] Executing script command 'alter table quantity add constraint FKr1l7hfxuemn7o9d0qi4kawlmg foreign key (toolkit_id) references toolkit (id)'. 
2022-03-18 12:02:50.249 DEBUG [acme.framework.components.database.DatabaseUtil@main] Executing script command 'set foreign_key_checks=1'. 
2022-03-18 12:02:50.250 DEBUG [acme.framework.components.database.DatabaseUtil@main] Committing transaction '1619752179'. 
2022-03-18 12:02:50.253 INFO  [acme.framework.components.database.DatabasePopulator@main] Reading entities from 'classpath:/WEB-INF/resources/initial-data' 
2022-03-18 12:02:50.261 DEBUG [acme.framework.components.database.Dataset@main] Reading dataset from 'C:\Users\Jesus\Desktop\Workspace-22.0\Projects\Acme-Toolkits\target\classes\WEB-INF\resources\initial-data\administrator.csv' 
2022-03-18 12:02:50.407 DEBUG [acme.framework.components.database.Dataset@main] Reading mapping '{key:user-account=user-account-administrator-01, key=administrator-01}' from 'C:\Users\Jesus\Desktop\Workspace-22.0\Projects\Acme-Toolkits\target\classes\WEB-INF\resources\initial-data\administrator.csv' 
2022-03-18 12:02:50.409 DEBUG [acme.framework.components.database.Dataset@main] Reading dataset from 'C:\Users\Jesus\Desktop\Workspace-22.0\Projects\Acme-Toolkits\target\classes\WEB-INF\resources\initial-data\anonymous.csv' 
2022-03-18 12:02:50.410 DEBUG [acme.framework.components.database.Dataset@main] Reading mapping '{key:user-account=user-account-anonymous-01, key=anonymous-01}' from 'C:\Users\Jesus\Desktop\Workspace-22.0\Projects\Acme-Toolkits\target\classes\WEB-INF\resources\initial-data\anonymous.csv' 
2022-03-18 12:02:50.410 DEBUG [acme.framework.components.database.Dataset@main] Reading dataset from 'C:\Users\Jesus\Desktop\Workspace-22.0\Projects\Acme-Toolkits\target\classes\WEB-INF\resources\initial-data\authenticated.csv' 
2022-03-18 12:02:50.411 DEBUG [acme.framework.components.database.Dataset@main] Reading mapping '{key:user-account=user-account-administrator-01, key=authenticated-administrator-01}' from 'C:\Users\Jesus\Desktop\Workspace-22.0\Projects\Acme-Toolkits\target\classes\WEB-INF\resources\initial-data\authenticated.csv' 
2022-03-18 12:02:50.411 DEBUG [acme.framework.components.database.Dataset@main] Reading dataset from 'C:\Users\Jesus\Desktop\Workspace-22.0\Projects\Acme-Toolkits\target\classes\WEB-INF\resources\initial-data\system-configuration.csv' 
2022-03-18 12:02:50.422 DEBUG [acme.framework.components.database.Dataset@main] Reading mapping '{weak-spam-words=sexy, nigeria, you've won, has ganado, one million, un millón, strong-spam-threshold= 10.00, strong-spam-words=sex, sexo, hard core, viagra, cialis, accepted-currencies=EUR, weak-spam-threshold= 25.00, system-currency=EUR, USD, GBP, key=system-configuration-01}' from 'C:\Users\Jesus\Desktop\Workspace-22.0\Projects\Acme-Toolkits\target\classes\WEB-INF\resources\initial-data\system-configuration.csv' 
2022-03-18 12:02:50.423 DEBUG [acme.framework.components.database.Dataset@main] Reading dataset from 'C:\Users\Jesus\Desktop\Workspace-22.0\Projects\Acme-Toolkits\target\classes\WEB-INF\resources\initial-data\user-account.csv' 
2022-03-18 12:02:50.423 DEBUG [acme.framework.components.database.Dataset@main] Reading mapping '{password=HIDDEN-PASSWORD, identity=UserIdentity{name: 'John', surname: 'Doe', email: 'john.doe@acme.com'}, key=user-account-anonymous-01, enabled=false, username=anonymous}' from 'C:\Users\Jesus\Desktop\Workspace-22.0\Projects\Acme-Toolkits\target\classes\WEB-INF\resources\initial-data\user-account.csv' 
2022-03-18 12:02:50.424 DEBUG [acme.framework.components.database.Dataset@main] Reading mapping '{password=administrator, identity=UserIdentity{name: 'Administrator', surname: 'Acme', email: 'administrator@acme.com'}, key=user-account-administrator-01, enabled=true, username=administrator}' from 'C:\Users\Jesus\Desktop\Workspace-22.0\Projects\Acme-Toolkits\target\classes\WEB-INF\resources\initial-data\user-account.csv' 
2022-03-18 12:02:50.424 DEBUG [acme.framework.components.database.EntityWeb@main] Setting attributes of entities of class acme.framework.roles.Administrator 
2022-03-18 12:02:50.424 DEBUG [acme.framework.components.database.EntityWeb@main] Setting attributes of entities of class acme.entities.SystemConfiguration 
2022-03-18 12:02:50.452 DEBUG [acme.framework.configuration.ExtendedMessageSource@main] Loading properties [C:\Users\Jesus\Desktop\Workspace-22.0\Projects\Acme-Toolkits\target\classes\WEB-INF\views\administrator\user-account\messages-en.i18n] with encoding 'utf-8' 
2022-03-18 12:02:50.453 DEBUG [acme.framework.configuration.ExtendedMessageSource@main] Loading properties [C:\Users\Jesus\Desktop\Workspace-22.0\Projects\Acme-Toolkits\target\classes\WEB-INF\views\anonymous\user-account\messages-en.i18n] with encoding 'utf-8' 
2022-03-18 12:02:50.454 DEBUG [acme.framework.configuration.ExtendedMessageSource@main] Loading properties [C:\Users\Jesus\Desktop\Workspace-22.0\Projects\Acme-Toolkits\target\classes\WEB-INF\views\authenticated\consumer\messsages-en.i18n] with encoding 'utf-8' 
2022-03-18 12:02:50.455 DEBUG [acme.framework.configuration.ExtendedMessageSource@main] Loading properties [C:\Users\Jesus\Desktop\Workspace-22.0\Projects\Acme-Toolkits\target\classes\WEB-INF\views\authenticated\inventor\messsages-en.i18n] with encoding 'utf-8' 
2022-03-18 12:02:50.456 DEBUG [acme.framework.configuration.ExtendedMessageSource@main] Loading properties [C:\Users\Jesus\Desktop\Workspace-22.0\Projects\Acme-Toolkits\target\classes\WEB-INF\views\authenticated\patron\messsages-en.i18n] with encoding 'utf-8' 
2022-03-18 12:02:50.457 DEBUG [acme.framework.configuration.ExtendedMessageSource@main] Loading properties [C:\Users\Jesus\Desktop\Workspace-22.0\Projects\Acme-Toolkits\target\classes\WEB-INF\views\authenticated\provider\messsages-en.i18n] with encoding 'utf-8' 
2022-03-18 12:02:50.457 DEBUG [acme.framework.configuration.ExtendedMessageSource@main] Loading properties [C:\Users\Jesus\Desktop\Workspace-22.0\Projects\Acme-Toolkits\target\classes\WEB-INF\views\authenticated\user-account\messages-en.i18n] with encoding 'utf-8' 
2022-03-18 12:02:50.458 DEBUG [acme.framework.configuration.ExtendedMessageSource@main] Loading properties [C:\Users\Jesus\Desktop\Workspace-22.0\Projects\Acme-Toolkits\target\classes\WEB-INF\views\fragments\banner-en.i18n] with encoding 'utf-8' 
2022-03-18 12:02:50.459 DEBUG [acme.framework.configuration.ExtendedMessageSource@main] Loading properties [C:\Users\Jesus\Desktop\Workspace-22.0\Projects\Acme-Toolkits\target\classes\WEB-INF\views\fragments\company-en.i18n] with encoding 'utf-8' 
2022-03-18 12:02:50.459 DEBUG [acme.framework.configuration.ExtendedMessageSource@main] Loading properties [C:\Users\Jesus\Desktop\Workspace-22.0\Projects\Acme-Toolkits\target\classes\WEB-INF\views\fragments\footer-en.i18n] with encoding 'utf-8' 
2022-03-18 12:02:50.460 DEBUG [acme.framework.configuration.ExtendedMessageSource@main] Loading properties [C:\Users\Jesus\Desktop\Workspace-22.0\Projects\Acme-Toolkits\target\classes\WEB-INF\views\fragments\license-en.i18n] with encoding 'utf-8' 
2022-03-18 12:02:50.461 DEBUG [acme.framework.configuration.ExtendedMessageSource@main] Loading properties [C:\Users\Jesus\Desktop\Workspace-22.0\Projects\Acme-Toolkits\target\classes\WEB-INF\views\fragments\menu-en.i18n] with encoding 'utf-8' 
2022-03-18 12:02:50.461 DEBUG [acme.framework.configuration.ExtendedMessageSource@main] Loading properties [C:\Users\Jesus\Desktop\Workspace-22.0\Projects\Acme-Toolkits\target\classes\WEB-INF\views\fragments\messsages-en.i18n] with encoding 'utf-8' 
2022-03-18 12:02:50.462 DEBUG [acme.framework.configuration.ExtendedMessageSource@main] Loading properties [C:\Users\Jesus\Desktop\Workspace-22.0\Projects\Acme-Toolkits\target\classes\WEB-INF\views\fragments\title-en.i18n] with encoding 'utf-8' 
2022-03-18 12:02:50.463 DEBUG [acme.framework.configuration.ExtendedMessageSource@main] Loading properties [C:\Users\Jesus\Desktop\Workspace-22.0\Projects\Acme-Toolkits\target\classes\WEB-INF\views\fragments\welcome-en.i18n] with encoding 'utf-8' 
2022-03-18 12:02:50.463 DEBUG [acme.framework.configuration.ExtendedMessageSource@main] Loading properties [C:\Users\Jesus\Desktop\Workspace-22.0\Projects\Acme-Toolkits\target\classes\WEB-INF\views\master\defaults-en.i18n] with encoding 'utf-8' 
2022-03-18 12:02:50.464 DEBUG [acme.framework.configuration.ExtendedMessageSource@main] Loading properties [C:\Users\Jesus\Desktop\Workspace-22.0\Projects\Acme-Toolkits\target\classes\WEB-INF\views\master\master-en.i18n] with encoding 'utf-8' 
2022-03-18 12:02:50.464 DEBUG [acme.framework.configuration.ExtendedMessageSource@main] Loading properties [C:\Users\Jesus\Desktop\Workspace-22.0\Projects\Acme-Toolkits\target\classes\WEB-INF\views\master\throwables-en.i18n] with encoding 'utf-8' 
2022-03-18 12:02:50.465 DEBUG [acme.framework.configuration.ExtendedMessageSource@main] Loading properties [C:\Users\Jesus\Desktop\Workspace-22.0\Projects\Acme-Toolkits\target\classes\WEB-INF\views\master\validation-en.i18n] with encoding 'utf-8' 
2022-03-18 12:02:50.468 DEBUG [acme.framework.components.database.EntityWeb@main] Setting attributes of entities of class acme.framework.roles.Anonymous 
2022-03-18 12:02:50.468 DEBUG [acme.framework.components.database.EntityWeb@main] Setting attributes of entities of class acme.framework.roles.Authenticated 
2022-03-18 12:02:50.468 DEBUG [acme.framework.components.database.EntityWeb@main] Setting attributes of entities of class acme.framework.entities.UserAccount 
2022-03-18 12:02:50.698 DEBUG [acme.framework.components.database.EntityWeb@main] Linking entities of class acme.framework.roles.Administrator 
2022-03-18 12:02:50.707 DEBUG [acme.framework.components.database.EntityWeb@main] Linking entities of class acme.entities.SystemConfiguration 
2022-03-18 12:02:50.707 DEBUG [acme.framework.components.database.EntityWeb@main] Linking entities of class acme.framework.roles.Anonymous 
2022-03-18 12:02:50.714 DEBUG [acme.framework.components.database.EntityWeb@main] Linking entities of class acme.framework.roles.Authenticated 
2022-03-18 12:02:50.720 DEBUG [acme.framework.components.database.EntityWeb@main] Linking entities of class acme.framework.entities.UserAccount 
2022-03-18 12:02:50.721 INFO  [acme.framework.components.database.DatabasePopulator@main] Validating your entities 
2022-03-18 12:02:50.815 DEBUG [acme.framework.components.database.DatabasePopulator@main] Validating 'acme.framework.entities.UserAccount@user-account-anonymous-01' ... PASS 
2022-03-18 12:02:50.843 DEBUG [acme.framework.components.database.DatabasePopulator@main] Validating 'acme.entities.SystemConfiguration@system-configuration-01' ... PASS 
2022-03-18 12:02:50.853 DEBUG [acme.framework.components.database.DatabasePopulator@main] Validating 'acme.framework.roles.Anonymous@anonymous-01' ... PASS 
2022-03-18 12:02:50.855 DEBUG [acme.framework.components.database.DatabasePopulator@main] Validating 'acme.framework.entities.UserAccount@user-account-administrator-01' ... PASS 
2022-03-18 12:02:50.860 DEBUG [acme.framework.components.database.DatabasePopulator@main] Validating 'acme.framework.roles.Authenticated@authenticated-administrator-01' ... PASS 
2022-03-18 12:02:50.866 DEBUG [acme.framework.components.database.DatabasePopulator@main] Validating 'acme.framework.roles.Administrator@administrator-01' ... PASS 
2022-03-18 12:02:50.867 INFO  [acme.framework.components.database.DatabasePopulator@main] Sorting your entity classes 
2022-03-18 12:02:50.867 DEBUG [acme.framework.components.database.DatabasePopulator@main] Best topological order for your entity clazzes: 
2022-03-18 12:02:50.867 DEBUG [acme.framework.components.database.DatabasePopulator@main] - acme.framework.entities.UserAccount 
2022-03-18 12:02:50.867 DEBUG [acme.framework.components.database.DatabasePopulator@main] - acme.framework.roles.Administrator 
2022-03-18 12:02:50.868 DEBUG [acme.framework.components.database.DatabasePopulator@main] - acme.entities.SystemConfiguration 
2022-03-18 12:02:50.868 DEBUG [acme.framework.components.database.DatabasePopulator@main] - acme.framework.roles.Anonymous 
2022-03-18 12:02:50.868 DEBUG [acme.framework.components.database.DatabasePopulator@main] - acme.framework.roles.Authenticated 
2022-03-18 12:02:50.868 INFO  [acme.framework.components.database.DatabasePopulator@main] Persisting your entities 
2022-03-18 12:02:50.868 DEBUG [acme.framework.components.database.DatabaseUtil@main] Starting new transaction. 
2022-03-18 12:02:50.869 DEBUG [acme.framework.components.database.DatabaseUtil@main] Executing command 'set transaction isolation level read uncommitted;'. 
2022-03-18 12:02:50.870 DEBUG [acme.framework.components.database.DatabaseUtil@main] Starting transaction '1165547092'. 
2022-03-18 12:02:50.870 DEBUG [acme.framework.components.database.DatabasePopulator@main] Persising entities of clazz 'acme.framework.entities.UserAccount' 
2022-03-18 12:02:50.894 DEBUG [org.hibernate.SQL@main] select next_val as id_val from hibernate_sequence for update 
2022-03-18 12:02:50.919 DEBUG [org.hibernate.SQL@main] update hibernate_sequence set next_val= ? where next_val=? 
2022-03-18 12:02:50.983 DEBUG [acme.framework.components.database.DatabaseUtil@main] Persisting entity UserAccount(username=anonymous) 
2022-03-18 12:02:50.984 DEBUG [org.hibernate.SQL@main] select next_val as id_val from hibernate_sequence for update 
2022-03-18 12:02:50.985 DEBUG [org.hibernate.SQL@main] update hibernate_sequence set next_val= ? where next_val=? 
2022-03-18 12:02:50.987 DEBUG [acme.framework.components.database.DatabaseUtil@main] Persisting entity UserAccount(username=administrator) 
2022-03-18 12:02:50.988 DEBUG [acme.framework.components.database.DatabasePopulator@main] Persising entities of clazz 'acme.framework.roles.Administrator' 
2022-03-18 12:02:50.988 DEBUG [org.hibernate.SQL@main] select next_val as id_val from hibernate_sequence for update 
2022-03-18 12:02:50.989 DEBUG [org.hibernate.SQL@main] update hibernate_sequence set next_val= ? where next_val=? 
2022-03-18 12:02:50.991 DEBUG [acme.framework.components.database.DatabaseUtil@main] Persisting entity UserRole(userAccount=UserAccount(username=administrator)) 
2022-03-18 12:02:50.991 DEBUG [acme.framework.components.database.DatabasePopulator@main] Persising entities of clazz 'acme.entities.SystemConfiguration' 
2022-03-18 12:02:50.992 DEBUG [org.hibernate.SQL@main] select next_val as id_val from hibernate_sequence for update 
2022-03-18 12:02:50.992 DEBUG [org.hibernate.SQL@main] update hibernate_sequence set next_val= ? where next_val=? 
2022-03-18 12:02:50.994 DEBUG [acme.framework.components.database.DatabaseUtil@main] Persisting entity acme.entities.SystemConfiguration{id=4, version=0} 
2022-03-18 12:02:50.995 DEBUG [acme.framework.components.database.DatabasePopulator@main] Persising entities of clazz 'acme.framework.roles.Anonymous' 
2022-03-18 12:02:50.995 DEBUG [org.hibernate.SQL@main] select next_val as id_val from hibernate_sequence for update 
2022-03-18 12:02:50.996 DEBUG [org.hibernate.SQL@main] update hibernate_sequence set next_val= ? where next_val=? 
2022-03-18 12:02:50.998 DEBUG [acme.framework.components.database.DatabaseUtil@main] Persisting entity UserRole(userAccount=UserAccount(username=anonymous)) 
2022-03-18 12:02:50.998 DEBUG [acme.framework.components.database.DatabasePopulator@main] Persising entities of clazz 'acme.framework.roles.Authenticated' 
2022-03-18 12:02:50.998 DEBUG [org.hibernate.SQL@main] select next_val as id_val from hibernate_sequence for update 
2022-03-18 12:02:50.999 DEBUG [org.hibernate.SQL@main] update hibernate_sequence set next_val= ? where next_val=? 
2022-03-18 12:02:51.001 DEBUG [acme.framework.components.database.DatabaseUtil@main] Persisting entity UserRole(userAccount=UserAccount(username=administrator)) 
2022-03-18 12:02:51.001 DEBUG [acme.framework.components.database.DatabaseUtil@main] Committing transaction '1165547092'. 
2022-03-18 12:02:51.038 DEBUG [org.hibernate.SQL@main] insert into user_account (version, enabled, identity, password, username, id) values (?, ?, ?, ?, ?, ?) 
2022-03-18 12:02:51.042 TRACE [org.hibernate.type.descriptor.sql.BasicBinder@main] binding parameter [1] as [INTEGER] - [0] 
2022-03-18 12:02:51.043 TRACE [org.hibernate.type.descriptor.sql.BasicBinder@main] binding parameter [2] as [BOOLEAN] - [false] 
2022-03-18 12:02:51.043 TRACE [org.hibernate.type.descriptor.sql.BasicBinder@main] binding parameter [3] as [BLOB] - [DefaultUserIdentity(name=John, surname=Doe, email=john.doe@acme.com)] 
2022-03-18 12:02:51.046 TRACE [org.hibernate.type.descriptor.sql.BasicBinder@main] binding parameter [4] as [VARCHAR] - [$2a$05$MT6SuaLaK6CM11Vwfa.swezukJotzgMKGtk/Fn9lt4.RcZbABoE.q] 
2022-03-18 12:02:51.046 TRACE [org.hibernate.type.descriptor.sql.BasicBinder@main] binding parameter [5] as [VARCHAR] - [anonymous] 
2022-03-18 12:02:51.047 TRACE [org.hibernate.type.descriptor.sql.BasicBinder@main] binding parameter [6] as [INTEGER] - [1] 
2022-03-18 12:02:51.054 DEBUG [org.hibernate.SQL@main] insert into user_account (version, enabled, identity, password, username, id) values (?, ?, ?, ?, ?, ?) 
2022-03-18 12:02:51.054 TRACE [org.hibernate.type.descriptor.sql.BasicBinder@main] binding parameter [1] as [INTEGER] - [0] 
2022-03-18 12:02:51.055 TRACE [org.hibernate.type.descriptor.sql.BasicBinder@main] binding parameter [2] as [BOOLEAN] - [true] 
2022-03-18 12:02:51.055 TRACE [org.hibernate.type.descriptor.sql.BasicBinder@main] binding parameter [3] as [BLOB] - [DefaultUserIdentity(name=Administrator, surname=Acme, email=administrator@acme.com)] 
2022-03-18 12:02:51.055 TRACE [org.hibernate.type.descriptor.sql.BasicBinder@main] binding parameter [4] as [VARCHAR] - [$2a$05$84nmq5Bdc827CPloIqX9sOO5iOLsaJw0gCGWpTDeIjI.UgXjlf146] 
2022-03-18 12:02:51.056 TRACE [org.hibernate.type.descriptor.sql.BasicBinder@main] binding parameter [5] as [VARCHAR] - [administrator] 
2022-03-18 12:02:51.056 TRACE [org.hibernate.type.descriptor.sql.BasicBinder@main] binding parameter [6] as [INTEGER] - [2] 
2022-03-18 12:02:51.057 DEBUG [org.hibernate.SQL@main] insert into administrator (version, user_account_id, id) values (?, ?, ?) 
2022-03-18 12:02:51.058 TRACE [org.hibernate.type.descriptor.sql.BasicBinder@main] binding parameter [1] as [INTEGER] - [0] 
2022-03-18 12:02:51.058 TRACE [org.hibernate.type.descriptor.sql.BasicBinder@main] binding parameter [2] as [INTEGER] - [2] 
2022-03-18 12:02:51.058 TRACE [org.hibernate.type.descriptor.sql.BasicBinder@main] binding parameter [3] as [INTEGER] - [3] 
2022-03-18 12:02:51.062 DEBUG [org.hibernate.SQL@main] insert into system_configuration (version, accepted_currencies, strong_spam_threshold, strong_spam_words, system_currency, weak_spam_threshold, weak_spam_words, id) values (?, ?, ?, ?, ?, ?, ?, ?) 
2022-03-18 12:02:51.063 TRACE [org.hibernate.type.descriptor.sql.BasicBinder@main] binding parameter [1] as [INTEGER] - [0] 
2022-03-18 12:02:51.063 TRACE [org.hibernate.type.descriptor.sql.BasicBinder@main] binding parameter [2] as [VARCHAR] - [EUR] 
2022-03-18 12:02:51.065 TRACE [org.hibernate.type.descriptor.sql.BasicBinder@main] binding parameter [3] as [DOUBLE] - [10.0] 
2022-03-18 12:02:51.065 TRACE [org.hibernate.type.descriptor.sql.BasicBinder@main] binding parameter [4] as [VARCHAR] - [sex, sexo, hard core, viagra, cialis] 
2022-03-18 12:02:51.065 TRACE [org.hibernate.type.descriptor.sql.BasicBinder@main] binding parameter [5] as [VARCHAR] - [EUR, USD, GBP] 
2022-03-18 12:02:51.065 TRACE [org.hibernate.type.descriptor.sql.BasicBinder@main] binding parameter [6] as [DOUBLE] - [25.0] 
2022-03-18 12:02:51.065 TRACE [org.hibernate.type.descriptor.sql.BasicBinder@main] binding parameter [7] as [VARCHAR] - [sexy, nigeria, you've won, has ganado, one million, un millón] 
2022-03-18 12:02:51.066 TRACE [org.hibernate.type.descriptor.sql.BasicBinder@main] binding parameter [8] as [INTEGER] - [4] 
2022-03-18 12:02:51.069 DEBUG [org.hibernate.SQL@main] insert into anonymous (version, user_account_id, id) values (?, ?, ?) 
2022-03-18 12:02:51.070 TRACE [org.hibernate.type.descriptor.sql.BasicBinder@main] binding parameter [1] as [INTEGER] - [0] 
2022-03-18 12:02:51.070 TRACE [org.hibernate.type.descriptor.sql.BasicBinder@main] binding parameter [2] as [INTEGER] - [1] 
2022-03-18 12:02:51.070 TRACE [org.hibernate.type.descriptor.sql.BasicBinder@main] binding parameter [3] as [INTEGER] - [5] 
2022-03-18 12:02:51.074 DEBUG [org.hibernate.SQL@main] insert into authenticated (version, user_account_id, id) values (?, ?, ?) 
2022-03-18 12:02:51.074 TRACE [org.hibernate.type.descriptor.sql.BasicBinder@main] binding parameter [1] as [INTEGER] - [0] 
2022-03-18 12:02:51.074 TRACE [org.hibernate.type.descriptor.sql.BasicBinder@main] binding parameter [2] as [INTEGER] - [2] 
2022-03-18 12:02:51.075 TRACE [org.hibernate.type.descriptor.sql.BasicBinder@main] binding parameter [3] as [INTEGER] - [6] 
2022-03-18 12:02:52.305 INFO  [acme.framework.configuration.ShutdownConfiguration@main] The system is shutting down... 
2022-03-18 12:02:52.331 DEBUG [acme.Launcher@main] Exit code = 0 
